*----------------------------------------------------------------------------------------
*	Innovus 17.11-s080_1 (64bit) 08/04/2017 11:13 (Linux 2.6.18-194.el5)
*	
*
* 	Date & Time:	2021-Nov-20 18:57:23 (2021-Nov-20 17:57:23 GMT)
*
*----------------------------------------------------------------------------------------
*
*	Design: iir_filter
*
*	Liberty Libraries used: 
*	        MyAnView: /home/isa18_2021_2022/github/isa/lab1/iir_lookahead_optimized/innovus/iir_filter.enc.dat/libs/mmmc/NangateOpenCellLibrary_typical_ecsm_nowlm.lib
*
*	Power Domain used: 
*		Rail:        VDD 	Voltage:        1.1 
*
*       Power View : MyAnView
*
*       User-Defined Activity : N.A.
*
*	Switching Activity File used: 
*	        ../vcd/iir_filter_postplace.vcd
*			Vcd Window used(Start Time, Stop Time):(1.35081e-27, 1.35066e-27) 
*                     Vcd Scale Factor: 1 
**                    Design annotation coverage: 0/1458 = 0% 
*
*       Hierarchical Global Activity: N.A.
*
*       Global Activity: N.A.
*
*       Sequential Element Activity: N.A.
*
*       Primary Input Activity: 0.200000
*
*       Default icg ratio: N.A.
*
*       Global Comb ClockGate Ratio: N.A.
*
*	Power Units = 1mW
*
*	Time Units = 1e-09 secs 
*
*       Temperature = 25 
*
*       report_power -outfile .//iir_filter.rpt -rail_analysis_format VS
*
-----------------------------------------------------------------------------------------
Cell                            Internal   Switching       Total     Leakage   Cell
                                   Power       Power       Power       Power   Name
--------------------------------------------------------------------------------------
reg_4_Q_reg_3_                  0.002063    0.003655    0.005804   8.565e-05  DFFR_X1
reg_4_Q_reg_7_                  0.001938    0.002711    0.004734   8.565e-05  DFFR_X1
reg_4_Q_reg_5_                  0.002075    0.002189     0.00435   8.565e-05  DFFR_X1
mult_51_U19                     0.002061    0.001455    0.003587   7.027e-05  FA_X1
FE_OFC2_q_reg4_1               0.0002935    0.003255    0.003571   2.181e-05  BUF_X1
reg_p2_a_Q_reg_1_               0.001811    0.001668    0.003564   8.561e-05  DFFR_X1
mult_50_U17                     0.002071    0.001413    0.003559   7.502e-05  FA_X1
mult_51_U17                      0.00207    0.001404    0.003549   7.502e-05  FA_X1
mult_50_U24                     0.002072    0.001384    0.003526   7.086e-05  FA_X1
mult_50_U21                     0.002068    0.001383    0.003524   7.364e-05  FA_X1
mult_51_U21                     0.002068     0.00138    0.003522   7.364e-05  FA_X1
mult_51_U24                     0.002072    0.001375    0.003517   7.086e-05  FA_X1
reg_dout_Q_reg_3_               0.002084    0.001335    0.003505   8.565e-05  DFFR_X1
mult_55_U17                     0.002071    0.001352    0.003498   7.499e-05  FA_X1
mult_50_U19                     0.002059    0.001362    0.003491   7.027e-05  FA_X1
reg_dout_Q_reg_2_               0.002076    0.001328    0.003489   8.565e-05  DFFR_X1
reg_dout_Q_reg_1_               0.002053    0.001348    0.003487   8.564e-05  DFFR_X1
reg_dout_Q_reg_4_               0.002085    0.001308    0.003479   8.565e-05  DFFR_X1
mult_55_U24                     0.002071    0.001335    0.003477   7.085e-05  FA_X1
reg_dout_Q_reg_5_               0.002085    0.001299    0.003469   8.565e-05  DFFR_X1
add_0_root_add_0_root_add_53_2_U1_5   0.002051    0.001339    0.003463   7.272e-05  FA_X1
reg_4_Q_reg_4_                  0.002069    0.001306     0.00346   8.565e-05  DFFR_X1
mult_55_U19                      0.00206     0.00133     0.00346   7.024e-05  FA_X1
mult_55_U21                     0.002068     0.00131    0.003451   7.362e-05  FA_X1
reg_p2_a_Q_reg_5_               0.002072     0.00129    0.003447   8.565e-05  DFFR_X1
reg_dout_Q_reg_6_               0.002085    0.001273    0.003444   8.565e-05  DFFR_X1
mult_51_U16                     0.002016    0.001337    0.003423    7.03e-05  FA_X1
reg_dout_Q_reg_7_               0.002084    0.001246    0.003416   8.565e-05  DFFR_X1
mult_55_U16                     0.002015    0.001321    0.003406   7.028e-05  FA_X1
mult_50_U16                     0.002014     0.00132    0.003404       7e-05  FA_X1
reg_dout_Q_reg_0_               0.002018    0.001286     0.00339   8.564e-05  DFFR_X1
add_1_root_add_0_root_add_58_2_U1_4   0.001936    0.001376    0.003382   7.009e-05  FA_X1
mult_51_U22                     0.002011    0.001295    0.003376       7e-05  FA_X1
add_1_root_add_0_root_add_58_2_U1_5   0.001957    0.001349    0.003376   7.018e-05  FA_X1
reg_p2_a_Q_reg_7_               0.001936    0.001343    0.003364   8.565e-05  DFFR_X1
add_1_root_add_0_root_add_58_2_U1_6   0.001968    0.001324    0.003362   7.032e-05  FA_X1
mult_50_U22                      0.00201    0.001254    0.003334       7e-05  FA_X1
mult_51_U25                     0.002014    0.001233    0.003318   7.057e-05  FA_X1
mult_50_U25                     0.002012    0.001228    0.003311   7.057e-05  FA_X1
mult_55_U25                     0.001932    0.001277     0.00328   7.057e-05  FA_X1
mult_55_U22                     0.002009    0.001173    0.003252   6.998e-05  FA_X1
mult_50_U28                      0.00192    0.001256    0.003238   6.172e-05  FA_X1
mult_51_U28                      0.00192    0.001247    0.003229   6.172e-05  FA_X1
mult_51_U20                      0.00201    0.001149    0.003228   6.998e-05  FA_X1
add_0_root_add_0_root_add_53_2_U1_4   0.001928    0.001219     0.00322   7.259e-05  FA_X1
mult_51_U9                      0.002072    0.001074    0.003213   6.708e-05  FA_X1
mult_50_U9                      0.002071    0.001036    0.003174   6.708e-05  FA_X1
mult_55_U30                      0.00203    0.001075    0.003172   6.663e-05  FA_X1
add_1_root_add_0_root_add_58_2_U1_3   0.001844    0.001226     0.00314   6.989e-05  FA_X1
mult_50_U20                     0.002008    0.001044    0.003122   6.998e-05  FA_X1
mult_51_U30                     0.002046    0.001005    0.003118   6.663e-05  FA_X1
mult_55_U28                      0.00183    0.001213    0.003104   6.172e-05  FA_X1
mult_51_U146                   0.0001483    0.002925    0.003088   1.426e-05  INV_X1
mult_50_U30                     0.002045   0.0009626    0.003074   6.663e-05  FA_X1
mult_56_U17                     0.001773    0.001224    0.003071   7.492e-05  FA_X1
add_1_root_add_0_root_add_53_2_U1_6   0.001914    0.001085    0.003069   7.035e-05  FA_X1
FE_DBTC1_q_reg4_5              0.0001387    0.002914    0.003066   1.362e-05  INV_X1
mult_56_U9                      0.002067   0.0009321    0.003065   6.629e-05  FA_X1
mult_57_U7                      0.002038   0.0009513     0.00306   7.094e-05  FA_X1
mult_57_U6                      0.002056   0.0009296    0.003058   7.269e-05  FA_X1
mult_51_U8                      0.002055    0.000932    0.003053   6.557e-05  FA_X1
mult_51_U5                      0.002057   0.0009163    0.003046   7.227e-05  FA_X1
mult_51_U4                      0.002058   0.0008998    0.003032   7.408e-05  FA_X1
reg_4_Q_reg_6_                  0.001846      0.0011    0.003032   8.565e-05  DFFR_X1
mult_50_U7                      0.002061   0.0008917    0.003024   7.112e-05  FA_X1
mult_50_U5                      0.002057   0.0008881    0.003017   7.226e-05  FA_X1
mult_56_U24                     0.001772    0.001173    0.003016   7.073e-05  FA_X1
mult_55_U9                      0.002068   0.0008787    0.003014   6.708e-05  FA_X1
add_0_root_add_0_root_add_58_2_U1_4   0.002057   0.0008833    0.003013   7.255e-05  FA_X1
mult_56_U7                      0.002059   0.0008817    0.003012   7.099e-05  FA_X1
mult_55_U8                      0.002053   0.0008901    0.003009   6.556e-05  FA_X1
mult_50_U8                      0.002054   0.0008836    0.003003   6.557e-05  FA_X1
mult_56_U19                     0.001761    0.001171    0.003002   6.996e-05  FA_X1
mult_55_U5                      0.002055    0.000875    0.003002   7.224e-05  FA_X1
mult_56_U21                     0.001768    0.001158    0.002999   7.315e-05  FA_X1
mult_51_U6                      0.002057   0.0008681    0.002999   7.319e-05  FA_X1
mult_51_U7                      0.002059   0.0008583    0.002988   7.112e-05  FA_X1
add_0_root_add_0_root_add_58_2_U1_5   0.002056   0.0008567    0.002985   7.267e-05  FA_X1
mult_55_U7                       0.00206   0.0008527    0.002984   7.112e-05  FA_X1
add_1_root_add_0_root_add_53_2_U1_5   0.001846    0.001063    0.002979   7.019e-05  FA_X1
mult_56_U4                      0.002053   0.0008512    0.002979   7.399e-05  FA_X1
mult_57_U4                      0.002051   0.0008528    0.002978   7.395e-05  FA_X1
mult_55_U6                      0.002058   0.0008447    0.002976   7.317e-05  FA_X1
mult_56_U6                      0.002056   0.0008458    0.002975   7.286e-05  FA_X1
mult_50_U6                      0.002057   0.0008425    0.002973   7.318e-05  FA_X1
mult_50_U4                      0.002056    0.000841    0.002971     7.4e-05  FA_X1
mult_55_U4                      0.002057   0.0008402    0.002971   7.406e-05  FA_X1
mult_55_U20                     0.001927   0.0009729     0.00297   6.998e-05  FA_X1
mult_57_U5                       0.00205   0.0008447    0.002966   7.195e-05  FA_X1
add_0_root_add_0_root_add_53_2_U1_3   0.001701    0.001192    0.002966    7.24e-05  FA_X1
mult_56_U8                      0.002048   0.0008505    0.002963   6.501e-05  FA_X1
mult_56_U5                      0.002053   0.0008362    0.002961   7.206e-05  FA_X1
add_0_root_add_0_root_add_58_2_U1_3   0.002054   0.0008208    0.002947    7.23e-05  FA_X1
add_0_root_add_0_root_add_58_2_U1_6   0.002055   0.0008088    0.002936   7.277e-05  FA_X1
mult_55_U3                      0.002059   0.0007694    0.002905   7.693e-05  FA_X1
add_0_root_add_0_root_add_58_2_U1_2   0.002008   0.0008183    0.002898   7.182e-05  FA_X1
mult_56_U3                      0.002056   0.0007648    0.002897   7.694e-05  FA_X1
mult_57_U3                      0.002053   0.0007668    0.002897   7.694e-05  FA_X1
mult_50_U3                      0.002057   0.0007566     0.00289   7.658e-05  FA_X1
reg_p2_b_Q_reg_3_                0.00165    0.001149    0.002884    8.53e-05  DFFR_X1
add_1_root_add_0_root_add_58_2_U1_7   0.001963    0.000832    0.002866   7.023e-05  FA_X1
mult_51_U3                      0.002055   0.0007263    0.002859   7.693e-05  FA_X1
reg_p2_a_Q_reg_3_               0.001609    0.001118    0.002813   8.561e-05  DFFR_X1
add_1_root_add_0_root_add_53_2_U1_4   0.001704   0.0009672    0.002742   7.013e-05  FA_X1
mult_57_U8                      0.001785   0.0008919    0.002742   6.471e-05  FA_X1
reg_4_Q_reg_2_                  0.001583    0.001071     0.00274   8.561e-05  DFFR_X1
reg_p3_a_Q_reg_3_               0.002071   0.0005758    0.002733   8.565e-05  DFFR_X1
reg_2_Q_reg_1_                   0.00207   0.0005639    0.002719   8.564e-05  DFFR_X1
reg_p3_a_Q_reg_7_               0.002071   0.0005577    0.002715   8.564e-05  DFFR_X1
mult_50_U29                     0.001657   0.0009869    0.002708    6.39e-05  FA_X1
reg_3_Q_reg_1_                   0.00207   0.0005509    0.002706   8.564e-05  DFFR_X1
reg_p3_a_Q_reg_1_               0.002068   0.0005513    0.002705   8.564e-05  DFFR_X1
reg_2_Q_reg_2_                  0.002056     0.00056    0.002702   8.565e-05  DFFR_X1
reg_p3_a_Q_reg_4_                0.00207   0.0005463    0.002702   8.565e-05  DFFR_X1
mult_51_U29                     0.001657   0.0009795      0.0027    6.39e-05  FA_X1
reg_2_Q_reg_0_                  0.002066   0.0005475    0.002699   8.564e-05  DFFR_X1
reg_p3_c_Q_reg_4_               0.002068   0.0005434    0.002697   8.565e-05  DFFR_X1
reg_p3_a_Q_reg_5_                0.00207   0.0005405    0.002696   8.565e-05  DFFR_X1
reg_p3_b_Q_reg_5_                0.00207   0.0005349     0.00269   8.565e-05  DFFR_X1
reg_p3_b_Q_reg_4_                0.00207   0.0005292    0.002684   8.565e-05  DFFR_X1
add_1_root_add_0_root_add_58_2_U1_2   0.001596    0.001019    0.002684   6.951e-05  FA_X1
reg_p3_b_Q_reg_7_               0.002057   0.0005419    0.002684   8.564e-05  DFFR_X1
reg_p3_b_Q_reg_3_                0.00207   0.0005288    0.002684   8.565e-05  DFFR_X1
reg_p3_b_Q_reg_6_               0.002067    0.000531    0.002684   8.566e-05  DFFR_X1
reg_p3_a_Q_reg_6_               0.002058   0.0005359     0.00268   8.566e-05  DFFR_X1
reg_p3_b_Q_reg_2_               0.002065   0.0005289    0.002679   8.565e-05  DFFR_X1
reg_p3_a_Q_reg_0_               0.002062   0.0005289    0.002677   8.564e-05  DFFR_X1
reg_p3_c_Q_reg_6_               0.002066   0.0005222    0.002674   8.566e-05  DFFR_X1
reg_3_Q_reg_0_                  0.002065   0.0005231    0.002674   8.564e-05  DFFR_X1
reg_p3_b_Q_reg_1_               0.002064   0.0005213    0.002671   8.564e-05  DFFR_X1
reg_p3_a_Q_reg_2_               0.002069   0.0005148     0.00267   8.565e-05  DFFR_X1
reg_2_Q_reg_3_                  0.002055   0.0005279    0.002669   8.565e-05  DFFR_X1
reg_p3_c_Q_reg_3_               0.002065   0.0005182    0.002669   8.565e-05  DFFR_X1
reg_3_Q_reg_4_                  0.002067   0.0005136    0.002667   8.565e-05  DFFR_X1
reg_3_Q_reg_5_                  0.002067   0.0005127    0.002666   8.565e-05  DFFR_X1
reg_p3_b_Q_reg_0_                0.00206   0.0005202    0.002666   8.563e-05  DFFR_X1
reg_p3_c_Q_reg_1_               0.002055   0.0005241    0.002665   8.564e-05  DFFR_X1
reg_3_Q_reg_3_                  0.002067   0.0005114    0.002664   8.565e-05  DFFR_X1
reg_2_Q_reg_4_                  0.002068   0.0005096    0.002663   8.561e-05  DFFR_X1
reg_p3_c_Q_reg_2_               0.002059   0.0005151    0.002659   8.565e-05  DFFR_X1
add_52_U1_6                     0.001824   0.0007633    0.002657   7.049e-05  FA_X1
reg_3_Q_reg_6_                  0.002058   0.0005074    0.002652   8.566e-05  DFFR_X1
reg_2_Q_reg_5_                  0.002067   0.0004984    0.002651   8.565e-05  DFFR_X1
reg_3_Q_reg_2_                  0.002067   0.0004977    0.002651   8.565e-05  DFFR_X1
reg_2_Q_reg_6_                  0.002066    0.000496    0.002648   8.566e-05  DFFR_X1
reg_p3_c_Q_reg_0_               0.002033   0.0005275    0.002647   8.563e-05  DFFR_X1
reg_3_Q_reg_7_                  0.002067   0.0004901    0.002643   8.565e-05  DFFR_X1
reg_p2_b_Q_reg_1_                0.00146    0.001094    0.002639    8.53e-05  DFFR_X1
reg_p3_c_Q_reg_7_               0.002055   0.0004952    0.002636   8.564e-05  DFFR_X1
reg_p3_c_Q_reg_5_               0.002068   0.0004811    0.002635   8.565e-05  DFFR_X1
add_1_root_add_0_root_add_53_2_U1_7   0.001917   0.0006432    0.002631   7.027e-05  FA_X1
reg_p2_b_Q_reg_5_               0.001663   0.0008778    0.002626    8.53e-05  DFFR_X1
mult_50_U236                   0.0005083     0.00208    0.002625   3.744e-05  XNOR2_X1
reg_2_Q_reg_7_                  0.002053   0.0004844    0.002624   8.564e-05  DFFR_X1
reg_1_Q_reg_6_                     0.002   0.0005129    0.002599    8.56e-05  DFFR_X1
mult_51_U32                     0.001675   0.0008493    0.002589   6.385e-05  FA_X1
mult_50_U32                     0.001675   0.0008404    0.002579   6.385e-05  FA_X1
reg_p2_b_Q_reg_7_               0.001565   0.0009276    0.002578    8.53e-05  DFFR_X1
reg_1_Q_reg_7_                  0.001969   0.0004956     0.00255    8.56e-05  DFFR_X1
mult_51_U236                   0.0005086    0.001999    0.002545   3.744e-05  XNOR2_X1
reg_1_Q_reg_5_                   0.00195   0.0005079    0.002544   8.559e-05  DFFR_X1
add_52_U1_5                     0.001756   0.0007168    0.002543   7.019e-05  FA_X1
mult_57_U9                      0.001616   0.0008463    0.002528   6.585e-05  FA_X1
mult_56_U28                     0.001467   0.0009814     0.00251   6.128e-05  FA_X1
mult_55_U29                      0.00149    0.000912    0.002466   6.385e-05  FA_X1
reg_4_Q_reg_0_                  0.001709   0.0006709    0.002465    8.56e-05  DFFR_X1
add_0_root_add_0_root_add_53_2_U1_6   0.001424   0.0009671    0.002463   7.276e-05  FA_X1
reg_p2_a_Q_reg_6_               0.001836   0.0005202    0.002442   8.565e-05  DFFR_X1
mult_56_U16                     0.001411   0.0009555    0.002437   6.999e-05  FA_X1
add_0_root_add_0_root_add_58_2_U1_7   0.002046   0.0003123    0.002431   7.275e-05  FA_X1
reg_1_Q_reg_4_                  0.001872    0.000471    0.002428   8.559e-05  DFFR_X1
mult_56_U30                     0.001608   0.0007412    0.002415    6.58e-05  FA_X1
add_52_U1_4                     0.001634   0.0006888    0.002393   7.009e-05  FA_X1
add_1_root_add_0_root_add_53_2_U1_3   0.001477   0.0008428     0.00239   7.001e-05  FA_X1
add_0_root_add_0_root_add_53_2_U1_2   0.001437   0.0008805     0.00239   7.185e-05  FA_X1
reg_p2_c_Q_reg_3_                0.00143   0.0008673    0.002382   8.511e-05  DFFR_X1
add_0_root_add_0_root_add_58_2_U1_1   0.001607     0.00068    0.002358   7.087e-05  FA_X1
FE_DBTC2_q_reg4_3               0.000161    0.002182    0.002356   1.362e-05  INV_X1
mult_57_U17                     0.001342   0.0009129     0.00233   7.488e-05  FA_X1
mult_56_U25                      0.00141   0.0008479    0.002328    7.04e-05  FA_X1
mult_56_U22                     0.001406   0.0008331    0.002309    6.97e-05  FA_X1
mult_57_U24                     0.001343   0.0008889    0.002302   7.067e-05  FA_X1
mult_57_U19                     0.001334   0.0008947    0.002298   6.978e-05  FA_X1
mult_57_U21                     0.001339   0.0008764    0.002288   7.286e-05  FA_X1
reg_p2_c_Q_reg_1_               0.001311   0.0008922    0.002288   8.511e-05  DFFR_X1
reg_1_Q_reg_3_                  0.001763   0.0004298    0.002278   8.559e-05  DFFR_X1
reg_p1_b_Q_reg_5_               0.001763   0.0004142    0.002263   8.561e-05  DFFR_X1
reg_4_Q_reg_1_                  0.001794   0.0003587    0.002238   8.561e-05  DFFR_X1
add_52_U1_3                     0.001476   0.0006806    0.002226    6.99e-05  FA_X1
mult_55_U32                     0.001443   0.0007192    0.002226   6.385e-05  FA_X1
reg_p1_b_Q_reg_4_               0.001703   0.0004199    0.002209   8.561e-05  DFFR_X1
add_0_root_add_0_root_add_53_2_U1_7   0.001513   0.0006198    0.002206   7.291e-05  FA_X1
reg_p2_c_Q_reg_5_               0.001438     0.00068    0.002203   8.511e-05  DFFR_X1
add_1_root_add_0_root_add_58_2_U1_1   0.001299   0.0008305    0.002198   6.869e-05  FA_X1
add_0_root_add_0_root_add_53_2_U1_1   0.001347   0.0007762    0.002194   7.088e-05  FA_X1
reg_p1_b_Q_reg_6_               0.001693   0.0004053    0.002184   8.568e-05  DFFR_X1
add_52_U1_7                     0.001799    0.000314    0.002183    7.04e-05  FA_X1
mult_51_U31                     0.001295   0.0008319    0.002183   5.594e-05  HA_X1
FE_DBTC0_q_reg4_7              0.0001338    0.002035    0.002183   1.362e-05  INV_X1
mult_56_U20                     0.001406   0.0006986    0.002174    6.97e-05  FA_X1
reg_p2_a_Q_reg_4_                0.00166   0.0004283    0.002174   8.561e-05  DFFR_X1
reg_p2_b_Q_reg_4_               0.001645   0.0004183    0.002149    8.53e-05  DFFR_X1
reg_p2_c_Q_reg_7_               0.001376   0.0006732    0.002134   8.511e-05  DFFR_X1
reg_1_Q_reg_1_                  0.001625    0.000394    0.002105   8.558e-05  DFFR_X1
mult_50_U31                     0.001295   0.0007409    0.002092   5.594e-05  HA_X1
reg_1_Q_reg_2_                  0.001624   0.0003697    0.002079   8.559e-05  DFFR_X1
add_1_root_add_0_root_add_53_2_U1_2   0.001249   0.0007533    0.002072   6.947e-05  FA_X1
reg_p2_a_Q_reg_2_               0.001573   0.0004028    0.002062   8.561e-05  DFFR_X1
add_1_root_add_0_root_add_53_2_U1_1   0.001209   0.0007648    0.002042   6.867e-05  FA_X1
reg_p2_a_Q_reg_0_               0.001697    0.000254    0.002037    8.56e-05  DFFR_X1
reg_p1_b_Q_reg_3_               0.001563   0.0003809    0.002029   8.561e-05  DFFR_X1
mult_51_U230                   0.0004251    0.001543    0.002006   3.744e-05  XNOR2_X1
mult_55_U31                     0.001229    0.000718    0.002002   5.594e-05  HA_X1
mult_50_U230                   0.0004252    0.001527     0.00199   3.744e-05  XNOR2_X1
mult_55_U231                   0.0004067     0.00154    0.001984   3.744e-05  XNOR2_X1
reg_p2_b_Q_reg_6_               0.001513   0.0003844    0.001983    8.53e-05  DFFR_X1
mult_50_U234                   0.0002763    0.001679    0.001973   1.708e-05  NAND2_X1
reg_1_Q_reg_0_                  0.001554   0.0003254    0.001965   8.557e-05  DFFR_X1
reg_5_Q_reg_5_                   0.00165   0.0002271    0.001962    8.53e-05  DFFR_X1
reg_5_Q_reg_4_                   0.00164   0.0002221    0.001948    8.53e-05  DFFR_X1
mult_50_U33                     0.001264   0.0006207    0.001939   5.497e-05  HA_X1
mult_56_U29                     0.001182   0.0006938    0.001939   6.305e-05  FA_X1
reg_5_Q_reg_3_                  0.001634   0.0002164    0.001936    8.53e-05  DFFR_X1
mult_51_U234                   0.0002781     0.00162    0.001916   1.708e-05  NAND2_X1
mult_51_U33                     0.001263   0.0005917     0.00191   5.497e-05  HA_X1
reg_p1_b_Q_reg_7_                0.00147   0.0003465    0.001902   8.568e-05  DFFR_X1
mult_57_U28                     0.001102   0.0007272    0.001891   6.103e-05  FA_X1
mult_57_U16                     0.001069   0.0007346    0.001874   6.981e-05  FA_X1
reg_p1_b_Q_reg_2_                0.00145    0.000334     0.00187   8.561e-05  DFFR_X1
add_52_U1_2                     0.001264   0.0005246    0.001859   6.952e-05  FA_X1
FE_DBTC3_q_reg4_0              0.0001022     0.00174    0.001856   1.362e-05  INV_X1
mult_55_U147                   0.0001715    0.001663    0.001849   1.423e-05  INV_X1
reg_5_Q_reg_7_                  0.001551    0.000208    0.001845    8.53e-05  DFFR_X1
mult_56_U32                      0.00118   0.0005996    0.001843   6.305e-05  FA_X1
mult_57_U30                     0.001217   0.0005591    0.001841   6.535e-05  FA_X1
reg_p2_c_Q_reg_4_               0.001426   0.0003222    0.001833   8.511e-05  DFFR_X1
FE_OFC6_vin                    0.0001694     0.00162    0.001833   4.306e-05  BUF_X2
mult_55_U159                   0.0003448    0.001436    0.001818   3.744e-05  XNOR2_X1
mult_57_U25                     0.001067   0.0006718     0.00181   7.027e-05  FA_X1
reg_p1_b_Q_reg_1_                0.00141   0.0003133    0.001808   8.561e-05  DFFR_X1
reg_5_Q_reg_6_                  0.001509   0.0002139    0.001808    8.53e-05  DFFR_X1
mult_57_U22                     0.001065   0.0006339    0.001768   6.952e-05  FA_X1
reg_p2_b_Q_reg_2_               0.001364   0.0003006     0.00175    8.53e-05  DFFR_X1
FE_OFC4_rst_n                  0.0001601    0.001543    0.001746   4.306e-05  BUF_X2
mult_56_U159                   0.0003312    0.001375    0.001744   3.779e-05  XNOR2_X1
reg_p2_c_Q_reg_6_               0.001343   0.0002813    0.001709   8.511e-05  DFFR_X1
reg_5_Q_reg_1_                  0.001446   0.0001761    0.001708    8.53e-05  DFFR_X1
mult_57_U20                     0.001065   0.0005664    0.001701   6.952e-05  FA_X1
ff_1_Q_reg                     0.0008106   0.0007848    0.001682   8.621e-05  DFFR_X1
add_52_U1_1                     0.001154   0.0004547    0.001677   6.872e-05  FA_X1
reg_5_Q_reg_0_                  0.001407    0.000179    0.001671    8.53e-05  DFFR_X1
ff_2_Q_reg                     0.0008108    0.000772    0.001669   8.621e-05  DFFR_X1
reg_p1_b_Q_reg_0_               0.001316   0.0002657    0.001667   8.561e-05  DFFR_X1
reg_p2_b_Q_reg_0_               0.001408   0.0001741    0.001667    8.53e-05  DFFR_X1
mult_55_U235                    0.000234    0.001404    0.001655   1.708e-05  NAND2_X1
mult_55_U33                      0.00109   0.0005092    0.001655   5.497e-05  HA_X1
reg_5_Q_reg_2_                   0.00136   0.0001633    0.001609    8.53e-05  DFFR_X1
mult_50_U228                    0.000255    0.001323    0.001595   1.708e-05  NAND2_X1
mult_51_U228                   0.0002554     0.00132    0.001592   1.708e-05  NAND2_X1
reg_p2_c_Q_reg_2_               0.001249   0.0002537    0.001588   8.511e-05  DFFR_X1
mult_56_U31                    0.0008971   0.0006163    0.001569   5.569e-05  HA_X1
mult_55_U160                   0.0001377    0.001394    0.001546   1.362e-05  INV_X1
mult_55_U168                   0.0008206   0.0006434    0.001529   6.543e-05  OAI222_X1
mult_57_U29                       0.0009     0.00055    0.001513   6.262e-05  FA_X1
reg_p2_c_Q_reg_0_               0.001276   0.0001451    0.001506   8.511e-05  DFFR_X1
mult_49_U3                     0.0009889   0.0004134    0.001477    7.44e-05  FA_X1
mult_51_U167                   0.0008151   0.0005881    0.001469   6.543e-05  OAI222_X1
mult_55_U220                   0.0007795   0.0006367    0.001449   3.281e-05  XOR2_X1
mult_49_U4                     0.0009814   0.0003896    0.001444   7.321e-05  FA_X1
mult_57_U32                    0.0008983    0.000479     0.00144   6.262e-05  FA_X1
mult_50_U167                   0.0008161    0.000552    0.001433   6.543e-05  OAI222_X1
mult_55_U240                   0.0002405    0.001173    0.001431   1.708e-05  NAND2_X1
mult_51_U242                    0.000505   0.0008864    0.001425   3.406e-05  XOR2_X1
ff_3_Q_reg                     0.0008113   0.0005205    0.001418   8.621e-05  DFFR_X1
mult_55_U238                   0.0005506   0.0008355    0.001413   2.667e-05  AOI22_X1
mult_50_U226                   0.0005307   0.0008169    0.001383   3.523e-05  OAI22_X1
mult_51_U226                    0.000531   0.0007996    0.001366   3.523e-05  OAI22_X1
FE_OFC3_rst_n                  0.0001417    0.001181    0.001365   4.306e-05  BUF_X2
mult_50_U232                   0.0005539   0.0007701    0.001359   3.523e-05  OAI22_X1
mult_56_U147                     0.00012    0.001222    0.001356   1.407e-05  INV_X1
mult_56_U235                   0.0001908    0.001147    0.001355   1.669e-05  NAND2_X1
mult_56_U33                     0.000899   0.0003962     0.00135   5.429e-05  HA_X1
mult_51_U232                   0.0005546   0.0007577    0.001348   3.523e-05  OAI22_X1
mult_57_U159                   0.0002469    0.001057    0.001342   3.792e-05  XNOR2_X1
mult_56_U231                   0.0002689    0.001035    0.001341   3.779e-05  XNOR2_X1
mult_55_U233                   0.0005288   0.0007754    0.001339   3.523e-05  OAI22_X1
mult_50_U240                   0.0002361    0.001076    0.001329   1.706e-05  NAND2_X1
mult_57_U164                   0.0009283   0.0003608    0.001324   3.453e-05  XNOR2_X1
mult_49_U5                     0.0008689   0.0003813    0.001323   7.267e-05  FA_X1
mult_50_U219                   0.0007051   0.0005804    0.001318   3.284e-05  XOR2_X1
mult_51_U240                   0.0002362    0.001056    0.001309   1.706e-05  NAND2_X1
mult_49_U2                     0.0009205   0.0003056    0.001303   7.657e-05  FA_X1
reg_p1_a_Q_reg_1_               0.001047   0.0001695    0.001302   8.561e-05  DFFR_X1
reg_p1_a_Q_reg_3_               0.001047   0.0001684    0.001301   8.561e-05  DFFR_X1
reg_p1_a_Q_reg_0_               0.001047   0.0001684    0.001301   8.561e-05  DFFR_X1
reg_p1_a_Q_reg_4_               0.001047   0.0001656    0.001298   8.561e-05  DFFR_X1
mult_51_U219                   0.0007036   0.0005606    0.001297   3.284e-05  XOR2_X1
mult_51_U238                    0.000496   0.0007735    0.001296   2.665e-05  AOI22_X1
reg_p1_a_Q_reg_5_               0.001047   0.0001625    0.001295   8.561e-05  DFFR_X1
reg_p1_a_Q_reg_7_               0.001047   0.0001599    0.001292   8.561e-05  DFFR_X1
reg_p1_a_Q_reg_2_               0.001047   0.0001601    0.001292   8.561e-05  DFFR_X1
reg_p1_a_Q_reg_6_               0.001047   0.0001588    0.001291   8.561e-05  DFFR_X1
mult_55_U165                   0.0007617   0.0004887    0.001291   4.055e-05  XOR2_X1
mult_50_U238                   0.0004959   0.0007591    0.001282   2.665e-05  AOI22_X1
mult_55_U229                   0.0002007    0.001061    0.001279   1.708e-05  NAND2_X1
mult_50_U164                   0.0007607    0.000477    0.001278   4.049e-05  XOR2_X1
mult_56_U164                   0.0009193   0.0003214    0.001275   3.459e-05  XNOR2_X1
mult_51_U164                   0.0007588   0.0004735    0.001273   4.052e-05  XOR2_X1
mult_55_U164                   0.0009059   0.0003312    0.001272   3.468e-05  XNOR2_X1
mult_56_U165                   0.0007402   0.0004774    0.001258    4.07e-05  XOR2_X1
mult_57_U165                   0.0007253   0.0004896    0.001256    4.08e-05  XOR2_X1
add_0_root_add_0_root_add_53_2_U2  0.0007053   0.0005138    0.001253    3.42e-05  XOR2_X1
mult_50_U163                   0.0009109   0.0003048     0.00125   3.467e-05  XNOR2_X1
mult_51_U202                   0.0005557   0.0006513    0.001242   3.523e-05  OAI22_X1
mult_51_U200                   0.0005556     0.00065    0.001241   3.523e-05  OAI22_X1
mult_51_U163                   0.0009104   0.0002914    0.001236   3.469e-05  XNOR2_X1
mult_55_U242                   0.0005826   0.0006169    0.001234   3.406e-05  XOR2_X1
mult_50_U168                   0.0006406   0.0005468     0.00122     3.3e-05  AOI222_X1
mult_57_U31                    0.0006775   0.0004638    0.001197   5.553e-05  HA_X1
mult_50_U198                   0.0005553   0.0006061    0.001197   3.523e-05  OAI22_X1
mult_51_U198                   0.0005559   0.0006019    0.001193   3.523e-05  OAI22_X1
mult_51_U168                   0.0006399   0.0005172     0.00119     3.3e-05  AOI222_X1
mult_55_U227                   0.0004472   0.0006973     0.00118   3.523e-05  OAI22_X1
mult_55_U222                   0.0005358   0.0005998    0.001171   3.523e-05  OAI22_X1
mult_50_U200                   0.0005558   0.0005774    0.001168   3.523e-05  OAI22_X1
mult_51_U194                   0.0005323   0.0005882    0.001156   3.523e-05  OAI22_X1
mult_56_U168                   0.0006589   0.0004294    0.001155   6.673e-05  OAI222_X1
mult_50_U206                   0.0005561   0.0005475    0.001139   3.523e-05  OAI22_X1
ff_4_Q_reg                     0.0008103   0.0002402    0.001137   8.621e-05  DFFR_X1
mult_51_U235                   0.0005882   0.0005107    0.001133   3.406e-05  XOR2_X1
mult_55_U207                   0.0005299   0.0005664    0.001132   3.523e-05  OAI22_X1
mult_55_U205                   0.0005299   0.0005663    0.001131   3.523e-05  OAI22_X1
mult_50_U202                   0.0005561   0.0005386     0.00113   3.523e-05  OAI22_X1
mult_50_U233                   0.0005408   0.0005507     0.00113    3.81e-05  XOR2_X1
mult_51_U206                   0.0005568   0.0005339    0.001126   3.523e-05  OAI22_X1
mult_55_U211                   0.0005359   0.0005526    0.001124   3.523e-05  OAI22_X1
mult_55_U163                   0.0001272   0.0009764    0.001117   1.362e-05  INV_X1
mult_55_U216                   0.0005359   0.0005441    0.001115   3.523e-05  OAI22_X1
mult_55_U214                   0.0005359   0.0005431    0.001114   3.523e-05  OAI22_X1
mult_50_U221                   0.0004876   0.0005912    0.001114   3.514e-05  OAI22_X1
mult_51_U190                   0.0005326   0.0005402    0.001108   3.523e-05  OAI22_X1
mult_49_U6                     0.0007333   0.0003017    0.001105   6.956e-05  FA_X1
mult_50_U190                   0.0005324    0.000536    0.001104   3.523e-05  OAI22_X1
mult_51_U204                   0.0005572   0.0005103    0.001103   3.523e-05  OAI22_X1
mult_50_U194                   0.0005325   0.0005339    0.001102   3.523e-05  OAI22_X1
mult_50_U204                   0.0005565   0.0005065    0.001098   3.523e-05  OAI22_X1
mult_55_U212                   0.0005358    0.000523    0.001094   3.523e-05  OAI22_X1
mult_55_U203                   0.0005302   0.0005239    0.001089   3.523e-05  OAI22_X1
mult_56_U160                   9.634e-05   0.0009774    0.001087   1.326e-05  INV_X1
mult_50_U169                   0.0005661   0.0004501    0.001084   6.783e-05  OAI222_X1
mult_55_U221                   0.0004023   0.0006509    0.001078   2.441e-05  NAND2_X1
mult_57_U231                   0.0002089   0.0008303    0.001077   3.792e-05  XNOR2_X1
add_1_root_add_0_root_add_58_2_U2  0.0005816   0.0004511    0.001067   3.401e-05  XOR2_X1
mult_56_U229                   0.0001724   0.0008746    0.001064   1.669e-05  NAND2_X1
mult_51_U221                   0.0004876   0.0005395    0.001062   3.514e-05  OAI22_X1
mult_56_U220                   0.0005395   0.0004892    0.001061   3.261e-05  XOR2_X1
mult_55_U201                   0.0005303   0.0004939    0.001059   3.523e-05  OAI22_X1
mult_51_U169                   0.0005657   0.0004256    0.001059   6.783e-05  OAI222_X1
mult_51_U186                   0.0005325   0.0004885    0.001056   3.523e-05  OAI22_X1
add_1_root_add_0_root_add_53_2_U2  0.0005779    0.000444    0.001056   3.399e-05  XOR2_X1
mult_50_U210                   0.0004882   0.0005274    0.001051   3.514e-05  OAI22_X1
mult_55_U169                    0.000563    0.000452    0.001048     3.3e-05  AOI222_X1
mult_57_U33                    0.0006843   0.0003087    0.001047   5.395e-05  HA_X1
mult_50_U186                   0.0005323    0.000474    0.001042   3.523e-05  OAI22_X1
mult_51_U215                   0.0004881   0.0005137    0.001037   3.514e-05  OAI22_X1
mult_55_U199                   0.0005298   0.0004681    0.001033   3.523e-05  OAI22_X1
mult_56_U238                   0.0003845   0.0006219    0.001033   2.655e-05  AOI22_X1
mult_50_U211                   0.0004883   0.0004961     0.00102   3.514e-05  OAI22_X1
mult_56_U233                   0.0003844   0.0005913    0.001011   3.564e-05  OAI22_X1
mult_56_U240                   0.0001673   0.0008263     0.00101   1.669e-05  NAND2_X1
mult_50_U215                   0.0004883    0.000486    0.001009   3.514e-05  OAI22_X1
mult_51_U188                   0.0005339   0.0004321    0.001001   3.523e-05  OAI22_X1
mult_51_U192                   0.0005335   0.0004312   0.0009999   3.523e-05  OAI22_X1
mult_51_U210                   0.0004884   0.0004734   0.0009969   3.514e-05  OAI22_X1
mult_50_U188                   0.0005336    0.000428   0.0009969   3.523e-05  OAI22_X1
mult_50_U201                   0.0005434   0.0004183   0.0009959   3.423e-05  XOR2_X1
mult_51_U213                   0.0004883   0.0004724   0.0009959   3.514e-05  OAI22_X1
mult_57_U147                   9.092e-05   0.0008909   0.0009958   1.397e-05  INV_X1
mult_49_U7                     0.0006483   0.0002801   0.0009957    6.73e-05  FA_X1
mult_51_U205                   0.0005412   0.0004159   0.0009952    3.81e-05  XOR2_X1
mult_50_U196                   0.0004493   0.0005138    0.000994   3.089e-05  AOI22_X1
mult_57_U235                   0.0001455   0.0008279   0.0009899   1.645e-05  NAND2_X1
mult_51_U203                   0.0005412   0.0004097    0.000989    3.81e-05  XOR2_X1
mult_50_U184                   0.0001883   0.0007794   0.0009868    1.91e-05  NAND2_X1
mult_50_U213                   0.0004884   0.0004626   0.0009861   3.514e-05  OAI22_X1
mult_51_U211                   0.0004883   0.0004619   0.0009853   3.514e-05  OAI22_X1
mult_50_U195                   0.0005362   0.0004098   0.0009841    3.81e-05  XOR2_X1
add_0_root_add_0_root_add_58_2_U1  0.0007022   0.0002476    0.000984   3.417e-05  XOR2_X1
mult_50_U189                   0.0005653   0.0003843   0.0009838   3.423e-05  XOR2_X1
mult_51_U237                   0.0005413   0.0004008   0.0009802    3.81e-05  XOR2_X1
mult_56_U227                   0.0003767   0.0005671   0.0009794   3.564e-05  OAI22_X1
mult_51_U189                   0.0005653   0.0003778   0.0009774   3.423e-05  XOR2_X1
mult_55_U204                    0.000524   0.0004144   0.0009764    3.81e-05  XOR2_X1
mult_50_U193                   0.0005362   0.0004003   0.0009746    3.81e-05  XOR2_X1
mult_55_U162                   0.0001007     0.00086   0.0009743   1.362e-05  INV_X1
mult_51_U201                   0.0005432    0.000394   0.0009715   3.423e-05  XOR2_X1
mult_55_U195                   0.0004491   0.0004854   0.0009697   3.523e-05  OAI22_X1
mult_50_U191                   0.0005362   0.0003942   0.0009685    3.81e-05  XOR2_X1
mult_51_U184                   0.0001889   0.0007603   0.0009683    1.91e-05  NAND2_X1
mult_51_U207                   0.0005413   0.0003881   0.0009675    3.81e-05  XOR2_X1
mult_55_U191                    0.000449    0.000483   0.0009672   3.523e-05  OAI22_X1
mult_51_U227                   0.0005548   0.0003754   0.0009668    3.67e-05  XNOR2_X1
mult_50_U227                   0.0005549   0.0003744    0.000966    3.67e-05  XNOR2_X1
mult_51_U231                   0.0005361   0.0003896   0.0009637    3.81e-05  XOR2_X1
mult_51_U233                   0.0005413    0.000383   0.0009624    3.81e-05  XOR2_X1
mult_50_U207                   0.0005414   0.0003826   0.0009621    3.81e-05  XOR2_X1
mult_51_U193                   0.0005361   0.0003879   0.0009621    3.81e-05  XOR2_X1
mult_55_U202                   0.0005358   0.0003919   0.0009619   3.423e-05  XOR2_X1
mult_50_U231                   0.0005362    0.000386   0.0009602    3.81e-05  XOR2_X1
mult_51_U220                   0.0003636   0.0005706   0.0009586   2.438e-05  NAND2_X1
mult_51_U195                    0.000536   0.0003845   0.0009586    3.81e-05  XOR2_X1
mult_50_U192                   0.0005335   0.0003894   0.0009582   3.523e-05  OAI22_X1
mult_50_U237                   0.0005414   0.0003772   0.0009567    3.81e-05  XOR2_X1
mult_50_U212                   0.0004983   0.0004202   0.0009565    3.81e-05  XOR2_X1
mult_55_U208                   0.0005237   0.0003928   0.0009547    3.81e-05  XOR2_X1
mult_50_U220                    0.000365   0.0005648   0.0009542   2.438e-05  NAND2_X1
mult_50_U205                   0.0005415   0.0003739   0.0009534    3.81e-05  XOR2_X1
mult_55_U185                   0.0001583   0.0007749   0.0009523    1.91e-05  NAND2_X1
mult_51_U196                   0.0004484     0.00047   0.0009494   3.089e-05  AOI22_X1
mult_50_U203                   0.0005416   0.0003649   0.0009446    3.81e-05  XOR2_X1
mult_51_U191                    0.000536    0.000368   0.0009421    3.81e-05  XOR2_X1
mult_55_U206                   0.0005235   0.0003803   0.0009419    3.81e-05  XOR2_X1
mult_51_U222                   0.0005136   0.0003934   0.0009413   3.423e-05  XOR2_X1
mult_55_U237                   0.0005236   0.0003794   0.0009411    3.81e-05  XOR2_X1
mult_51_U243                   0.0004981   0.0004044   0.0009405    3.81e-05  XOR2_X1
mult_50_U214                   0.0004982   0.0004032   0.0009395    3.81e-05  XOR2_X1
mult_55_U234                   0.0005235   0.0003745   0.0009361    3.81e-05  XOR2_X1
mult_51_U214                   0.0004981   0.0003983   0.0009345    3.81e-05  XOR2_X1
mult_50_U243                   0.0004982    0.000397   0.0009333    3.81e-05  XOR2_X1
mult_50_U239                   0.0005153   0.0003766   0.0009262   3.423e-05  XOR2_X1
mult_51_U239                   0.0005152   0.0003766   0.0009261   3.423e-05  XOR2_X1
mult_51_U216                   0.0004981   0.0003894   0.0009255    3.81e-05  XOR2_X1
mult_51_U212                   0.0004981   0.0003889   0.0009251    3.81e-05  XOR2_X1
mult_50_U216                   0.0004981    0.000386   0.0009223    3.81e-05  XOR2_X1
mult_49_U17                    0.0005053   0.0003368   0.0009158   7.379e-05  FA_X1
mult_50_U222                   0.0005136   0.0003666   0.0009144   3.423e-05  XOR2_X1
FE_OFC1_vout_ff2               8.523e-05   0.0008035   0.0009102   2.144e-05  BUF_X1
mult_49_U20                    0.0005044   0.0003313   0.0009089   7.314e-05  FA_X1
mult_55_U182                   0.0004096   0.0004625   0.0009087   3.666e-05  OAI22_X1
mult_55_U239                   0.0005015   0.0003721   0.0009078   3.423e-05  XOR2_X1
mult_55_U213                   0.0004872   0.0003817    0.000907    3.81e-05  XOR2_X1
mult_55_U223                   0.0005001   0.0003706    0.000905   3.423e-05  XOR2_X1
FE_OFC0_vout_ff1               8.555e-05   0.0007967   0.0009037   2.144e-05  BUF_X1
mult_55_U215                   0.0004872   0.0003761   0.0009014    3.81e-05  XOR2_X1
mult_55_U144                   0.0002732    0.000613   0.0009004   1.424e-05  INV_X1
mult_51_U144                   0.0002733    0.000608   0.0008956   1.424e-05  INV_X1
mult_49_U8                     0.0005601   0.0002677   0.0008953    6.74e-05  FA_X1
mult_55_U170                   0.0004767     0.00035   0.0008945   6.782e-05  OAI222_X1
mult_55_U187                   0.0004491   0.0004081   0.0008925   3.523e-05  OAI22_X1
mult_50_U144                   0.0002732   0.0006044   0.0008918   1.424e-05  INV_X1
mult_55_U178                   0.0004092   0.0004447   0.0008906   3.666e-05  OAI22_X1
mult_51_U181                   0.0004147   0.0004385   0.0008898   3.666e-05  OAI22_X1
mult_49_U15                    0.0004758   0.0003384   0.0008862   7.192e-05  FA_X1
mult_55_U243                    0.000487     0.00036   0.0008851    3.81e-05  XOR2_X1
mult_57_U168                   0.0004836   0.0003312   0.0008822   6.743e-05  OAI222_X1
mult_51_U177                   0.0004146   0.0004288   0.0008801   3.666e-05  OAI22_X1
mult_55_U217                   0.0004869   0.0003549   0.0008799    3.81e-05  XOR2_X1
mult_56_U201                   0.0003853    0.000456   0.0008769   3.564e-05  OAI22_X1
mult_50_U181                   0.0004147   0.0004213   0.0008727   3.666e-05  OAI22_X1
mult_50_U177                   0.0004148   0.0004187   0.0008701   3.666e-05  OAI22_X1
mult_56_U242                   0.0004216   0.0004145   0.0008692   3.308e-05  XOR2_X1
FE_OFC5_vin                    7.181e-05    0.000775   0.0008683   2.144e-05  BUF_X1
mult_56_U161                    9.66e-05   0.0007582    0.000868   1.326e-05  INV_X1
mult_56_U203                   0.0003853   0.0004458   0.0008668   3.564e-05  OAI22_X1
mult_56_U207                   0.0003853   0.0004435   0.0008645   3.564e-05  OAI22_X1
mult_50_U178                    0.000477   0.0003471   0.0008609    3.67e-05  XNOR2_X1
mult_55_U193                   0.0004499   0.0003719    0.000857   3.523e-05  OAI22_X1
mult_55_U189                   0.0004499   0.0003716   0.0008567   3.523e-05  OAI22_X1
mult_50_U182                   0.0004771   0.0003424   0.0008563    3.67e-05  XNOR2_X1
mult_56_U222                   0.0003739   0.0004452   0.0008547   3.564e-05  OAI22_X1
mult_51_U180                   0.0004771   0.0003365   0.0008504    3.67e-05  XNOR2_X1
mult_55_U186                   0.0004362   0.0003772   0.0008501    3.67e-05  XNOR2_X1
mult_50_U229                   0.0006096   0.0002047   0.0008484   3.406e-05  XOR2_X1
mult_55_U183                   0.0004361   0.0003754   0.0008482    3.67e-05  XNOR2_X1
mult_57_U229                   0.0001336    0.000698   0.0008481   1.645e-05  NAND2_X1
mult_50_U179                   0.0004148   0.0003957   0.0008472   3.666e-05  OAI22_X1
mult_51_U229                   0.0006096   0.0002029   0.0008466   3.406e-05  XOR2_X1
mult_50_U145                   0.0002576   0.0005737   0.0008451   1.381e-05  INV_X1
mult_51_U182                   0.0004773   0.0003305   0.0008445    3.67e-05  XNOR2_X1
mult_51_U176                   0.0004773   0.0003303   0.0008442    3.67e-05  XNOR2_X1
mult_51_U185                   0.0004772   0.0003302   0.0008442    3.67e-05  XNOR2_X1
mult_51_U179                   0.0004148   0.0003926    0.000844   3.666e-05  OAI22_X1
add_52_U1                      0.0005719   0.0002373   0.0008432   3.405e-05  XOR2_X1
mult_55_U155                   0.0001725   0.0006521   0.0008411   1.648e-05  INV_X1
mult_50_U180                   0.0004775   0.0003261   0.0008402    3.67e-05  XNOR2_X1
mult_51_U178                   0.0004774   0.0003257   0.0008398    3.67e-05  XNOR2_X1
mult_55_U180                   0.0004091   0.0003926   0.0008383   3.666e-05  OAI22_X1
mult_50_U176                   0.0004776   0.0003237    0.000838    3.67e-05  XNOR2_X1
mult_50_U166                   0.0004148   0.0003863   0.0008378   3.666e-05  OAI22_X1
mult_51_U145                   0.0002575   0.0005644   0.0008357   1.381e-05  INV_X1
mult_56_U205                   0.0003856   0.0004144   0.0008357   3.564e-05  OAI22_X1
mult_51_U166                   0.0004147   0.0003834   0.0008347   3.666e-05  OAI22_X1
mult_55_U197                   0.0003794   0.0004242   0.0008345   3.089e-05  AOI22_X1
mult_55_U181                   0.0004361   0.0003616   0.0008344    3.67e-05  XNOR2_X1
mult_50_U185                   0.0004776   0.0003169   0.0008312    3.67e-05  XNOR2_X1
mult_57_U160                   7.304e-05   0.0007447   0.0008308   1.308e-05  INV_X1
mult_55_U167                   0.0004087   0.0003819   0.0008272   3.666e-05  OAI22_X1
mult_50_U217                   0.0003476   0.0004373   0.0008225   3.757e-05  OAI21_X1
mult_55_U161                   9.289e-05   0.0007106   0.0008171   1.362e-05  INV_X1
mult_56_U191                   0.0003779    0.000403   0.0008166   3.564e-05  OAI22_X1
mult_55_U177                   0.0004361   0.0003398   0.0008126    3.67e-05  XNOR2_X1
mult_50_U187                   0.0005672   0.0002082   0.0008096   3.423e-05  XOR2_X1
mult_55_U179                   0.0004361   0.0003345   0.0008073    3.67e-05  XNOR2_X1
mult_50_U148                   0.0002457   0.0005477   0.0008063   1.297e-05  INV_X1
mult_50_U208                   0.0005014    0.000263   0.0008038   3.949e-05  OAI22_X1
mult_56_U195                    0.000378   0.0003881   0.0008017   3.564e-05  OAI22_X1
mult_51_U187                   0.0005673   0.0002001   0.0008016   3.423e-05  XOR2_X1
mult_56_U211                    0.000374    0.000388   0.0007976   3.564e-05  OAI22_X1
mult_55_U236                   0.0005734   0.0001901   0.0007975   3.406e-05  XOR2_X1
mult_50_U199                    0.000542   0.0002186   0.0007948   3.423e-05  XOR2_X1
mult_56_U212                   0.0003739   0.0003839   0.0007933   3.564e-05  OAI22_X1
mult_55_U149                   0.0002374   0.0005393   0.0007897   1.297e-05  INV_X1
mult_56_U216                   0.0003738   0.0003794   0.0007888   3.564e-05  OAI22_X1
mult_51_U199                   0.0005419   0.0002119   0.0007881   3.423e-05  XOR2_X1
mult_56_U199                   0.0003856   0.0003645   0.0007857   3.564e-05  OAI22_X1
mult_51_U148                    0.000246   0.0005263   0.0007853   1.297e-05  INV_X1
mult_50_U224                    0.000312   0.0004529   0.0007849   1.997e-05  AOI21_X1
mult_55_U176                   0.0003722    0.000374   0.0007828   3.666e-05  OAI22_X1
mult_56_U169                   0.0004102   0.0003381   0.0007806   3.238e-05  AOI222_X1
mult_56_U214                   0.0003738   0.0003704   0.0007798   3.564e-05  OAI22_X1
mult_51_U175                   0.0003766   0.0003612   0.0007744   3.666e-05  OAI22_X1
mult_57_U238                   0.0002902   0.0004547   0.0007714   2.646e-05  AOI22_X1
mult_57_U220                   0.0004065    0.000332    0.000771   3.248e-05  XOR2_X1
mult_57_U227                   0.0002855    0.000447   0.0007684   3.589e-05  OAI22_X1
mult_55_U225                   0.0003255   0.0004212   0.0007667   2.001e-05  AOI21_X1
mult_57_U233                   0.0002905   0.0004396    0.000766   3.589e-05  OAI22_X1
mult_55_U200                   0.0005319   0.0001992   0.0007653   3.423e-05  XOR2_X1
FE_RC_13_0                     0.0004731   0.0002595   0.0007651    3.25e-05  AOI21_X1
mult_56_U163                   8.749e-05   0.0006627   0.0007634   1.326e-05  INV_X1
mult_50_U241                   0.0005462   0.0001832   0.0007634   3.406e-05  XOR2_X1
mult_56_U144                   0.0002335   0.0005147   0.0007625   1.421e-05  INV_X1
FE_RC_17_0                     0.0003945   0.0003438   0.0007603   2.203e-05  OAI21_X1
mult_55_U241                     0.00053   0.0001942   0.0007583   3.406e-05  XOR2_X1
mult_50_U175                   0.0003766   0.0003427   0.0007559   3.666e-05  OAI22_X1
mult_51_U241                   0.0005461   0.0001731   0.0007533   3.406e-05  XOR2_X1
mult_56_U187                   0.0003777   0.0003391   0.0007524   3.564e-05  OAI22_X1
mult_56_U197                    0.000325   0.0003965   0.0007519   3.045e-05  AOI22_X1
mult_56_U221                   0.0002839   0.0004403   0.0007491   2.486e-05  NAND2_X1
mult_51_U217                   0.0003482   0.0003614   0.0007472   3.757e-05  OAI21_X1
mult_50_U155                   0.0001674   0.0005573   0.0007412    1.65e-05  INV_X1
mult_50_U223                   0.0005148   0.0001908   0.0007398   3.423e-05  XOR2_X1
mult_49_U24                    0.0004033   0.0002648   0.0007363   6.825e-05  FA_X1
mult_51_U224                   0.0003124   0.0004025   0.0007349   1.997e-05  AOI21_X1
mult_51_U223                   0.0005148   0.0001858   0.0007348   3.423e-05  XOR2_X1
FE_RC_19_0                     0.0003816   0.0003286   0.0007321   2.204e-05  OAI21_X1
mult_51_U155                   0.0001673   0.0005465   0.0007304    1.65e-05  INV_X1
mult_57_U240                   0.0001281   0.0005826   0.0007272   1.645e-05  NAND2_X1
mult_56_U189                   0.0003783   0.0003128   0.0007267   3.564e-05  OAI22_X1
mult_55_U145                   0.0002179   0.0004924   0.0007241   1.381e-05  INV_X1
mult_56_U170                   0.0003659   0.0002803   0.0007157   6.947e-05  OAI222_X1
FE_RC_18_0                     0.0003817     0.00031   0.0007137   2.204e-05  OAI21_X1
mult_56_U206                   0.0003759   0.0002939   0.0007088   3.907e-05  XOR2_X1
mult_56_U193                   0.0003784   0.0002905   0.0007045   3.564e-05  OAI22_X1
mult_56_U202                   0.0003943   0.0002767   0.0007043   3.326e-05  XOR2_X1
mult_56_U237                   0.0003758   0.0002893   0.0007042   3.907e-05  XOR2_X1
mult_55_U224                   0.0004961   0.0001731   0.0007034   3.423e-05  XOR2_X1
mult_56_U204                   0.0003758   0.0002857   0.0007006   3.907e-05  XOR2_X1
mult_49_U21                    0.0004016   0.0002281   0.0007005   7.081e-05  FA_X1
mult_56_U228                   0.0003623    0.000297   0.0006962   3.683e-05  XNOR2_X1
mult_56_U162                   7.192e-05   0.0006108    0.000696   1.326e-05  INV_X1
mult_56_U190                   0.0003894   0.0002727   0.0006953   3.326e-05  XOR2_X1
mult_56_U208                   0.0003757   0.0002795   0.0006942   3.907e-05  XOR2_X1
mult_49_U30                    0.0003779   0.0002464   0.0006891   6.485e-05  FA_X1
mult_56_U234                   0.0003756   0.0002737   0.0006884   3.907e-05  XOR2_X1
mult_56_U194                   0.0003698   0.0002767   0.0006855   3.907e-05  XOR2_X1
mult_56_U196                   0.0003697   0.0002747   0.0006835   3.907e-05  XOR2_X1
mult_56_U192                   0.0003697   0.0002731   0.0006819   3.907e-05  XOR2_X1
mult_49_U18                     0.000398   0.0002098   0.0006815   7.366e-05  FA_X1
mult_56_U232                   0.0003696   0.0002681   0.0006768   3.907e-05  XOR2_X1
mult_56_U185                   0.0001093   0.0005466   0.0006758   1.987e-05  NAND2_X1
add_0_root_add_0_root_add_58_2_U2  0.0003721   0.0002788   0.0006752   2.428e-05  AND2_X1
mult_57_U242                   0.0003245   0.0003151   0.0006722   3.262e-05  XOR2_X1
mult_55_U196                    0.000357   0.0002758   0.0006709    3.81e-05  XOR2_X1
mult_55_U190                   0.0003699   0.0002646   0.0006688   3.423e-05  XOR2_X1
mult_56_U223                   0.0003568   0.0002784   0.0006684   3.326e-05  XOR2_X1
mult_57_U222                   0.0002824   0.0003493   0.0006676   3.589e-05  OAI22_X1
FE_RC_10_0                      0.000417   0.0002179   0.0006673    3.25e-05  AOI21_X1
mult_51_U152                   0.0002477   0.0004005   0.0006611   1.297e-05  INV_X1
mult_55_U232                   0.0003568   0.0002647   0.0006596    3.81e-05  XOR2_X1
mult_55_U194                   0.0003567   0.0002626   0.0006575    3.81e-05  XOR2_X1
mult_51_U143                   0.0001922   0.0004457   0.0006497   1.187e-05  INV_X1
mult_57_U161                   7.344e-05   0.0005628   0.0006493   1.308e-05  INV_X1
mult_56_U239                    0.000358   0.0002578    0.000649   3.326e-05  XOR2_X1
mult_55_U192                   0.0003566   0.0002528   0.0006474    3.81e-05  XOR2_X1
mult_50_U152                   0.0002501   0.0003808   0.0006439   1.297e-05  INV_X1
mult_55_U228                     0.00035   0.0002551   0.0006418    3.67e-05  XNOR2_X1
mult_55_U218                   0.0002967   0.0003074   0.0006417   3.757e-05  OAI21_X1
mult_50_U150                   0.0002336   0.0003935   0.0006401   1.297e-05  INV_X1
mult_57_U207                   0.0002914   0.0003117   0.0006389   3.589e-05  OAI22_X1
mult_50_U147                   0.0002339   0.0003895   0.0006379   1.448e-05  INV_X1
mult_56_U215                   0.0003377   0.0002567   0.0006335   3.907e-05  XOR2_X1
mult_49_U35                    0.0003876   0.0001794   0.0006332   6.613e-05  FA_X1
mult_56_U213                   0.0003377   0.0002555   0.0006323   3.907e-05  XOR2_X1
mult_57_U211                   0.0002824   0.0003133   0.0006316   3.589e-05  OAI22_X1
mult_57_U191                   0.0002865    0.000309   0.0006314   3.589e-05  OAI22_X1
mult_56_U217                   0.0003377   0.0002536   0.0006303   3.907e-05  XOR2_X1
mult_57_U201                   0.0002915   0.0003017    0.000629   3.589e-05  OAI22_X1
mult_50_U143                   0.0001922   0.0004235   0.0006276   1.187e-05  INV_X1
mult_51_U150                   0.0002237   0.0003858   0.0006222   1.271e-05  INV_X1
mult_49_U22                    0.0003225   0.0002121   0.0006219   8.733e-05  FA_X1
mult_56_U243                   0.0003375    0.000242   0.0006186   3.907e-05  XOR2_X1
mult_56_U178                   0.0002805   0.0002996   0.0006176   3.755e-05  OAI22_X1
mult_57_U205                   0.0002916   0.0002886   0.0006161   3.589e-05  OAI22_X1
mult_57_U216                   0.0002823   0.0002954   0.0006136   3.589e-05  OAI22_X1
mult_57_U203                   0.0002916   0.0002848   0.0006123   3.589e-05  OAI22_X1
mult_57_U169                   0.0002995   0.0002753   0.0006068   3.205e-05  AOI222_X1
mult_56_U145                   0.0001846   0.0004057    0.000604   1.371e-05  INV_X1
mult_57_U163                    6.73e-05   0.0005225   0.0006029   1.308e-05  INV_X1
mult_56_U182                   0.0002803   0.0002847   0.0006025   3.755e-05  OAI22_X1
mult_51_U147                   0.0002381   0.0003471   0.0005997   1.448e-05  INV_X1
mult_57_U199                   0.0002913   0.0002725   0.0005997   3.589e-05  OAI22_X1
mult_56_U236                   0.0004173   0.0001476    0.000598   3.308e-05  XOR2_X1
mult_57_U195                   0.0002867    0.000273   0.0005956   3.589e-05  OAI22_X1
mult_57_U214                   0.0002821   0.0002762   0.0005942   3.589e-05  OAI22_X1
mult_57_U212                   0.0002821   0.0002749   0.0005929   3.589e-05  OAI22_X1
mult_49_U14                     0.000298   0.0002048   0.0005915   8.878e-05  FA_X1
mult_56_U167                   0.0002803   0.0002728   0.0005907   3.755e-05  OAI22_X1
mult_57_U144                   0.0001768   0.0003981   0.0005891   1.419e-05  INV_X1
mult_57_U187                   0.0002863    0.000263   0.0005852   3.589e-05  OAI22_X1
mult_56_U180                   0.0002802   0.0002672   0.0005849   3.755e-05  OAI22_X1
mult_56_U230                   0.0004113   0.0001404   0.0005848   3.308e-05  XOR2_X1
mult_49_U25                     0.000321   0.0001921    0.000584   7.087e-05  FA_X1
mult_49_U26                    0.0003259    0.000185   0.0005816   7.065e-05  FA_X1
mult_56_U200                   0.0003919   0.0001548     0.00058   3.326e-05  XOR2_X1
mult_55_U148                    0.000224   0.0003409   0.0005794   1.448e-05  INV_X1
mult_49_U31                    0.0003209    0.000194   0.0005793   6.434e-05  FA_X1
mult_55_U153                   0.0002096   0.0003564   0.0005789   1.297e-05  INV_X1
mult_56_U149                   0.0001759   0.0003887   0.0005775    1.29e-05  INV_X1
mult_51_U154                   0.0001855    0.000375    0.000577   1.648e-05  INV_X1
mult_57_U162                   5.749e-05   0.0005061   0.0005766   1.308e-05  INV_X1
reg_p3_c_U10                    0.000358   0.0001859   0.0005751   3.119e-05  OAI21_X1
mult_51_U153                   0.0001796   0.0003794   0.0005734   1.435e-05  INV_X1
mult_55_U151                   0.0001941   0.0003661   0.0005729   1.271e-05  INV_X1
mult_50_U154                   0.0001855     0.00037    0.000572   1.648e-05  INV_X1
mult_56_U188                   0.0003871   0.0001516    0.000572   3.326e-05  XOR2_X1
reg_p3_a_U10                   0.0003558   0.0001849   0.0005719    3.12e-05  OAI21_X1
mult_56_U179                    0.000294   0.0002402   0.0005709   3.683e-05  XNOR2_X1
mult_57_U221                   0.0002152   0.0003301   0.0005704   2.512e-05  NAND2_X1
mult_56_U177                    0.000294   0.0002387   0.0005695   3.683e-05  XNOR2_X1
mult_50_U153                   0.0001797    0.000375    0.000569   1.435e-05  INV_X1
reg_p3_a_U2                    0.0003557   0.0001785   0.0005655   3.122e-05  OAI21_X1
FE_RC_8_0                      0.0003323   0.0001995   0.0005644   3.266e-05  AOI21_X1
reg_p3_b_U16                   0.0003562   0.0001749   0.0005623   3.112e-05  OAI21_X1
add_1_root_add_0_root_add_58_2_U1  0.0003039   0.0002328    0.000561   2.433e-05  AND2_X1
reg_p3_b_U10                   0.0003561   0.0001722   0.0005595   3.119e-05  OAI21_X1
reg_dout_U6                    0.0003546   0.0001731   0.0005589   3.121e-05  OAI21_X1
mult_56_U181                    0.000294    0.000228   0.0005588   3.683e-05  XNOR2_X1
mult_51_U170                     0.00026   0.0002785   0.0005585   2.001e-05  AOI21_X1
mult_55_U143                   0.0001687   0.0003778   0.0005584   1.187e-05  INV_X1
reg_p3_a_U14                   0.0003555   0.0001717   0.0005584    3.12e-05  OAI21_X1
mult_57_U197                   0.0002473   0.0002806   0.0005581   3.017e-05  AOI22_X1
mult_56_U225                   0.0002144   0.0003234   0.0005577   1.981e-05  AOI21_X1
mult_57_U202                   0.0003011   0.0002236   0.0005575    3.28e-05  XOR2_X1
mult_50_U170                   0.0002601   0.0002769    0.000557   2.001e-05  AOI21_X1
mult_56_U186                    0.000294   0.0002252    0.000556   3.683e-05  XNOR2_X1
reg_3_U6                       0.0003531   0.0001709   0.0005552   3.122e-05  OAI21_X1
reg_dout_U2                    0.0003546   0.0001682    0.000554   3.121e-05  OAI21_X1
mult_56_U183                   0.0002939   0.0002225   0.0005533   3.683e-05  XNOR2_X1
mult_55_U230                   0.0003823   0.0001368   0.0005531   3.406e-05  XOR2_X1
mult_57_U170                   0.0002722   0.0002101   0.0005526    7.03e-05  OAI222_X1
mult_57_U190                   0.0002981   0.0002203   0.0005512    3.28e-05  XOR2_X1
mult_49_U32                    0.0002642   0.0002007   0.0005498   8.485e-05  FA_X1
mult_56_U241                   0.0003771   0.0001393   0.0005495   3.308e-05  XOR2_X1
reg_2_U12                      0.0003634   0.0001539   0.0005485    3.12e-05  OAI21_X1
FE_RC_20_0                     0.0003228   0.0001908   0.0005467   3.318e-05  AOI21_X1
FE_RC_12_0                     0.0003226   0.0001896   0.0005454   3.318e-05  AOI21_X1
mult_55_U188                   0.0003677   0.0001434   0.0005454   3.423e-05  XOR2_X1
reg_p3_c_U14                   0.0003539   0.0001582   0.0005433   3.119e-05  OAI21_X1
mult_57_U204                   0.0002807   0.0002224   0.0005427   3.953e-05  XOR2_X1
mult_56_U176                   0.0002579   0.0002463   0.0005417   3.755e-05  OAI22_X1
reg_3_U10                      0.0003525    0.000158   0.0005417    3.12e-05  OAI21_X1
reg_1_U2                       0.0003555   0.0001548   0.0005416   3.128e-05  OAI21_X1
reg_p3_b_U8                    0.0003556   0.0001539   0.0005407    3.12e-05  OAI21_X1
reg_3_U2                       0.0003527   0.0001565   0.0005403    3.12e-05  OAI21_X1
reg_p3_a_U12                   0.0003552   0.0001539   0.0005403    3.12e-05  OAI21_X1
mult_57_U189                    0.000287   0.0002167   0.0005396   3.589e-05  OAI22_X1
reg_2_U16                      0.0003559   0.0001511   0.0005382   3.114e-05  OAI21_X1
reg_dout_U16                    0.000354   0.0001527   0.0005379   3.121e-05  OAI21_X1
reg_p3_a_U8                    0.0003551   0.0001514   0.0005377    3.12e-05  OAI21_X1
reg_p3_b_U14                   0.0003556   0.0001505   0.0005374   3.119e-05  OAI21_X1
reg_p3_b_U12                   0.0003438   0.0001623   0.0005373    3.12e-05  OAI21_X1
reg_dout_U4                    0.0003541   0.0001513   0.0005367   3.121e-05  OAI21_X1
reg_1_U4                       0.0003583   0.0001469   0.0005365   3.128e-05  OAI21_X1
mult_57_U185                   8.693e-05   0.0004291   0.0005362   2.022e-05  NAND2_X1
mult_57_U206                   0.0002806   0.0002159    0.000536   3.953e-05  XOR2_X1
mult_55_U173                   0.0002782   0.0002181   0.0005355   3.926e-05  MUX2_X1
mult_57_U237                   0.0002806   0.0002148   0.0005349   3.953e-05  XOR2_X1
reg_3_U14                      0.0003523   0.0001514   0.0005349    3.12e-05  OAI21_X1
reg_dout_U14                   0.0003518   0.0001516   0.0005346   3.121e-05  OAI21_X1
mult_56_U155                   0.0001204   0.0003977   0.0005346   1.649e-05  INV_X1
mult_57_U193                    0.000287   0.0002104   0.0005333   3.589e-05  OAI22_X1
reg_3_U12                      0.0003522   0.0001481   0.0005315    3.12e-05  OAI21_X1
reg_2_U6                       0.0003551   0.0001451   0.0005314   3.122e-05  OAI21_X1
reg_2_U14                       0.000355   0.0001442   0.0005304    3.12e-05  OAI21_X1
reg_p3_c_U16                   0.0003546   0.0001446   0.0005303   3.111e-05  OAI21_X1
mult_57_U234                   0.0002805     0.00021     0.00053   3.953e-05  XOR2_X1
mult_57_U232                   0.0002768   0.0002126   0.0005289   3.953e-05  XOR2_X1
reg_3_U8                        0.000352   0.0001457   0.0005289    3.12e-05  OAI21_X1
reg_p3_c_U12                   0.0003327   0.0001646   0.0005285    3.12e-05  OAI21_X1
mult_57_U192                   0.0002768   0.0002121   0.0005285   3.953e-05  XOR2_X1
mult_57_U196                   0.0002768   0.0002113   0.0005277   3.953e-05  XOR2_X1
reg_p3_c_U8                    0.0003462   0.0001497   0.0005271    3.12e-05  OAI21_X1
FE_RC_16_0                     0.0002759   0.0002291    0.000527   2.198e-05  OAI21_X1
FE_RC_11_0                     0.0003125   0.0001811   0.0005267   3.318e-05  AOI21_X1
mult_57_U208                   0.0002805   0.0002065   0.0005265   3.953e-05  XOR2_X1
mult_57_U194                   0.0002768   0.0002097    0.000526   3.953e-05  XOR2_X1
reg_p3_a_U6                    0.0003479   0.0001467   0.0005258   3.122e-05  OAI21_X1
mult_57_U228                   0.0002715   0.0002157    0.000524   3.689e-05  XNOR2_X1
mult_57_U239                   0.0002788   0.0002124    0.000524    3.28e-05  XOR2_X1
reg_p3_b_U6                    0.0003396   0.0001532    0.000524   3.123e-05  OAI21_X1
reg_dout_U12                   0.0003314   0.0001592   0.0005218   3.121e-05  OAI21_X1
reg_3_U4                       0.0003412   0.0001488   0.0005212   3.125e-05  OAI21_X1
reg_3_U16                      0.0003368   0.0001528   0.0005207   3.113e-05  OAI21_X1
reg_2_U4                       0.0003484   0.0001381   0.0005177   3.125e-05  OAI21_X1
reg_p3_a_U16                   0.0003334   0.0001519   0.0005165   3.114e-05  OAI21_X1
mult_56_U218                   0.0002235   0.0002537   0.0005157   3.847e-05  OAI21_X1
reg_1_U18                      0.0003406   0.0001437   0.0005156   3.129e-05  OAI21_X1
reg_p3_c_U2                    0.0003231   0.0001604   0.0005147   3.122e-05  OAI21_X1
reg_p2_a_U2                     0.000341   0.0001404   0.0005125   3.121e-05  OAI21_X1
mult_56_U224                   0.0003539   0.0001242   0.0005114   3.326e-05  XOR2_X1
mult_51_U172                   0.0002765   0.0001903   0.0005061   3.926e-05  MUX2_X1
mult_50_U172                   0.0002765   0.0001893   0.0005051   3.926e-05  MUX2_X1
reg_2_U8                       0.0003261    0.000147   0.0005043    3.12e-05  OAI21_X1
mult_57_U217                    0.000257   0.0002075    0.000504   3.953e-05  XOR2_X1
mult_57_U223                   0.0002771   0.0001939   0.0005038    3.28e-05  XOR2_X1
mult_57_U182                   0.0002206   0.0002429   0.0005015   3.798e-05  OAI22_X1
reg_p3_a_U4                    0.0003367   0.0001312   0.0004992   3.125e-05  OAI21_X1
reg_2_U2                       0.0003222   0.0001445   0.0004979   3.122e-05  OAI21_X1
reg_p2_a_U4                    0.0003255   0.0001411   0.0004978   3.121e-05  OAI21_X1
mult_57_U243                   0.0002569   0.0002014   0.0004978   3.953e-05  XOR2_X1
reg_p3_b_U4                    0.0003308   0.0001357   0.0004978   3.128e-05  OAI21_X1
reg_2_U10                      0.0003254   0.0001397   0.0004963    3.12e-05  OAI21_X1
mult_49_U16                    0.0002577   0.0001587   0.0004953   7.896e-05  FA_X1
reg_p3_c_U5                    0.0002026   0.0002748   0.0004947   1.725e-05  NAND2_X1
reg_p3_c_U13                   0.0001986   0.0002767   0.0004928   1.739e-05  NAND2_X1
reg_4_U4                       0.0003262   0.0001342   0.0004916   3.121e-05  OAI21_X1
mult_55_U150                   0.0002405   0.0002374    0.000491   1.297e-05  INV_X1
reg_p3_b_U2                    0.0003226    0.000137   0.0004908   3.122e-05  OAI21_X1
reg_1_U16                      0.0003175   0.0001417   0.0004905    3.13e-05  OAI21_X1
reg_p3_c_U6                    0.0003206   0.0001385   0.0004903   3.124e-05  OAI21_X1
mult_57_U215                   0.0002568   0.0001936     0.00049   3.953e-05  XOR2_X1
mult_57_U213                   0.0002568   0.0001913   0.0004876   3.953e-05  XOR2_X1
mult_49_U19                    0.0002573   0.0001625    0.000487   6.716e-05  FA_X1
reg_p2_a_U18                   0.0003169    0.000135   0.0004831   3.121e-05  OAI21_X1
mult_51_U197                   0.0001706    0.000291   0.0004829   2.129e-05  NOR2_X1
mult_57_U178                   0.0002205   0.0002208   0.0004792   3.798e-05  OAI22_X1
reg_4_U2                       0.0003214    0.000125   0.0004776   3.121e-05  OAI21_X1
mult_56_U153                    0.000176   0.0002884   0.0004773    1.29e-05  INV_X1
mult_57_U145                   0.0001402   0.0003213   0.0004751   1.366e-05  INV_X1
reg_2_U5                       0.0002456   0.0002117   0.0004746   1.732e-05  NAND2_X1
mult_49_U37                    0.0002443   0.0001672   0.0004734   6.192e-05  FA_X1
reg_3_U5                       0.0002347   0.0002213   0.0004733   1.732e-05  NAND2_X1
mult_49_U23                    0.0002443   0.0001667   0.0004729   6.192e-05  FA_X1
mult_49_U27                    0.0002567   0.0001456   0.0004695   6.716e-05  FA_X1
mult_57_U180                   0.0002204    0.000211   0.0004694   3.798e-05  OAI22_X1
mult_57_U167                   0.0002204   0.0002105   0.0004689   3.798e-05  OAI22_X1
mult_55_U152                   0.0001471   0.0003087   0.0004683   1.247e-05  INV_X1
mult_55_U154                   0.0001497   0.0003013   0.0004674   1.648e-05  INV_X1
reg_p3_c_U11                   0.0002005   0.0002494   0.0004672    1.74e-05  NAND2_X1
mult_57_U179                   0.0002297   0.0001929   0.0004595   3.689e-05  XNOR2_X1
mult_50_U197                   0.0001702   0.0002679   0.0004594   2.129e-05  NOR2_X1
reg_p2_a_U12                   0.0002951   0.0001324   0.0004588   3.125e-05  OAI21_X1
reg_p2_a_U14                   0.0002968   0.0001291   0.0004572   3.122e-05  OAI21_X1
mult_49_U40                    0.0002438   0.0001509   0.0004566   6.192e-05  FA_X1
reg_4_U12                      0.0002976   0.0001275   0.0004564   3.122e-05  OAI21_X1
mult_49_U36                    0.0002549   0.0001402   0.0004541   5.902e-05  FA_X1
mult_57_U230                   0.0003175    0.000104   0.0004541   3.262e-05  XOR2_X1
reg_4_U16                      0.0002976   0.0001249   0.0004537   3.121e-05  OAI21_X1
mult_57_U236                    0.000321   9.992e-05   0.0004535   3.262e-05  XOR2_X1
add_1_root_add_0_root_add_53_2_U1  0.0002477   0.0001809    0.000453   2.432e-05  AND2_X1
FE_RC_6_0                      0.0002508   0.0001684    0.000452   3.276e-05  AOI21_X1
mult_57_U183                   0.0002297   0.0001848   0.0004514   3.689e-05  XNOR2_X1
add_0_root_add_0_root_add_53_2_U1  0.0002453   0.0001807   0.0004503   2.429e-05  AND2_X1
reg_1_U14                      0.0002857   0.0001329   0.0004499   3.131e-05  OAI21_X1
mult_50_U149                   0.0002222   0.0002128   0.0004479   1.298e-05  INV_X1
mult_56_U151                    0.000159   0.0002759   0.0004475   1.265e-05  INV_X1
mult_57_U177                   0.0002297   0.0001808   0.0004474   3.689e-05  XNOR2_X1
reg_p3_c_U9                    0.0002002   0.0002296   0.0004472   1.739e-05  NAND2_X1
reg_p3_c_U7                    0.0001919   0.0002371   0.0004463   1.738e-05  NAND2_X1
mult_51_U149                   0.0002177   0.0002145   0.0004452   1.298e-05  INV_X1
mult_57_U186                   0.0002297   0.0001785   0.0004451   3.689e-05  XNOR2_X1
mult_49_U33                    0.0002435   0.0001395   0.0004449   6.192e-05  FA_X1
reg_p3_c_U15                   0.0002003   0.0002254   0.0004431    1.74e-05  NAND2_X1
reg_p3_b_U5                    0.0002457   0.0001795   0.0004425   1.728e-05  NAND2_X1
reg_4_U18                      0.0002954   0.0001156   0.0004423   3.125e-05  OAI21_X1
mult_57_U181                   0.0002297   0.0001752   0.0004418   3.689e-05  XNOR2_X1
mult_50_U151                   0.0001513   0.0002778   0.0004416   1.247e-05  INV_X1
mult_51_U151                   0.0001513   0.0002763   0.0004402   1.247e-05  INV_X1
reg_p2_a_U16                   0.0002844   0.0001235   0.0004391   3.121e-05  OAI21_X1
mult_57_U188                   0.0002961   0.0001081   0.0004371    3.28e-05  XOR2_X1
reg_p3_c_U4                    0.0002789   0.0001255   0.0004356    3.13e-05  OAI21_X1
reg_p3_a_U5                    0.0002456   0.0001725   0.0004354   1.732e-05  NAND2_X1
mult_55_U171                   0.0001902   0.0002251   0.0004353   2.001e-05  AOI21_X1
mult_57_U200                   0.0002988   0.0001036   0.0004352    3.28e-05  XOR2_X1
mult_56_U143                   0.0001323    0.000291   0.0004351   1.173e-05  INV_X1
mult_57_U149                   0.0001329   0.0002892   0.0004349   1.285e-05  INV_X1
mult_57_U176                   0.0002047   0.0001903    0.000433   3.798e-05  OAI22_X1
mult_57_U155                   9.086e-05   0.0003252   0.0004326    1.65e-05  INV_X1
reg_4_U5                       0.0002006   0.0002117   0.0004297   1.739e-05  NAND2_X1
reg_4_U3                       0.0002004    0.000211   0.0004288   1.739e-05  NAND2_X1
reg_4_U14                      0.0002849   0.0001123   0.0004284   3.121e-05  OAI21_X1
mult_57_U225                   0.0001604   0.0002479    0.000428    1.97e-05  AOI21_X1
reg_p2_a_U5                       0.0002   0.0002101   0.0004275   1.739e-05  NAND2_X1
reg_p3_a_U7                    0.0001996   0.0002104   0.0004274   1.739e-05  NAND2_X1
reg_3_U7                       0.0001914   0.0002178   0.0004266   1.739e-05  NAND2_X1
reg_dout_U8                    0.0002673   0.0001278   0.0004263   3.125e-05  OAI21_X1
mult_57_U241                   0.0002953   9.716e-05   0.0004251   3.262e-05  XOR2_X1
reg_dout_U10                   0.0002727    0.000121   0.0004249   3.122e-05  OAI21_X1
reg_3_U9                       0.0001914   0.0002114   0.0004201   1.739e-05  NAND2_X1
reg_dout_U17                   0.0001956   0.0002055   0.0004185   1.739e-05  NAND2_X1
reg_2_U17                      0.0001999   0.0001999   0.0004171   1.742e-05  NAND2_X1
FE_RC_15_0                     0.0002112    0.000183   0.0004162   2.195e-05  OAI21_X1
reg_1_U5                       0.0001993   0.0001987   0.0004154   1.736e-05  NAND2_X1
mult_49_U39                    0.0002273    0.000125   0.0004104   5.812e-05  FA_X1
reg_3_U11                      0.0001912   0.0001991   0.0004078   1.739e-05  NAND2_X1
add_52_U2                      0.0002247   0.0001584   0.0004074   2.435e-05  AND2_X1
reg_2_U9                       0.0001996   0.0001902   0.0004072   1.739e-05  NAND2_X1
mult_57_U224                   0.0002752   9.717e-05   0.0004052    3.28e-05  XOR2_X1
mult_57_U218                   0.0001652   0.0002002   0.0004043   3.891e-05  OAI21_X1
reg_2_U7                       0.0001995   0.0001869   0.0004038   1.739e-05  NAND2_X1
mult_56_U156                   0.0001208   0.0002678    0.000403   1.435e-05  INV_X1
reg_p3_c_U17                   0.0002003   0.0001847   0.0004024   1.742e-05  NAND2_X1
reg_1_U12                       0.000247   0.0001236   0.0004019   3.133e-05  OAI21_X1
reg_p3_b_U9                       0.0002   0.0001825   0.0003999   1.739e-05  NAND2_X1
reg_dout_U13                   0.0001916   0.0001895   0.0003984   1.739e-05  NAND2_X1
reg_p3_a_U13                   0.0001995   0.0001811    0.000398   1.739e-05  NAND2_X1
mult_56_U148                   0.0001516    0.000231   0.0003973   1.464e-05  INV_X1
reg_p3_b_U3                    0.0002013    0.000178   0.0003968   1.739e-05  NAND2_X1
reg_p2_a_U3                    0.0001997   0.0001791   0.0003962   1.739e-05  NAND2_X1
reg_2_U15                      0.0001995   0.0001792   0.0003961    1.74e-05  NAND2_X1
reg_p3_b_U17                   0.0002003   0.0001784   0.0003961   1.742e-05  NAND2_X1
reg_p3_c_U3                    0.0002021   0.0001763   0.0003959   1.739e-05  NAND2_X1
mult_56_U154                   0.0001272   0.0002521   0.0003958   1.649e-05  INV_X1
reg_2_U11                      0.0001995   0.0001788   0.0003957   1.739e-05  NAND2_X1
reg_2_U3                       0.0002008   0.0001762   0.0003944   1.739e-05  NAND2_X1
mult_56_U171                   0.0001724   0.0002016   0.0003938   1.981e-05  AOI21_X1
reg_p3_b_U15                      0.0002   0.0001758   0.0003933    1.74e-05  NAND2_X1
reg_p3_a_U3                     0.000201   0.0001746    0.000393   1.739e-05  NAND2_X1
reg_p3_a_U9                    0.0001995   0.0001751    0.000392   1.739e-05  NAND2_X1
reg_p3_b_U7                    0.0001994    0.000175   0.0003917   1.738e-05  NAND2_X1
reg_p3_b_U11                      0.0002   0.0001743   0.0003917    1.74e-05  NAND2_X1
reg_p3_a_U15                   0.0001995   0.0001747   0.0003916    1.74e-05  NAND2_X1
reg_p3_b_U13                   0.0001995   0.0001745   0.0003913   1.739e-05  NAND2_X1
reg_p2_a_U8                    0.0002539   0.0001061   0.0003911    3.12e-05  OAI21_X1
reg_p3_a_U17                   0.0001996   0.0001741   0.0003911   1.742e-05  NAND2_X1
reg_1_U19                      0.0001873   0.0001862   0.0003909   1.736e-05  NAND2_X1
reg_1_U3                       0.0001961   0.0001768   0.0003903   1.736e-05  NAND2_X1
reg_p3_a_U11                   0.0001995   0.0001732   0.0003901    1.74e-05  NAND2_X1
reg_4_U8                       0.0002551   0.0001038   0.0003901    3.12e-05  OAI21_X1
reg_dout_U3                    0.0001954   0.0001765   0.0003894   1.739e-05  NAND2_X1
reg_3_U17                      0.0001911   0.0001808   0.0003893   1.742e-05  NAND2_X1
reg_4_U9                       0.0001659   0.0002059   0.0003892   1.739e-05  NAND2_X1
reg_3_U3                       0.0001925   0.0001792   0.0003891   1.739e-05  NAND2_X1
mult_55_U156                   0.0001151   0.0002587   0.0003881   1.435e-05  INV_X1
mult_50_U209                   0.0001317   0.0002348   0.0003878   2.126e-05  NOR2_X1
reg_dout_U7                    0.0001954   0.0001749   0.0003877   1.739e-05  NAND2_X1
reg_2_U13                      0.0001995   0.0001707   0.0003876    1.74e-05  NAND2_X1
reg_4_U17                      0.0001864   0.0001824   0.0003861   1.739e-05  NAND2_X1
reg_dout_U15                   0.0001954    0.000173   0.0003858   1.739e-05  NAND2_X1
reg_dout_U5                    0.0001954   0.0001729   0.0003857   1.739e-05  NAND2_X1
reg_1_U10                      0.0002464   0.0001071   0.0003849   3.138e-05  OAI21_X1
reg_3_U15                      0.0001909   0.0001752   0.0003835    1.74e-05  NAND2_X1
reg_3_U13                      0.0001909   0.0001745   0.0003828    1.74e-05  NAND2_X1
mult_55_U210                   0.0001292   0.0002281   0.0003786   2.129e-05  NOR2_X1
reg_p1_b_U10                   0.0002378   0.0001085   0.0003776   3.118e-05  OAI21_X1
reg_1_U8                       0.0002426   0.0001006   0.0003747   3.147e-05  OAI21_X1
reg_4_U6                       0.0002383    0.000105   0.0003745    3.12e-05  OAI21_X1
reg_p2_a_U19                   0.0001857   0.0001689    0.000372   1.739e-05  NAND2_X1
reg_p2_a_U6                    0.0002374   0.0001029   0.0003716    3.12e-05  OAI21_X1
mult_50_U156                   0.0001632   0.0001896   0.0003671   1.435e-05  INV_X1
reg_p2_a_U13                   0.0002011   0.0001474   0.0003659   1.732e-05  NAND2_X1
reg_p1_b_U8                    0.0002251    0.000107   0.0003632    3.12e-05  OAI21_X1
reg_4_U19                       0.000202   0.0001438   0.0003631   1.732e-05  NAND2_X1
FE_RC_9_0                      0.0002114   0.0001177   0.0003628   3.368e-05  AOI21_X1
mult_51_U156                   0.0001637   0.0001847   0.0003628   1.435e-05  INV_X1
mult_55_U146                   0.0001595   0.0001884   0.0003623   1.435e-05  INV_X1
mult_51_U209                   0.0001327   0.0002077   0.0003616   2.126e-05  NOR2_X1
reg_p1_b_U12                    0.000225   0.0001015   0.0003574   3.086e-05  OAI21_X1
mult_57_U153                   0.0001361   0.0002078   0.0003567   1.285e-05  INV_X1
mult_56_U150                   0.0001704   0.0001727    0.000356    1.29e-05  INV_X1
reg_p2_a_U9                    0.0001652   0.0001718   0.0003544   1.739e-05  NAND2_X1
mult_49_U41                    0.0001695   0.0001289   0.0003518    5.34e-05  HA_X1
reg_1_U17                       0.000174   0.0001605   0.0003518   1.736e-05  NAND2_X1
mult_56_U173                   0.0001851   0.0001262   0.0003506   3.934e-05  MUX2_X1
mult_51_U218                   0.0002356   8.981e-05     0.00035   2.453e-05  OR3_X1
reg_dout_U9                    0.0001922   0.0001392   0.0003487   1.732e-05  NAND2_X1
mult_49_U42                     0.000204   8.274e-05   0.0003467   5.995e-05  FA_X1
mult_50_U218                   0.0002351   8.633e-05    0.000346   2.453e-05  OR3_X1
mult_56_U198                   0.0001201   0.0002041   0.0003456   2.139e-05  NOR2_X1
mult_49_U144                   0.0001594   0.0001171   0.0003448   6.821e-05  OAI222_X1
mult_57_U143                   0.0001011    0.000232   0.0003448   1.165e-05  INV_X1
mult_57_U151                   0.0001209   0.0002112   0.0003447   1.261e-05  INV_X1
mult_49_U34                    0.0001694   0.0001215   0.0003442    5.34e-05  HA_X1
mult_49_U145                   0.0001796   0.0001213   0.0003395   3.857e-05  AOI222_X1
reg_4_U7                       0.0001566   0.0001557   0.0003297   1.739e-05  NAND2_X1
reg_4_U13                      0.0001631   0.0001473   0.0003278   1.739e-05  NAND2_X1
mult_49_U38                     0.000169   0.0001052   0.0003276    5.34e-05  HA_X1
mult_49_U44                    0.0001691   0.0001048   0.0003272    5.34e-05  HA_X1
reg_dout_U11                   0.0001584   0.0001511   0.0003269   1.739e-05  NAND2_X1
reg_p2_a_U15                   0.0001625    0.000147   0.0003269   1.739e-05  NAND2_X1
reg_1_U15                      0.0001495   0.0001585   0.0003254   1.735e-05  NAND2_X1
reg_p2_a_U17                   0.0001625    0.000143   0.0003229   1.739e-05  NAND2_X1
reg_p2_a_U7                     0.000156   0.0001473   0.0003207   1.739e-05  NAND2_X1
reg_p1_b_U6                    0.0001977   9.166e-05   0.0003206    3.12e-05  OAI21_X1
reg_4_U15                      0.0001632   0.0001398   0.0003203   1.739e-05  NAND2_X1
mult_57_U148                   0.0001212   0.0001836   0.0003195   1.473e-05  INV_X1
reg_p2_b_U14                   0.0001906   9.501e-05   0.0003185   3.289e-05  OAI21_X1
mult_55_U198                   0.0001226   0.0001746   0.0003184   2.129e-05  NOR2_X1
mult_56_U210                   9.634e-05    0.000198   0.0003157   2.139e-05  NOR2_X1
reg_5_U14                      0.0001909   8.857e-05   0.0003123   3.289e-05  OAI21_X1
mult_57_U171                    0.000136   0.0001556   0.0003112    1.97e-05  AOI21_X1
FE_RC_7_0                      0.0001657   0.0001107   0.0003103   3.394e-05  AOI21_X1
mult_57_U154                   9.902e-05   0.0001946   0.0003101    1.65e-05  INV_X1
mult_57_U156                   9.157e-05   0.0002034   0.0003093   1.435e-05  INV_X1
reg_5_U10                      0.0001894   8.589e-05   0.0003081   3.289e-05  OAI21_X1
reg_5_U12                      0.0001894   8.546e-05   0.0003077   3.289e-05  OAI21_X1
reg_1_U13                      0.0001277   0.0001622   0.0003072   1.735e-05  NAND2_X1
reg_p2_b_U10                   0.0001895   8.326e-05   0.0003056   3.289e-05  OAI21_X1
mult_56_U152                   0.0001012   0.0001916    0.000305    1.23e-05  INV_X1
reg_p2_b_U12                   0.0001888   8.121e-05   0.0003029   3.289e-05  OAI21_X1
mult_55_U219                    0.000197   7.685e-05   0.0002984   2.453e-05  OR3_X1
mult_49_U146                   0.0001291   0.0001053   0.0002977   6.325e-05  OAI222_X1
mult_49_U43                    0.0001684   7.546e-05   0.0002973    5.34e-05  HA_X1
reg_1_U9                       0.0001522   0.0001273   0.0002965   1.699e-05  NAND2_X1
reg_1_U11                      0.0001274   0.0001456   0.0002903   1.733e-05  NAND2_X1
mult_57_U173                   0.0001457   0.0001006   0.0002857   3.938e-05  MUX2_X1
reg_p1_b_U4                    0.0001756   7.589e-05   0.0002827    3.12e-05  OAI21_X1
reg_p2_b_U11                     0.00016   0.0001048   0.0002816   1.683e-05  NAND2_X1
reg_5_U18                      0.0001732   7.496e-05    0.000281   3.289e-05  OAI21_X1
reg_p2_b_U18                   0.0001734   7.427e-05   0.0002805   3.289e-05  OAI21_X1
reg_p1_b_U14                    0.000164   7.648e-05   0.0002715   3.104e-05  OAI21_X1
reg_p1_b_U2                    0.0001664   7.318e-05   0.0002708   3.121e-05  OAI21_X1
reg_p2_b_U16                   0.0001646   7.238e-05   0.0002699   3.289e-05  OAI21_X1
reg_5_U16                      0.0001649   7.089e-05   0.0002686   3.289e-05  OAI21_X1
reg_5_U11                      0.0001614   8.982e-05   0.0002681   1.683e-05  NAND2_X1
mult_55_U174                   0.0001687    8.71e-05   0.0002678   1.197e-05  NAND2_X1
mult_57_U198                   9.693e-05   0.0001491   0.0002675   2.146e-05  NOR2_X1
mult_57_U150                   0.0001303   0.0001237   0.0002669   1.285e-05  INV_X1
mult_51_U173                   0.0001699   8.366e-05   0.0002655   1.197e-05  NAND2_X1
reg_p2_b_U6                    0.0001534   7.458e-05   0.0002608   3.289e-05  OAI21_X1
reg_p2_b_U19                   0.0001355   0.0001078   0.0002601   1.683e-05  NAND2_X1
mult_50_U171                   0.0001473   8.482e-05   0.0002596   2.748e-05  NOR3_X1
mult_50_U173                     0.00017   7.766e-05   0.0002596   1.197e-05  NAND2_X1
mult_49_U114                   2.778e-05   0.0002167   0.0002589   1.435e-05  INV_X1
mult_56_U146                   0.0001123   0.0001307   0.0002573   1.435e-05  INV_X1
reg_5_U6                       0.0001554   6.814e-05   0.0002564   3.289e-05  OAI21_X1
mult_51_U171                   0.0001476    8.04e-05   0.0002554   2.748e-05  NOR3_X1
mult_57_U210                   7.765e-05   0.0001534   0.0002525   2.146e-05  NOR2_X1
mult_49_U117                   2.763e-05   0.0002104   0.0002524   1.435e-05  INV_X1
mult_49_U113                   2.782e-05   0.0002089   0.0002511   1.435e-05  INV_X1
mult_51_U225                   0.0001379   8.549e-05   0.0002508   2.745e-05  NOR3_X1
mult_51_U157                   2.764e-05   0.0002086   0.0002506   1.435e-05  INV_X1
mult_49_U118                   2.767e-05   0.0002085   0.0002506   1.435e-05  INV_X1
mult_55_U157                   2.722e-05   0.0002081   0.0002496   1.435e-05  INV_X1
mult_55_U226                   0.0001315   8.868e-05   0.0002477   2.748e-05  NOR3_X1
mult_50_U157                   2.775e-05    0.000205   0.0002471   1.435e-05  INV_X1
reg_p2_c_U14                   0.0001443   6.877e-05   0.0002468   3.373e-05  OAI21_X1
reg_5_U15                      0.0001331   9.608e-05    0.000246   1.683e-05  NAND2_X1
reg_p2_b_U4                    0.0001472   6.496e-05    0.000245   3.289e-05  OAI21_X1
reg_p1_b_U16                   0.0001452    6.75e-05    0.000244   3.121e-05  OAI21_X1
reg_p1_b_U11                   0.0001157   0.0001108   0.0002439    1.74e-05  NAND2_X1
mult_49_U115                   2.786e-05   0.0002016   0.0002438   1.435e-05  INV_X1
reg_p2_b_U15                   0.0001329   9.395e-05   0.0002437   1.683e-05  NAND2_X1
mult_57_U152                   8.004e-05   0.0001514   0.0002437   1.222e-05  INV_X1
reg_5_U4                       0.0001475   6.277e-05   0.0002432   3.289e-05  OAI21_X1
mult_49_U125                   0.0001055    0.000123   0.0002427   1.428e-05  INV_X1
reg_5_U19                      0.0001367   8.877e-05   0.0002423   1.683e-05  NAND2_X1
mult_49_U116                   2.775e-05   0.0001998   0.0002419   1.435e-05  INV_X1
mult_56_U157                   2.743e-05   0.0001994   0.0002412   1.435e-05  INV_X1
reg_p2_c_U10                   0.0001424   6.424e-05   0.0002404   3.373e-05  OAI21_X1
reg_5_U7                       0.0001457   7.788e-05   0.0002404   1.683e-05  NAND2_X1
mult_50_U225                   0.0001381   7.446e-05     0.00024   2.745e-05  NOR3_X1
reg_5_U8                       0.0001373   6.745e-05   0.0002376   3.289e-05  OAI21_X1
reg_5_U13                       0.000117   0.0001037   0.0002375   1.683e-05  NAND2_X1
mult_57_U157                   2.761e-05   0.0001938   0.0002358   1.435e-05  INV_X1
mult_56_U219                   0.0001518   5.853e-05   0.0002349   2.463e-05  OR3_X1
mult_49_U157                   0.0001272   7.608e-05   0.0002346   3.125e-05  XNOR2_X1
reg_p2_c_U12                    0.000143   5.762e-05   0.0002344   3.373e-05  OAI21_X1
reg_p1_b_U13                     0.00011   0.0001028   0.0002303   1.751e-05  NAND2_X1
reg_p2_b_U8                    0.0001367   6.066e-05   0.0002302   3.289e-05  OAI21_X1
mult_55_U158                    2.78e-05    0.000188   0.0002301   1.435e-05  INV_X1
reg_p1_b_U9                    0.0001089   0.0001034   0.0002297   1.739e-05  NAND2_X1
reg_p2_b_U13                   0.0001171   9.268e-05   0.0002266   1.683e-05  NAND2_X1
reg_p2_c_U18                   0.0001329   5.851e-05   0.0002251   3.373e-05  OAI21_X1
mult_49_U121                    2.78e-05   0.0001815   0.0002237   1.435e-05  INV_X1
mult_51_U158                   2.798e-05     0.00018   0.0002223   1.435e-05  INV_X1
reg_p2_c_U16                   0.0001281   5.805e-05   0.0002199   3.373e-05  OAI21_X1
mult_49_U124                   2.775e-05   0.0001772   0.0002193   1.435e-05  INV_X1
mult_49_U120                    2.78e-05   0.0001743   0.0002165   1.435e-05  INV_X1
mult_49_U119                    2.77e-05   0.0001732   0.0002152   1.435e-05  INV_X1
mult_57_U158                   2.802e-05   0.0001728   0.0002151   1.435e-05  INV_X1
mult_50_U158                   2.803e-05   0.0001706    0.000213   1.435e-05  INV_X1
mult_49_U123                   2.782e-05   0.0001692   0.0002114   1.435e-05  INV_X1
mult_49_U122                   2.794e-05   0.0001664   0.0002087   1.435e-05  INV_X1
reg_p1_b_U15                   8.762e-05   0.0001033   0.0002083   1.745e-05  NAND2_X1
mult_56_U158                   2.795e-05   0.0001641   0.0002064   1.435e-05  INV_X1
mult_55_U172                   0.0001124   6.647e-05   0.0002063   2.748e-05  NOR3_X1
reg_p2_b_U17                   0.0001038   8.334e-05   0.0002039   1.683e-05  NAND2_X1
reg_p2_c_U6                    0.0001209   4.917e-05   0.0002038   3.373e-05  OAI21_X1
reg_5_U17                      0.0001042   8.142e-05   0.0002024   1.683e-05  NAND2_X1
mult_57_U146                   8.715e-05   0.0001002   0.0002017   1.435e-05  INV_X1
reg_p1_b_U7                    9.507e-05   8.746e-05   0.0001999   1.739e-05  NAND2_X1
reg_p2_c_U4                    0.0001174   4.836e-05   0.0001995   3.373e-05  OAI21_X1
reg_p2_c_U8                     0.000111   4.788e-05   0.0001926   3.373e-05  OAI21_X1
reg_5_U5                        0.000105   7.244e-05   0.0001925   1.504e-05  NAND2_X1
reg_p2_b_U5                    0.0001044   7.174e-05   0.0001912   1.504e-05  NAND2_X1
reg_p1_b_U5                    8.414e-05   8.747e-05    0.000189   1.739e-05  NAND2_X1
mult_49_U111                   5.332e-05   0.0001206   0.0001883   1.431e-05  INV_X1
mult_49_U147                   9.725e-05   6.801e-05   0.0001879   2.266e-05  AOI222_X1
reg_p2_b_U7                    9.368e-05   7.686e-05   0.0001874   1.683e-05  NAND2_X1
mult_57_U219                   0.0001133   4.289e-05   0.0001809   2.469e-05  OR3_X1
mult_56_U174                   0.0001107   5.653e-05   0.0001785   1.129e-05  NAND2_X1
reg_p1_b_U3                    7.907e-05   8.077e-05   0.0001772   1.739e-05  NAND2_X1
mult_56_U226                   8.758e-05   6.036e-05   0.0001759   2.792e-05  NOR3_X1
mult_56_U172                   9.173e-05   5.565e-05   0.0001753   2.792e-05  NOR3_X1
reg_5_U9                       8.868e-05   6.475e-05   0.0001703   1.683e-05  NAND2_X1
reg_p2_b_U9                    8.819e-05   6.404e-05   0.0001691   1.683e-05  NAND2_X1
reg_p2_c_U15                    8.18e-05   7.037e-05   0.0001687   1.656e-05  NAND2_X1
reg_p1_a_U18                   9.437e-05   4.262e-05   0.0001682    3.12e-05  OAI21_X1
mult_49_U156                   7.536e-05    6.75e-05   0.0001679   2.507e-05  AND2_X1
reg_p2_c_U13                   8.124e-05   6.997e-05   0.0001678   1.656e-05  NAND2_X1
reg_p1_a_U6                    9.424e-05   4.176e-05   0.0001672    3.12e-05  OAI21_X1
reg_p1_a_U16                   9.423e-05   4.072e-05   0.0001662    3.12e-05  OAI21_X1
reg_p1_a_U8                    9.423e-05   3.987e-05   0.0001653    3.12e-05  OAI21_X1
reg_p1_a_U4                    9.497e-05   3.886e-05    0.000165    3.12e-05  OAI21_X1
reg_p1_a_U10                    9.42e-05   3.959e-05    0.000165    3.12e-05  OAI21_X1
reg_p1_a_U14                   9.427e-05   3.884e-05   0.0001643    3.12e-05  OAI21_X1
reg_p1_a_U12                   9.421e-05   3.865e-05   0.0001641    3.12e-05  OAI21_X1
reg_p2_c_U11                   8.086e-05   6.609e-05   0.0001635   1.656e-05  NAND2_X1
reg_p1_b_U17                   7.587e-05    6.66e-05   0.0001598   1.738e-05  NAND2_X1
reg_p2_c_U19                   7.603e-05   6.288e-05   0.0001555   1.656e-05  NAND2_X1
mult_51_U174                   0.0001018   3.821e-05    0.000155   1.499e-05  NAND3_X1
reg_p2_c_U17                   7.353e-05   6.463e-05   0.0001547   1.656e-05  NAND2_X1
mult_50_U174                   0.0001016   3.792e-05   0.0001545   1.499e-05  NAND3_X1
mult_55_U175                   9.415e-05   4.044e-05   0.0001496   1.499e-05  NAND3_X1
reg_p2_c_U5                    7.889e-05   5.578e-05   0.0001486   1.388e-05  NAND2_X1
reg_p2_c_U7                    6.993e-05   6.087e-05   0.0001474   1.656e-05  NAND2_X1
mult_57_U174                   8.517e-05    5.05e-05   0.0001466   1.094e-05  NAND2_X1
mult_49_U158                   4.835e-05   6.865e-05   0.0001436   2.656e-05  NAND2_X1
mult_49_U159                   4.046e-05   8.283e-05   0.0001407   1.739e-05  NAND2_X1
mult_49_U160                   4.046e-05   8.158e-05   0.0001394   1.739e-05  NAND2_X1
mult_57_U226                   6.627e-05   4.435e-05   0.0001388   2.816e-05  NOR3_X1
mult_49_U139                   4.005e-05   7.697e-05   0.0001382    2.12e-05  NOR2_X1
mult_49_U127                   3.996e-05   7.693e-05   0.0001381    2.12e-05  NOR2_X1
mult_57_U172                   6.991e-05   3.805e-05   0.0001361   2.816e-05  NOR3_X1
reg_p2_c_U9                    6.489e-05   5.341e-05   0.0001349   1.656e-05  NAND2_X1
mult_49_U173                   4.017e-05   7.137e-05   0.0001327    2.12e-05  NOR2_X1
mult_49_U140                   4.006e-05   7.132e-05   0.0001326    2.12e-05  NOR2_X1
mult_49_U167                   4.018e-05   7.098e-05   0.0001324    2.12e-05  NOR2_X1
mult_49_U141                       4e-05    7.01e-05   0.0001313    2.12e-05  NOR2_X1
mult_49_U136                    4.02e-05   6.911e-05   0.0001305    2.12e-05  NOR2_X1
mult_49_U176                   4.027e-05   6.813e-05   0.0001296    2.12e-05  NOR2_X1
FE_RC_3_0                      8.077e-05   2.705e-05   0.0001293   2.144e-05  BUF_X1
mult_49_U137                   4.028e-05    7.07e-05   0.0001284   1.739e-05  NAND2_X1
mult_49_U162                       4e-05   6.685e-05   0.0001281    2.12e-05  NOR2_X1
mult_49_U133                   4.011e-05   6.668e-05    0.000128    2.12e-05  NOR2_X1
mult_49_U155                   3.989e-05   7.027e-05   0.0001276   1.739e-05  NAND2_X1
mult_49_U169                   4.019e-05     6.6e-05   0.0001274    2.12e-05  NOR2_X1
mult_49_U152                   3.982e-05   7.012e-05   0.0001273   1.739e-05  NAND2_X1
mult_49_U163                   3.994e-05   6.605e-05   0.0001272    2.12e-05  NOR2_X1
mult_49_U150                   3.985e-05   6.989e-05   0.0001271   1.739e-05  NAND2_X1
mult_49_U109                   3.403e-05   7.976e-05   0.0001271   1.329e-05  INV_X1
mult_49_U161                   3.992e-05   6.595e-05   0.0001271    2.12e-05  NOR2_X1
mult_49_U164                   4.002e-05   6.581e-05    0.000127    2.12e-05  NOR2_X1
FE_RC_21_0                     8.142e-05   2.407e-05   0.0001269   2.144e-05  BUF_X1
mult_49_U151                   3.988e-05   6.946e-05   0.0001267   1.739e-05  NAND2_X1
mult_49_U132                   4.017e-05   6.463e-05    0.000126    2.12e-05  NOR2_X1
mult_49_U172                   4.024e-05   6.448e-05   0.0001259    2.12e-05  NOR2_X1
mult_49_U153                   3.986e-05   6.821e-05   0.0001255   1.739e-05  NAND2_X1
mult_49_U142                   4.008e-05   6.412e-05   0.0001254    2.12e-05  NOR2_X1
mult_49_U135                   4.005e-05   6.399e-05   0.0001252    2.12e-05  NOR2_X1
mult_49_U175                   4.019e-05   6.378e-05   0.0001252    2.12e-05  NOR2_X1
mult_49_U134                   4.019e-05   6.369e-05   0.0001251    2.12e-05  NOR2_X1
mult_49_U112                   3.413e-05   7.732e-05   0.0001249   1.342e-05  INV_X1
mult_49_U143                   4.017e-05   6.715e-05   0.0001247   1.739e-05  NAND2_X1
mult_49_U178                   3.989e-05   6.333e-05   0.0001244    2.12e-05  NOR2_X1
mult_49_U131                   3.996e-05   6.309e-05   0.0001243    2.12e-05  NOR2_X1
mult_49_U126                   4.011e-05   6.271e-05    0.000124    2.12e-05  NOR2_X1
FE_RC_4_0                      7.978e-05    2.25e-05   0.0001237   2.144e-05  BUF_X1
FE_RC_5_0                      7.389e-05    2.77e-05    0.000123   2.144e-05  BUF_X1
mult_49_U165                   4.018e-05   6.519e-05   0.0001228   1.739e-05  NAND2_X1
mult_49_U148                   3.998e-05   5.969e-05   0.0001209    2.12e-05  NOR2_X1
mult_49_U166                   4.025e-05   5.941e-05   0.0001209    2.12e-05  NOR2_X1
mult_49_U138                   3.994e-05    5.95e-05   0.0001206    2.12e-05  NOR2_X1
mult_49_U128                   4.015e-05   5.919e-05   0.0001205    2.12e-05  NOR2_X1
mult_49_U177                   4.016e-05   6.266e-05   0.0001202   1.739e-05  NAND2_X1
mult_49_U171                   4.009e-05   6.038e-05   0.0001179   1.739e-05  NAND2_X1
mult_49_U174                   4.028e-05   5.476e-05   0.0001162    2.12e-05  NOR2_X1
mult_49_U129                   4.022e-05   5.325e-05   0.0001147    2.12e-05  NOR2_X1
mult_49_U168                   4.031e-05   5.251e-05    0.000114    2.12e-05  NOR2_X1
mult_49_U170                   4.035e-05   5.077e-05   0.0001123    2.12e-05  NOR2_X1
mult_49_U154                   3.963e-05   5.414e-05   0.0001112   1.739e-05  NAND2_X1
mult_49_U130                   3.981e-05   5.313e-05   0.0001103   1.739e-05  NAND2_X1
reg_p1_a_U19                   4.781e-05   3.838e-05   0.0001036   1.739e-05  NAND2_X1
reg_p1_a_U5                    5.168e-05   3.274e-05   0.0001018   1.739e-05  NAND2_X1
reg_p1_a_U15                   4.841e-05   3.534e-05   0.0001012   1.739e-05  NAND2_X1
reg_p1_a_U9                     4.85e-05   3.356e-05   9.945e-05   1.739e-05  NAND2_X1
reg_p1_a_U13                   4.855e-05   3.258e-05   9.852e-05   1.739e-05  NAND2_X1
reg_p1_a_U7                    4.851e-05   3.258e-05   9.848e-05   1.739e-05  NAND2_X1
reg_p1_a_U17                   4.791e-05   3.315e-05   9.845e-05   1.739e-05  NAND2_X1
mult_49_U149                   3.289e-05   3.274e-05   9.823e-05    3.26e-05  NOR4_X1
reg_p1_a_U11                   4.842e-05   3.181e-05   9.762e-05   1.739e-05  NAND2_X1
mult_56_U175                   6.021e-05   2.263e-05   9.658e-05   1.373e-05  NAND3_X1
mult_57_U175                   4.629e-05   1.945e-05   7.888e-05   1.314e-05  NAND3_X1
mult_49_U110                   1.805e-05   4.133e-05   6.997e-05   1.059e-05  INV_X1

---------------------------------------------------------------------------------------

Total (   1105 of   1105  )       0.6875      0.4665      1.198     0.04445
Total Capacitance                5.888e-12 F
Power Density                   *** No Die Area ***
