*----------------------------------------------------------------------------------------
*	Innovus 17.11-s080_1 (64bit) 08/04/2017 11:13 (Linux 2.6.18-194.el5)
*	
*
* 	Date & Time:	2021-Nov-17 23:16:36 (2021-Nov-17 22:16:36 GMT)
*
*----------------------------------------------------------------------------------------
*
*	Design: iir_filter
*
*	Liberty Libraries used: 
*	        MyAnView: /software/dk/nangate45/liberty/NangateOpenCellLibrary_typical_ecsm_nowlm.lib
*
*	Power Domain used: 
*		Rail:        VDD 	Voltage:        1.1 
*
*       Power View : MyAnView
*
*       User-Defined Activity : N.A.
*
*	Switching Activity File used: 
*	        ../vcd/iir_filter_postplace.vcd
*			Vcd Window used(Start Time, Stop Time):(-1.00249e+23, -1.00249e+23) 
*                     Vcd Scale Factor: 1 
**                    Design annotation coverage: 0/1013 = 0% 
*
*       Hierarchical Global Activity: N.A.
*
*       Global Activity: N.A.
*
*       Sequential Element Activity: N.A.
*
*       Primary Input Activity: 0.200000
*
*       Default icg ratio: N.A.
*
*       Global Comb ClockGate Ratio: N.A.
*
*	Power Units = 1mW
*
*	Time Units = 1e-09 secs 
*
*       Temperature = 25 
*
*       report_power -outfile .//iir_filter.rpt -rail_analysis_format VS
*
-----------------------------------------------------------------------------------------
Cell                            Internal   Switching       Total     Leakage   Cell
                                   Power       Power       Power       Power   Name
--------------------------------------------------------------------------------------
add_0_root_add_0_root_add_52_2_U1_7   0.001465    0.002285    0.003827   7.646e-05  FA_X1
add_0_root_add_0_root_add_52_2_U1_2   0.001459    0.001782    0.003316   7.467e-05  FA_X1
add_0_root_add_0_root_add_52_2_U1_6   0.001453    0.001572      0.0031   7.577e-05  FA_X1
add_0_root_add_0_root_add_52_2_U1_4    0.00145     0.00148    0.003006    7.55e-05  FA_X1
reg_1_Q_reg_7_                  0.001221    0.001698    0.003005   8.565e-05  DFFR_X1
add_0_root_add_0_root_add_52_2_U1_3   0.001449    0.001403    0.002927   7.522e-05  FA_X1
add_0_root_add_0_root_add_52_2_U1_5   0.001449    0.001386     0.00291   7.563e-05  FA_X1
add_0_root_add_0_root_add_52_2_U1_1   0.001202    0.001243    0.002518   7.357e-05  FA_X1
mult_54_U18                     0.001436     0.00099    0.002502   7.624e-05  FA_X1
mult_54_U16                     0.001428     0.00098    0.002479    7.08e-05  FA_X1
mult_54_U25                     0.001426   0.0009574    0.002454   7.018e-05  FA_X1
mult_54_U30                      0.00143   0.0009455    0.002449     7.3e-05  FA_X1
add_1_root_add_0_root_add_57_2_U1_4   0.001433   0.0009331    0.002442    7.55e-05  FA_X1
mult_54_U21                     0.001428   0.0009247    0.002426   7.281e-05  FA_X1
mult_54_U9                      0.001438    0.000919    0.002424    6.74e-05  FA_X1
mult_54_U36                     0.001422   0.0009238    0.002416   6.995e-05  FA_X1
mult_54_U8                      0.001433   0.0009054    0.002409   7.029e-05  FA_X1
add_1_root_add_0_root_add_57_2_U1_5   0.001433   0.0009007    0.002409   7.563e-05  FA_X1
add_1_root_add_0_root_add_57_2_U1_3   0.001431   0.0009003    0.002407   7.521e-05  FA_X1
mult_55_U6                      0.001428   0.0009069    0.002406   7.064e-05  FA_X1
mult_55_U5                      0.001429   0.0008959    0.002397   7.214e-05  FA_X1
mult_54_U22                     0.001424   0.0008881    0.002383   7.144e-05  FA_X1
mult_54_U6                      0.001431    0.000879    0.002382   7.171e-05  FA_X1
add_1_root_add_0_root_add_57_2_U1_6   0.001431   0.0008745    0.002382   7.581e-05  FA_X1
mult_55_U4                      0.001428   0.0008647    0.002368   7.485e-05  FA_X1
mult_54_U7                      0.001432   0.0008472    0.002352   7.251e-05  FA_X1
add_1_root_add_0_root_add_57_2_U1_2    0.00143   0.0008411    0.002345   7.466e-05  FA_X1
mult_50_U4                      0.001427   0.0008417    0.002344   7.482e-05  FA_X1
mult_54_U5                      0.001431   0.0008377    0.002342   7.317e-05  FA_X1
mult_54_U26                     0.001428   0.0008375    0.002341   7.503e-05  FA_X1
mult_50_U5                      0.001427   0.0008318    0.002331    7.22e-05  FA_X1
mult_54_U4                      0.001431   0.0008193    0.002326   7.514e-05  FA_X1
reg_1_Q_reg_2_                  0.001208   0.0009821    0.002276   8.565e-05  DFFR_X1
mult_54_U3                      0.001429   0.0007727    0.002275   7.353e-05  FA_X1
mult_55_U3                      0.001387   0.0008043    0.002264   7.341e-05  FA_X1
mult_50_U6                      0.001346   0.0008284    0.002245   7.095e-05  FA_X1
reg_2_Q_reg_7_                 0.0009884     0.00116    0.002234    8.53e-05  DFFR_X1
add_1_root_add_0_root_add_52_2_U1_5    0.00135   0.0007782    0.002204   7.563e-05  FA_X1
mult_54_U27                     0.001223   0.0008548    0.002151   7.327e-05  FA_X1
mult_50_U3                      0.001326   0.0007328    0.002132   7.341e-05  FA_X1
mult_54_U42                     0.001399   0.0006575    0.002122   6.613e-05  FA_X1
mult_55_U7                      0.001251   0.0007989    0.002122   7.234e-05  FA_X1
add_0_root_add_0_root_add_57_2_U1_1   0.001429   0.0006168    0.002119   7.358e-05  FA_X1
add_0_root_add_0_root_add_57_2_U1_2   0.001425   0.0006108     0.00211   7.467e-05  FA_X1
add_0_root_add_0_root_add_57_2_U1_6   0.001422   0.0006053    0.002103   7.571e-05  FA_X1
mult_51_U4                      0.001262   0.0007657    0.002102   7.469e-05  FA_X1
mult_56_U4                      0.001269   0.0007537    0.002097   7.468e-05  FA_X1
add_0_root_add_0_root_add_57_2_U1_3   0.001422   0.0005865    0.002084   7.522e-05  FA_X1
add_1_root_add_0_root_add_52_2_U1_6   0.001275    0.000732    0.002082   7.574e-05  FA_X1
add_0_root_add_0_root_add_57_2_U1_5   0.001422    0.000584    0.002082   7.563e-05  FA_X1
add_0_root_add_0_root_add_57_2_U1_4   0.001421   0.0005783    0.002075   7.549e-05  FA_X1
mult_54_U32                     0.001218   0.0007593    0.002055   7.759e-05  FA_X1
reg_1_Q_reg_6_                  0.001217    0.000748    0.002051   8.565e-05  DFFR_X1
add_1_root_add_0_root_add_52_2_U1_3   0.001211   0.0007489    0.002035   7.522e-05  FA_X1
add_1_root_add_0_root_add_57_2_U1_7   0.001428   0.0005202    0.002025   7.707e-05  FA_X1
mult_56_U5                      0.001197   0.0007531    0.002021   7.159e-05  FA_X1
add_1_root_add_0_root_add_57_2_U1_1   0.001231   0.0007102    0.002015   7.355e-05  FA_X1
add_1_root_add_0_root_add_52_2_U1_4   0.001233   0.0006851    0.001994   7.549e-05  FA_X1
mult_54_U31                     0.001204   0.0007162    0.001988    6.76e-05  FA_X1
mult_54_U37                     0.001211   0.0007046    0.001985   6.948e-05  FA_X1
mult_51_U5                      0.001179   0.0006952    0.001946   7.162e-05  FA_X1
add_1_root_add_0_root_add_52_2_U1_2   0.001158   0.0007126    0.001945   7.467e-05  FA_X1
mult_54_U19                     0.001216   0.0006388    0.001927   7.275e-05  FA_X1
mult_54_U23                       0.0011   0.0007085    0.001894   8.547e-05  FA_X1
add_1_root_add_0_root_add_52_2_U1_7   0.001348   0.0004508    0.001875   7.631e-05  FA_X1
mult_54_U15                     0.001113   0.0006519    0.001854   8.878e-05  FA_X1
reg_1_Q_reg_5_                  0.001214    0.000537    0.001837   8.565e-05  DFFR_X1
mult_50_U7                      0.001079   0.0006811    0.001832   7.238e-05  FA_X1
reg_1_Q_reg_3_                  0.001207   0.0005376     0.00183   8.565e-05  DFFR_X1
reg_1_Q_reg_4_                   0.00121   0.0005305    0.001827   8.565e-05  DFFR_X1
reg_1_Q_reg_0_                  0.001196   0.0005173    0.001799   8.565e-05  DFFR_X1
reg_1_Q_reg_1_                  0.001199   0.0005075    0.001792   8.565e-05  DFFR_X1
mult_51_U6                      0.001001   0.0007017    0.001773   7.012e-05  FA_X1
mult_56_U6                      0.001026   0.0006672    0.001763   7.006e-05  FA_X1
mult_54_U129                   0.0001932    0.001554    0.001761   1.435e-05  INV_X1
reg_dout_Q_reg_7_               0.001214   0.0004579    0.001757   8.565e-05  DFFR_X1
mult_55_U8                      0.001007   0.0006779    0.001755   7.012e-05  FA_X1
reg_dout_Q_reg_6_               0.001213   0.0004488    0.001748   8.565e-05  DFFR_X1
reg_dout_Q_reg_5_               0.001213   0.0004361    0.001735   8.565e-05  DFFR_X1
mult_51_U3                      0.001067   0.0005921    0.001732   7.342e-05  FA_X1
mult_56_U3                      0.001071   0.0005853    0.001729   7.342e-05  FA_X1
reg_dout_Q_reg_0_               0.001213   0.0004289    0.001727   8.565e-05  DFFR_X1
mult_54_U38                    0.0009864   0.0006699    0.001727   7.068e-05  FA_X1
reg_dout_Q_reg_4_               0.001213   0.0004244    0.001723   8.565e-05  DFFR_X1
reg_dout_Q_reg_3_               0.001212   0.0004141    0.001712   8.565e-05  DFFR_X1
mult_54_U28                    0.0009656    0.000678    0.001711   6.716e-05  FA_X1
mult_54_U127                   0.0001936    0.001502     0.00171   1.435e-05  INV_X1
add_0_root_add_0_root_add_57_2_U1_7   0.001415   0.0002168    0.001708   7.613e-05  FA_X1
reg_dout_Q_reg_1_               0.001212   0.0004062    0.001704   8.565e-05  DFFR_X1
reg_dout_Q_reg_2_               0.001212    0.000399    0.001696   8.565e-05  DFFR_X1
mult_54_U128                   0.0001942    0.001465    0.001674   1.435e-05  INV_X1
mult_54_U34                     0.000917   0.0006757    0.001655   6.192e-05  FA_X1
mult_54_U17                    0.0009649   0.0005963     0.00164   7.896e-05  FA_X1
mult_54_U33                    0.0009647   0.0005959     0.00164   7.896e-05  FA_X1
mult_54_U44                    0.0009157   0.0006358    0.001613   6.192e-05  FA_X1
mult_54_U24                    0.0009157   0.0006332    0.001611   6.192e-05  FA_X1
reg_2_Q_reg_2_                 0.0009554   0.0005698    0.001611    8.53e-05  DFFR_X1
mult_54_U20                    0.0009627   0.0005761    0.001606   6.716e-05  FA_X1
add_1_root_add_0_root_add_52_2_U1_1  0.0009099   0.0005751    0.001559   7.357e-05  FA_X1
mult_54_U47                     0.000914     0.00057    0.001546   6.192e-05  FA_X1
reg_2_Q_reg_6_                 0.0009855   0.0004749    0.001546    8.53e-05  DFFR_X1
mult_55_U18                    0.0008553   0.0006074    0.001539   7.644e-05  FA_X1
mult_54_U130                   0.0001828    0.001331    0.001528   1.435e-05  INV_X1
mult_50_U18                    0.0008616   0.0005887    0.001527   7.631e-05  FA_X1
mult_50_U25                    0.0008546   0.0005911    0.001515   6.888e-05  FA_X1
mult_50_U21                    0.0008549   0.0005794    0.001505   7.114e-05  FA_X1
mult_54_U29                    0.0009141   0.0005162    0.001492   6.192e-05  FA_X1
mult_55_U21                    0.0008479   0.0005589    0.001478   7.115e-05  FA_X1
mult_55_U25                    0.0008466   0.0005594    0.001474    6.83e-05  FA_X1
mult_56_U7                     0.0008308   0.0005693    0.001472   7.231e-05  FA_X1
mult_50_U9                     0.0008318   0.0005744    0.001471   6.519e-05  FA_X1
mult_55_U9                     0.0008324   0.0005734    0.001471   6.519e-05  FA_X1
mult_54_U43                    0.0009095   0.0005023    0.001471   5.902e-05  FA_X1
mult_50_U8                     0.0008626   0.0005065    0.001439   7.011e-05  FA_X1
mult_54_U39                    0.0009036     0.00046    0.001425   6.192e-05  FA_X1
FE_DBTC12_q_reg1_1             7.941e-05    0.001304    0.001397   1.362e-05  INV_X1
mult_54_U131                    0.000196    0.001182    0.001393   1.435e-05  INV_X1
FE_DBTC9_q_reg1_4              7.938e-05    0.001276    0.001369   1.362e-05  INV_X1
add_0_root_add_0_root_add_52_2_U2  0.0005102   0.0008168    0.001363   3.607e-05  XOR2_X1
FE_DBTC10_q_reg1_3             7.937e-05    0.001269    0.001362   1.362e-05  INV_X1
FE_DBTC8_q_reg1_5              7.937e-05    0.001269    0.001362   1.362e-05  INV_X1
reg_2_Q_reg_4_                 0.0009791   0.0002968    0.001361    8.53e-05  DFFR_X1
reg_2_Q_reg_0_                 0.0009551   0.0003198     0.00136    8.53e-05  DFFR_X1
reg_2_Q_reg_5_                 0.0009821   0.0002906    0.001358    8.53e-05  DFFR_X1
mult_51_U7                     0.0008004   0.0004738    0.001347   7.241e-05  FA_X1
reg_2_Q_reg_3_                 0.0009634    0.000288    0.001337    8.53e-05  DFFR_X1
reg_2_Q_reg_1_                 0.0009422   0.0003072    0.001335    8.53e-05  DFFR_X1
mult_54_U46                     0.000808   0.0004399    0.001306   5.812e-05  FA_X1
mult_50_U30                    0.0006866   0.0004764    0.001236   7.322e-05  FA_X1
mult_50_U36                    0.0006777   0.0004869    0.001235   7.039e-05  FA_X1
mult_56_U8                     0.0006666   0.0004819    0.001219   7.022e-05  FA_X1
mult_55_U16                    0.0006784   0.0004685    0.001216   6.935e-05  FA_X1
FE_DBTC7_q_reg1_6              7.938e-05    0.001113    0.001206   1.362e-05  INV_X1
mult_55_U36                     0.000677   0.0004581    0.001205   7.039e-05  FA_X1
mult_55_U30                    0.0006807   0.0004472    0.001201   7.319e-05  FA_X1
mult_50_U16                    0.0006779   0.0004479    0.001195   6.935e-05  FA_X1
mult_55_U22                    0.0006771   0.0004345    0.001182   7.008e-05  FA_X1
mult_56_U18                    0.0006441   0.0004605    0.001181   7.652e-05  FA_X1
mult_51_U21                    0.0006387   0.0004678    0.001177    7.02e-05  FA_X1
mult_55_U26                    0.0006807   0.0004194    0.001175   7.451e-05  FA_X1
mult_50_U26                    0.0006807   0.0004157    0.001171   7.451e-05  FA_X1
mult_54_U132                   0.0001987   0.0009522    0.001165   1.435e-05  INV_X1
mult_50_U22                    0.0006817   0.0004112    0.001163   6.996e-05  FA_X1
mult_51_U18                    0.0006431   0.0004341    0.001154   7.652e-05  FA_X1
mult_54_U134                   0.0001722   0.0009595    0.001146   1.435e-05  INV_X1
mult_54_U156                   0.0006354    0.000471    0.001145   3.857e-05  AOI222_X1
mult_56_U21                    0.0006378   0.0004311    0.001139    7.02e-05  FA_X1
mult_51_U25                    0.0006354   0.0004318    0.001134   6.721e-05  FA_X1
mult_54_U49                    0.0007633   0.0003103    0.001134   5.995e-05  FA_X1
mult_56_U25                    0.0006351   0.0004293    0.001132   6.721e-05  FA_X1
FE_DBTC13_q_reg1_0             7.917e-05    0.001035    0.001127   1.362e-05  INV_X1
mult_51_U8                     0.0006418   0.0003963    0.001108   7.034e-05  FA_X1
mult_56_U9                     0.0005895   0.0004512    0.001105   6.398e-05  FA_X1
mult_54_U48                    0.0005965   0.0004417    0.001092    5.34e-05  HA_X1
mult_54_U51                    0.0006311   0.0004014    0.001086    5.34e-05  HA_X1
mult_55_U143                   0.0007195    0.000313    0.001069   3.665e-05  XNOR2_X1
mult_50_U143                   0.0007161   0.0003065    0.001059   3.664e-05  XNOR2_X1
mult_55_U142                   0.0005011   0.0005175    0.001054   3.586e-05  XOR2_X1
FE_DBTC1_q_reg2_5              5.789e-05   0.0009567    0.001028   1.326e-05  INV_X1
mult_54_U143                   0.0006699   0.0003202    0.001027   3.663e-05  XNOR2_X1
mult_51_U9                     0.0005555    0.000407    0.001027   6.403e-05  FA_X1
FE_DBTC2_q_reg2_4              5.759e-05   0.0009554    0.001026   1.326e-05  INV_X1
mult_54_U142                   0.0005316   0.0004512    0.001019   3.599e-05  XOR2_X1
FE_DBTC3_q_reg2_3              5.613e-05   0.0009313    0.001001   1.326e-05  INV_X1
mult_51_U142                   0.0004905   0.0004712   0.0009976   3.585e-05  XOR2_X1
mult_50_U142                   0.0005004   0.0004543   0.0009906   3.588e-05  XOR2_X1
mult_54_U155                   0.0005105   0.0004054   0.0009841   6.821e-05  OAI222_X1
mult_55_U42                    0.0006211   0.0002977   0.0009826   6.382e-05  FA_X1
mult_50_U42                    0.0006206   0.0002894   0.0009738   6.382e-05  FA_X1
mult_54_U45                    0.0005945   0.0003237   0.0009716    5.34e-05  HA_X1
mult_55_U27                    0.0005505   0.0003466   0.0009701   7.307e-05  FA_X1
mult_55_U32                    0.0005476   0.0003432   0.0009676   7.673e-05  FA_X1
mult_56_U142                   0.0004903   0.0004414   0.0009675   3.584e-05  XOR2_X1
mult_50_U27                    0.0005543   0.0003351   0.0009627   7.339e-05  FA_X1
mult_50_U32                    0.0005471   0.0003191   0.0009429   7.673e-05  FA_X1
mult_51_U30                    0.0005124    0.000351   0.0009367   7.334e-05  FA_X1
mult_50_U37                    0.0005446   0.0003216   0.0009353   6.906e-05  FA_X1
mult_55_U31                    0.0005412   0.0003276   0.0009345   6.556e-05  FA_X1
mult_55_U37                    0.0005446    0.000319   0.0009327   6.906e-05  FA_X1
mult_54_U157                   0.0004836   0.0003845   0.0009314   6.325e-05  OAI222_X1
mult_50_U31                    0.0005454   0.0003186   0.0009298   6.582e-05  FA_X1
mult_56_U30                    0.0005124    0.000342   0.0009277   7.334e-05  FA_X1
mult_51_U16                      0.00051   0.0003479   0.0009264   6.855e-05  FA_X1
mult_55_U19                    0.0005482   0.0002998   0.0009206   7.258e-05  FA_X1
mult_56_U16                    0.0005097   0.0003392   0.0009174   6.855e-05  FA_X1
FE_DBTC11_q_reg1_2             8.035e-05   0.0008224   0.0009163   1.362e-05  INV_X1
mult_56_U36                    0.0005088    0.000331   0.0009106    7.08e-05  FA_X1
mult_51_U143                   0.0006111   0.0002627   0.0009104   3.661e-05  XNOR2_X1
mult_51_U22                    0.0005091   0.0003298   0.0009082   6.931e-05  FA_X1
mult_56_U143                   0.0006124   0.0002575   0.0009065   3.663e-05  XNOR2_X1
mult_56_U22                     0.000509   0.0003268   0.0009052   6.931e-05  FA_X1
mult_54_U50                    0.0005926   0.0002556   0.0009016    5.34e-05  HA_X1
mult_51_U36                    0.0004842   0.0003455   0.0009005    7.08e-05  FA_X1
mult_51_U26                    0.0005124   0.0003126   0.0008992   7.418e-05  FA_X1
mult_50_U19                    0.0005474   0.0002726   0.0008926   7.258e-05  FA_X1
mult_56_U26                    0.0005122   0.0003043   0.0008907   7.418e-05  FA_X1
FE_DBTC5_q_reg2_1               5.39e-05   0.0008135   0.0008806   1.326e-05  INV_X1
add_0_root_add_0_root_add_57_2_U1  0.0005886   0.0002425   0.0008673   3.616e-05  XOR2_X1
mult_55_U15                    0.0004764   0.0002825     0.00085    9.11e-05  FA_X1
FE_DBTC0_q_reg2_6              5.778e-05   0.0007731   0.0008441   1.326e-05  INV_X1
mult_50_U15                    0.0004764   0.0002754   0.0008429    9.11e-05  FA_X1
mult_55_U28                    0.0004341   0.0003361    0.000836   6.584e-05  FA_X1
mult_50_U23                    0.0004412   0.0003001   0.0008287   8.746e-05  FA_X1
add_1_root_add_0_root_add_57_2_U2  0.0004466   0.0003384   0.0008211   3.608e-05  XOR2_X1
mult_54_U164                   0.0004761   0.0003076   0.0008149   3.125e-05  XNOR2_X1
mult_55_U38                    0.0004452   0.0002949   0.0008102   7.012e-05  FA_X1
mult_50_U28                    0.0004333   0.0003108   0.0008099   6.584e-05  FA_X1
mult_55_U23                    0.0004406   0.0002789    0.000807   8.746e-05  FA_X1
mult_50_U38                    0.0004453   0.0002895    0.000805   7.012e-05  FA_X1
mult_55_U17                     0.000433   0.0002739   0.0007866   7.961e-05  FA_X1
add_0_root_add_0_root_add_57_2_U2  0.0004403   0.0003126    0.000778   2.507e-05  AND2_X1
mult_50_U17                    0.0004328   0.0002611   0.0007735   7.961e-05  FA_X1
mult_50_U20                    0.0004321   0.0002714   0.0007693   6.584e-05  FA_X1
add_1_root_add_0_root_add_52_2_U2  0.0003935   0.0003336   0.0007632   3.616e-05  XOR2_X1
mult_50_U33                     0.000432   0.0002504   0.0007619   7.961e-05  FA_X1
mult_56_U27                    0.0004151    0.000269   0.0007572   7.303e-05  FA_X1
mult_55_U20                    0.0004318   0.0002595   0.0007571   6.584e-05  FA_X1
FE_DBTC6_q_reg2_0              5.492e-05   0.0006821   0.0007503   1.326e-05  INV_X1
mult_51_U32                    0.0004119   0.0002542   0.0007424   7.628e-05  FA_X1
mult_55_U33                    0.0004316   0.0002295   0.0007407   7.961e-05  FA_X1
mult_51_U27                    0.0004144   0.0002523   0.0007397   7.303e-05  FA_X1
mult_55_U44                    0.0003861   0.0002883   0.0007339   5.953e-05  FA_X1
mult_51_U37                    0.0004102   0.0002541   0.0007332   6.894e-05  FA_X1
mult_55_U34                     0.000386   0.0002864   0.0007319   5.953e-05  FA_X1
mult_50_U44                    0.0003859    0.000284   0.0007295   5.953e-05  FA_X1
mult_56_U32                    0.0004115   0.0002369   0.0007246   7.628e-05  FA_X1
mult_55_U24                    0.0003856   0.0002766   0.0007217   5.953e-05  FA_X1
mult_50_U24                    0.0003856   0.0002734   0.0007185   5.953e-05  FA_X1
mult_56_U19                    0.0004133   0.0002323   0.0007182   7.257e-05  FA_X1
mult_56_U37                    0.0004097   0.0002376   0.0007163   6.894e-05  FA_X1
mult_51_U42                     0.000438   0.0002146   0.0007151   6.256e-05  FA_X1
mult_50_U34                    0.0003708   0.0002846   0.0007151   5.966e-05  FA_X1
mult_56_U42                    0.0004378   0.0002081   0.0007085   6.256e-05  FA_X1
mult_56_U31                    0.0004066   0.0002365   0.0007075   6.437e-05  FA_X1
mult_55_U47                    0.0003853   0.0002599   0.0007048   5.953e-05  FA_X1
mult_51_U31                    0.0004067   0.0002335   0.0007046   6.437e-05  FA_X1
mult_50_U43                    0.0003994   0.0002349   0.0006915   5.722e-05  FA_X1
mult_50_U47                    0.0003849   0.0002446    0.000689   5.953e-05  FA_X1
mult_51_U19                    0.0004124   0.0002022   0.0006872   7.257e-05  FA_X1
mult_50_U29                     0.000385   0.0002323   0.0006768   5.953e-05  FA_X1
mult_55_U43                     0.000399   0.0002194   0.0006756   5.722e-05  FA_X1
mult_55_U29                    0.0003848   0.0002269   0.0006713   5.953e-05  FA_X1
mult_51_U23                    0.0003326   0.0002319   0.0006531   8.849e-05  FA_X1
mult_55_U39                    0.0003837   0.0002017   0.0006449   5.953e-05  FA_X1
mult_50_U39                    0.0003837   0.0001993   0.0006425   5.953e-05  FA_X1
mult_51_U15                    0.0003478   0.0001998   0.0006399   9.227e-05  FA_X1
FE_DBTC4_q_reg2_2               5.51e-05   0.0005715   0.0006398   1.326e-05  INV_X1
mult_56_U15                    0.0003476   0.0001961   0.0006359   9.227e-05  FA_X1
mult_56_U28                    0.0003261   0.0002402   0.0006315   6.519e-05  FA_X1
mult_56_U23                    0.0003319   0.0002062   0.0006265   8.849e-05  FA_X1
mult_56_U38                    0.0003331   0.0002191    0.000622   6.984e-05  FA_X1
mult_54_U124                    0.000189   0.0004179   0.0006212   1.431e-05  INV_X1
mult_51_U28                    0.0003258   0.0002264   0.0006173   6.519e-05  FA_X1
mult_51_U38                    0.0003328   0.0002109   0.0006136   6.984e-05  FA_X1
ff_1_Q_reg                     0.0004673   5.587e-05   0.0006094   8.621e-05  DFFR_X1
mult_51_U17                    0.0003256   0.0002027   0.0006082   7.994e-05  FA_X1
mult_55_U46                    0.0003491   0.0002001   0.0006055   5.631e-05  FA_X1
mult_56_U17                    0.0003254   0.0001964   0.0006017   7.994e-05  FA_X1
mult_50_U46                    0.0003487    0.000191    0.000596   5.631e-05  FA_X1
mult_54_U158                    0.000336   0.0002348   0.0005934   2.266e-05  AOI222_X1
mult_56_U33                     0.000325   0.0001882   0.0005932   7.994e-05  FA_X1
mult_56_U20                     0.000325   0.0002024   0.0005925   6.519e-05  FA_X1
mult_51_U33                    0.0003245   0.0001823   0.0005868   7.994e-05  FA_X1
mult_51_U20                    0.0003247   0.0001916   0.0005815   6.519e-05  FA_X1
mult_54_U168                    0.000139   0.0004051   0.0005615   1.739e-05  NAND2_X1
mult_54_U165                   0.0001823   0.0003523   0.0005611   2.656e-05  NAND2_X1
mult_50_U156                    0.000306   0.0002137   0.0005549   3.514e-05  AOI222_X1
mult_50_U48                    0.0002822   0.0002169   0.0005512   5.217e-05  HA_X1
mult_55_U156                   0.0003058   0.0002091   0.0005501   3.514e-05  AOI222_X1
mult_56_U34                    0.0002783   0.0002061   0.0005428   5.834e-05  FA_X1
mult_51_U34                    0.0002782   0.0002029   0.0005394   5.834e-05  FA_X1
mult_56_U24                    0.0002791   0.0001994   0.0005368   5.834e-05  FA_X1
mult_51_U44                    0.0002767   0.0001989   0.0005339   5.834e-05  FA_X1
mult_51_U24                    0.0002789   0.0001927     0.00053   5.834e-05  FA_X1
mult_56_U44                    0.0002765   0.0001914   0.0005262   5.834e-05  FA_X1
mult_55_U48                    0.0002818    0.000191   0.0005249   5.217e-05  HA_X1
add_0_root_add_0_root_add_52_2_U1   0.000287   0.0002031   0.0005152   2.503e-05  AND2_X1
mult_54_U167                   0.0001657   0.0003264   0.0005095   1.739e-05  NAND2_X1
mult_56_U47                    0.0002751   0.0001746   0.0005081   5.834e-05  FA_X1
mult_50_U49                    0.0003168   0.0001301   0.0005048   5.776e-05  FA_X1
mult_51_U47                     0.000275   0.0001679   0.0005012   5.834e-05  FA_X1
mult_50_U51                    0.0002814   0.0001673   0.0005009   5.217e-05  HA_X1
mult_55_U49                    0.0003168   0.0001257   0.0005003   5.776e-05  FA_X1
mult_54_U166                   0.0001669   0.0003152   0.0004995   1.739e-05  NAND2_X1
mult_55_U51                    0.0002814   0.0001657   0.0004993   5.217e-05  HA_X1
mult_56_U29                    0.0002752   0.0001649   0.0004984   5.834e-05  FA_X1
mult_51_U29                    0.0002751   0.0001626   0.0004961   5.834e-05  FA_X1
mult_51_U43                    0.0002785   0.0001576   0.0004925   5.632e-05  FA_X1
mult_56_U43                    0.0002784   0.0001544   0.0004891   5.632e-05  FA_X1
mult_51_U39                    0.0002748   0.0001523   0.0004854   5.834e-05  FA_X1
mult_55_U45                    0.0002808   0.0001478   0.0004808   5.217e-05  HA_X1
mult_50_U45                    0.0002808   0.0001472   0.0004802   5.217e-05  HA_X1
mult_56_U39                    0.0002747    0.000146    0.000479   5.834e-05  FA_X1
add_1_root_add_0_root_add_57_2_U1   0.000264    0.000189    0.000478   2.505e-05  AND2_X1
mult_55_U155                   0.0002124   0.0001894   0.0004731   7.134e-05  OAI222_X1
mult_50_U155                   0.0002126   0.0001835   0.0004674   7.134e-05  OAI222_X1
mult_54_U147                   0.0001723   0.0002724   0.0004659    2.12e-05  NOR2_X1
mult_54_U202                   0.0001751   0.0002677   0.0004602   1.739e-05  NAND2_X1
mult_54_U173                   0.0001753   0.0002595   0.0004521   1.739e-05  NAND2_X1
mult_50_U50                    0.0002802   0.0001189   0.0004512   5.217e-05  HA_X1
mult_55_U50                    0.0002801   0.0001172   0.0004495   5.217e-05  HA_X1
mult_54_U148                   0.0001726   0.0002544   0.0004483    2.12e-05  NOR2_X1
mult_54_U150                   0.0001755   0.0002481    0.000441   1.739e-05  NAND2_X1
mult_54_U187                   0.0001756   0.0002478   0.0004408   1.739e-05  NAND2_X1
mult_54_U149                   0.0001703   0.0002436   0.0004351    2.12e-05  NOR2_X1
mult_50_U157                   0.0002053    0.000161   0.0004338   6.755e-05  OAI222_X1
mult_56_U46                    0.0002411   0.0001371   0.0004336   5.543e-05  FA_X1
mult_54_U154                   0.0001357   0.0002794   0.0004326   1.739e-05  NAND2_X1
mult_51_U46                    0.0002411   0.0001354   0.0004319   5.543e-05  FA_X1
mult_55_U157                   0.0002054   0.0001586   0.0004315   6.755e-05  OAI222_X1
mult_54_U190                   0.0001279   0.0002793   0.0004285    2.12e-05  NOR2_X1
mult_54_U126                    0.000128    0.000285   0.0004264   1.342e-05  INV_X1
mult_54_U177                   0.0001288   0.0002698   0.0004198    2.12e-05  NOR2_X1
mult_54_U199                   0.0001287   0.0002686   0.0004185    2.12e-05  NOR2_X1
mult_54_U182                   0.0001279   0.0002677   0.0004168    2.12e-05  NOR2_X1
mult_54_U163                   0.0001382   0.0002556   0.0004112   1.739e-05  NAND2_X1
mult_51_U156                   0.0002248   0.0001524   0.0004104   3.322e-05  AOI222_X1
mult_56_U156                   0.0002248   0.0001505   0.0004086   3.322e-05  AOI222_X1
mult_54_U170                   0.0001288    0.000258   0.0004081    2.12e-05  NOR2_X1
mult_54_U185                   0.0001289   0.0002579    0.000408    2.12e-05  NOR2_X1
mult_54_U175                   0.0001279   0.0002581   0.0004072    2.12e-05  NOR2_X1
mult_54_U153                   0.0001402   0.0002493   0.0004068   1.739e-05  NAND2_X1
mult_54_U151                   0.0001271   0.0002621   0.0004066   1.739e-05  NAND2_X1
mult_54_U200                   0.0001288   0.0002566   0.0004066    2.12e-05  NOR2_X1
mult_54_U186                   0.0001283   0.0002549   0.0004044    2.12e-05  NOR2_X1
mult_54_U184                   0.0001289   0.0002541   0.0004042    2.12e-05  NOR2_X1
mult_54_U197                   0.0001219    0.000261   0.0004041    2.12e-05  NOR2_X1
mult_54_U198                    0.000129   0.0002537   0.0004039    2.12e-05  NOR2_X1
mult_54_U125                   0.0001208   0.0002697   0.0004038   1.329e-05  INV_X1
mult_51_U48                    0.0002025   0.0001461   0.0004001   5.157e-05  HA_X1
mult_56_U48                    0.0002024   0.0001446   0.0003986   5.157e-05  HA_X1
mult_54_U171                   0.0001287   0.0002464   0.0003962    2.12e-05  NOR2_X1
mult_54_U161                   0.0001373   0.0002411   0.0003958   1.739e-05  NAND2_X1
mult_54_U192                   0.0001289    0.000244   0.0003941    2.12e-05  NOR2_X1
mult_54_U193                    0.000129   0.0002436   0.0003938    2.12e-05  NOR2_X1
mult_54_U146                   0.0001735   0.0001982   0.0003929    2.12e-05  NOR2_X1
mult_54_U169                   0.0001276    0.000244   0.0003928    2.12e-05  NOR2_X1
mult_54_U178                    0.000129   0.0002423   0.0003925    2.12e-05  NOR2_X1
mult_54_U195                   0.0001766   0.0001959     0.00039   1.739e-05  NAND2_X1
mult_54_U201                   0.0001282   0.0002404   0.0003897    2.12e-05  NOR2_X1
mult_54_U145                    0.000122   0.0002451   0.0003882    2.12e-05  NOR2_X1
mult_55_U164                   0.0002207   0.0001371   0.0003878   3.002e-05  XNOR2_X1
mult_54_U180                   0.0001767   0.0001931   0.0003872   1.739e-05  NAND2_X1
mult_54_U172                   0.0001288    0.000237   0.0003869    2.12e-05  NOR2_X1
mult_50_U164                   0.0002205   0.0001339   0.0003844   3.002e-05  XNOR2_X1
reg_1_U4                       0.0002318   0.0001127   0.0003757    3.12e-05  OAI21_X1
mult_56_U51                    0.0002013   0.0001185   0.0003714   5.157e-05  HA_X1
mult_51_U51                    0.0002013   0.0001176   0.0003705   5.157e-05  HA_X1
mult_54_U189                   0.0001221   0.0002263   0.0003696    2.12e-05  NOR2_X1
mult_54_U181                   0.0001221   0.0002261   0.0003694    2.12e-05  NOR2_X1
reg_dout_U2                    0.0002343   0.0001033   0.0003688    3.12e-05  OAI21_X1
reg_dout_U16                   0.0002347   0.0001023   0.0003682    3.12e-05  OAI21_X1
reg_dout_U10                   0.0002342   0.0001021   0.0003675    3.12e-05  OAI21_X1
reg_dout_U4                    0.0002344   0.0001015   0.0003671    3.12e-05  OAI21_X1
reg_dout_U6                    0.0002343   0.0001014   0.0003669    3.12e-05  OAI21_X1
reg_dout_U8                    0.0002342   0.0001011   0.0003665    3.12e-05  OAI21_X1
reg_dout_U14                   0.0002341   9.955e-05   0.0003649    3.12e-05  OAI21_X1
reg_1_U8                        0.000234   9.934e-05   0.0003645    3.12e-05  OAI21_X1
mult_54_U203                   0.0001452   0.0001981   0.0003645    2.12e-05  NOR2_X1
mult_54_U174                   0.0001221   0.0002188   0.0003622    2.12e-05  NOR2_X1
mult_51_U49                    0.0002215   8.388e-05   0.0003621    5.67e-05  FA_X1
mult_56_U49                    0.0002213   8.362e-05   0.0003617    5.67e-05  FA_X1
reg_1_U6                       0.0002342   9.595e-05   0.0003613    3.12e-05  OAI21_X1
mult_54_U194                   0.0001283   0.0002115   0.0003611    2.12e-05  NOR2_X1
mult_54_U144                    0.000177    0.000164   0.0003584   1.739e-05  NAND2_X1
reg_dout_U12                    0.000234   9.305e-05   0.0003582    3.12e-05  OAI21_X1
mult_56_U45                    0.0002017   0.0001048   0.0003581   5.157e-05  HA_X1
mult_54_U135                    0.000103   0.0002382   0.0003577   1.648e-05  INV_X1
mult_54_U183                   0.0001294   0.0002053   0.0003559    2.12e-05  NOR2_X1
mult_51_U45                    0.0002016   0.0001022   0.0003554   5.157e-05  HA_X1
mult_54_U159                   0.0001452   0.0001872   0.0003536    2.12e-05  NOR2_X1
reg_1_U16                      0.0002159   0.0001006   0.0003478    3.12e-05  OAI21_X1
mult_54_U191                   0.0001295   0.0001946   0.0003453    2.12e-05  NOR2_X1
reg_1_U2                       0.0002229   8.912e-05   0.0003432    3.12e-05  OAI21_X1
mult_54_U162                   0.0001361   0.0001887   0.0003421   1.739e-05  NAND2_X1
mult_54_U179                   0.0001284   0.0001919   0.0003416    2.12e-05  NOR2_X1
mult_54_U188                   0.0001122   0.0002077   0.0003411    2.12e-05  NOR2_X1
mult_54_U176                   0.0001296   0.0001899   0.0003406    2.12e-05  NOR2_X1
mult_51_U50                    0.0002012   8.655e-05   0.0003393   5.157e-05  HA_X1
mult_54_U152                   0.0001293   0.0001878   0.0003345   1.739e-05  NAND2_X1
reg_1_U14                      0.0002097   9.296e-05   0.0003339    3.12e-05  OAI21_X1
mult_56_U50                    0.0002011   8.057e-05   0.0003332   5.157e-05  HA_X1
mult_51_U155                   0.0001341   0.0001255   0.0003324   7.285e-05  OAI222_X1
mult_54_U196                   0.0001121    0.000199   0.0003323    2.12e-05  NOR2_X1
mult_56_U155                   0.0001341   0.0001174   0.0003243   7.285e-05  OAI222_X1
add_1_root_add_0_root_add_52_2_U1  0.0001684   0.0001264   0.0003199   2.507e-05  AND2_X1
reg_1_U12                      0.0001955   8.777e-05   0.0003144    3.12e-05  OAI21_X1
mult_56_U157                   0.0001322   0.0001108   0.0003127   6.977e-05  OAI222_X1
mult_51_U157                    0.000132   0.0001087   0.0003105   6.977e-05  OAI222_X1
mult_56_U164                   0.0001685   0.0001126   0.0003104   2.937e-05  XNOR2_X1
mult_50_U126                   8.991e-05   0.0002031   0.0003073   1.423e-05  INV_X1
mult_51_U164                   0.0001684   0.0001059   0.0003037   2.937e-05  XNOR2_X1
reg_dout_U3                      0.00013   0.0001551   0.0003025   1.739e-05  NAND2_X1
mult_55_U126                       9e-05   0.0001971   0.0003014   1.423e-05  INV_X1
reg_1_U10                      0.0001871   8.103e-05   0.0002993    3.12e-05  OAI21_X1
reg_dout_U17                   0.0001597   0.0001191   0.0002962   1.739e-05  NAND2_X1
reg_1_U9                       0.0001542   0.0001194    0.000291   1.739e-05  NAND2_X1
reg_1_U15                      0.0001411   0.0001225    0.000281   1.739e-05  NAND2_X1
reg_1_U5                        0.000136   0.0001267     0.00028   1.739e-05  NAND2_X1
reg_1_U3                       0.0001373   0.0001218   0.0002766   1.739e-05  NAND2_X1
reg_dout_U13                   0.0001297   0.0001283   0.0002754   1.739e-05  NAND2_X1
reg_1_U17                      0.0001354   0.0001222    0.000275   1.739e-05  NAND2_X1
reg_1_U7                       0.0001387   0.0001184   0.0002745   1.739e-05  NAND2_X1
mult_54_U160                   0.0001304   0.0001081    0.000271    3.26e-05  NOR4_X1
reg_dout_U11                   0.0001299   0.0001234   0.0002706   1.739e-05  NAND2_X1
reg_dout_U15                   0.0001298   0.0001225   0.0002697   1.739e-05  NAND2_X1
reg_dout_U7                    0.0001297   0.0001226   0.0002697   1.739e-05  NAND2_X1
reg_dout_U9                    0.0001298   0.0001223   0.0002695   1.739e-05  NAND2_X1
reg_dout_U5                    0.0001297   0.0001223   0.0002694   1.739e-05  NAND2_X1
reg_1_U11                      0.0001496   0.0001014   0.0002684   1.739e-05  NAND2_X1
mult_55_U165                   8.203e-05   0.0001537   0.0002641   2.829e-05  NAND2_X1
reg_1_U13                      0.0001292   0.0001165   0.0002631   1.739e-05  NAND2_X1
mult_50_U165                     8.2e-05   0.0001496   0.0002599   2.829e-05  NAND2_X1
mult_55_U168                    6.42e-05   0.0001786   0.0002596   1.683e-05  NAND2_X1
mult_55_U158                   0.0001327   9.858e-05   0.0002517   2.036e-05  AOI222_X1
mult_50_U168                   6.431e-05    0.000167   0.0002481   1.683e-05  NAND2_X1
mult_50_U158                   0.0001327   9.153e-05   0.0002445   2.036e-05  AOI222_X1
mult_55_U151                   6.116e-05   0.0001641   0.0002421   1.683e-05  NAND2_X1
mult_50_U167                   7.237e-05   0.0001475   0.0002349   1.506e-05  NAND2_X1
mult_50_U147                   8.154e-05   0.0001267   0.0002297    2.15e-05  NOR2_X1
mult_54_U133                   6.458e-05   0.0001532   0.0002284   1.059e-05  INV_X1
mult_56_U126                   6.508e-05   0.0001442   0.0002234   1.415e-05  INV_X1
mult_55_U167                   7.239e-05    0.000136   0.0002234   1.506e-05  NAND2_X1
mult_51_U126                   6.513e-05    0.000143   0.0002223   1.415e-05  INV_X1
mult_50_U148                   8.262e-05   0.0001172   0.0002213    2.15e-05  NOR2_X1
mult_55_U148                   8.263e-05   0.0001165   0.0002207    2.15e-05  NOR2_X1
mult_55_U166                   7.376e-05    0.000131   0.0002198   1.506e-05  NAND2_X1
mult_50_U173                   8.251e-05   0.0001222   0.0002197   1.506e-05  NAND2_X1
mult_55_U202                   8.252e-05   0.0001218   0.0002194   1.506e-05  NAND2_X1
mult_55_U147                   8.172e-05    0.000115   0.0002182    2.15e-05  NOR2_X1
mult_50_U202                   8.259e-05   0.0001187   0.0002164   1.506e-05  NAND2_X1
mult_50_U161                   6.104e-05    0.000138   0.0002158   1.683e-05  NAND2_X1
mult_50_U154                   6.111e-05   0.0001372   0.0002152   1.683e-05  NAND2_X1
mult_55_U149                   7.999e-05   0.0001132   0.0002147    2.15e-05  NOR2_X1
mult_55_U187                   8.269e-05   0.0001167   0.0002145   1.506e-05  NAND2_X1
mult_50_U166                   7.378e-05   0.0001255   0.0002144   1.506e-05  NAND2_X1
mult_55_U154                   6.112e-05   0.0001364   0.0002143   1.683e-05  NAND2_X1
mult_55_U173                    8.27e-05   0.0001165   0.0002143   1.506e-05  NAND2_X1
mult_55_U199                   6.481e-05   0.0001253   0.0002118    2.17e-05  NOR2_X1
mult_50_U150                   8.277e-05   0.0001127   0.0002106   1.506e-05  NAND2_X1
mult_50_U149                   8.006e-05   0.0001085   0.0002101    2.15e-05  NOR2_X1
mult_55_U150                   8.284e-05    0.000112   0.0002099   1.506e-05  NAND2_X1
mult_55_U177                   6.494e-05   0.0001231   0.0002097    2.17e-05  NOR2_X1
mult_55_U184                     6.5e-05   0.0001215   0.0002082    2.17e-05  NOR2_X1
mult_55_U153                   6.472e-05   0.0001266   0.0002081   1.683e-05  NAND2_X1
mult_55_U145                   6.559e-05   0.0001203   0.0002076    2.17e-05  NOR2_X1
mult_50_U198                   6.491e-05   0.0001204   0.0002071    2.17e-05  NOR2_X1
mult_50_U187                   8.294e-05    0.000109    0.000207   1.506e-05  NAND2_X1
mult_50_U170                   6.481e-05   0.0001198   0.0002063    2.17e-05  NOR2_X1
mult_55_U172                   6.544e-05   0.0001188   0.0002059    2.17e-05  NOR2_X1
mult_50_U190                   6.081e-05   0.0001224   0.0002049    2.17e-05  NOR2_X1
mult_55_U178                   6.568e-05   0.0001171   0.0002045    2.17e-05  NOR2_X1
mult_50_U185                   6.573e-05   0.0001167   0.0002041    2.17e-05  NOR2_X1
mult_50_U186                   6.313e-05   0.0001192   0.0002041    2.17e-05  NOR2_X1
mult_55_U186                   6.311e-05    0.000119   0.0002038    2.17e-05  NOR2_X1
mult_55_U182                    6.08e-05   0.0001212   0.0002037    2.17e-05  NOR2_X1
mult_55_U190                   6.079e-05   0.0001209   0.0002034    2.17e-05  NOR2_X1
mult_56_U165                    6.16e-05   0.0001123   0.0002031   2.916e-05  NAND2_X1
mult_50_U145                    6.57e-05   0.0001152   0.0002026    2.17e-05  NOR2_X1
mult_50_U203                   7.948e-05   0.0001014   0.0002024    2.15e-05  NOR2_X1
mult_55_U198                   6.503e-05   0.0001152   0.0002019    2.17e-05  NOR2_X1
mult_55_U192                   6.517e-05   0.0001137   0.0002006    2.17e-05  NOR2_X1
mult_55_U200                    6.57e-05   0.0001132   0.0002006    2.17e-05  NOR2_X1
mult_50_U192                   6.522e-05   0.0001132   0.0002001    2.17e-05  NOR2_X1
mult_50_U199                   6.511e-05    0.000113   0.0001998    2.17e-05  NOR2_X1
mult_50_U182                   6.088e-05   0.0001172   0.0001997    2.17e-05  NOR2_X1
mult_55_U159                   7.957e-05   9.855e-05   0.0001996    2.15e-05  NOR2_X1
mult_55_U171                   6.498e-05   0.0001129   0.0001996    2.17e-05  NOR2_X1
mult_50_U151                   6.079e-05   0.0001214   0.0001991   1.683e-05  NAND2_X1
mult_51_U165                   6.147e-05   0.0001083    0.000199   2.916e-05  NAND2_X1
mult_55_U203                   7.954e-05   9.788e-05   0.0001989    2.15e-05  NOR2_X1
reg_2_U16                      0.0001124   5.363e-05   0.0001989   3.289e-05  OAI21_X1
mult_55_U124                   5.744e-05   0.0001285   0.0001989   1.289e-05  INV_X1
mult_50_U200                   6.575e-05   0.0001113   0.0001988    2.17e-05  NOR2_X1
mult_50_U159                   7.963e-05   9.755e-05   0.0001987    2.15e-05  NOR2_X1
mult_50_U175                    6.09e-05   0.0001159   0.0001986    2.17e-05  NOR2_X1
mult_55_U185                   6.587e-05   0.0001105    0.000198    2.17e-05  NOR2_X1
mult_50_U178                    6.59e-05   0.0001104    0.000198    2.17e-05  NOR2_X1
reg_2_U3                       0.0001125   5.245e-05   0.0001978   3.289e-05  OAI21_X1
mult_55_U127                   5.761e-05    0.000127   0.0001976   1.302e-05  INV_X1
mult_50_U171                   6.505e-05   0.0001103   0.0001971    2.17e-05  NOR2_X1
mult_50_U124                   5.752e-05   0.0001267   0.0001971   1.289e-05  INV_X1
mult_55_U170                   6.502e-05   0.0001101   0.0001968    2.17e-05  NOR2_X1
mult_50_U127                    5.76e-05    0.000126   0.0001966   1.302e-05  INV_X1
mult_55_U175                   6.088e-05   0.0001138   0.0001964    2.17e-05  NOR2_X1
mult_55_U163                   6.235e-05   0.0001172   0.0001964   1.683e-05  NAND2_X1
mult_55_U193                   6.589e-05   0.0001088   0.0001964    2.17e-05  NOR2_X1
mult_55_U181                   6.601e-05   0.0001076   0.0001953    2.17e-05  NOR2_X1
mult_50_U172                   6.571e-05   0.0001077   0.0001951    2.17e-05  NOR2_X1
mult_50_U197                    6.59e-05   0.0001075   0.0001951    2.17e-05  NOR2_X1
mult_50_U181                   6.605e-05   0.0001073   0.0001951    2.17e-05  NOR2_X1
mult_50_U193                   6.597e-05   0.0001072   0.0001949    2.17e-05  NOR2_X1
mult_55_U152                   6.079e-05   0.0001171   0.0001947   1.683e-05  NAND2_X1
mult_55_U189                   6.601e-05   0.0001068   0.0001945    2.17e-05  NOR2_X1
mult_50_U163                   6.233e-05   0.0001151   0.0001943   1.683e-05  NAND2_X1
mult_50_U184                   6.539e-05   0.0001068   0.0001939    2.17e-05  NOR2_X1
mult_50_U177                    6.54e-05   0.0001066   0.0001937    2.17e-05  NOR2_X1
mult_50_U201                   6.323e-05   0.0001086   0.0001935    2.17e-05  NOR2_X1
mult_55_U197                   6.596e-05   0.0001057   0.0001934    2.17e-05  NOR2_X1
reg_2_U8                       0.0001056   5.443e-05   0.0001929   3.289e-05  OAI21_X1
reg_2_U6                       0.0001122   4.755e-05   0.0001927   3.289e-05  OAI21_X1
mult_55_U146                   8.224e-05   8.886e-05   0.0001926    2.15e-05  NOR2_X1
mult_50_U169                   6.074e-05   0.0001096   0.0001921    2.17e-05  NOR2_X1
mult_50_U189                   6.612e-05   0.0001042   0.0001921    2.17e-05  NOR2_X1
mult_55_U201                   6.327e-05   0.0001061   0.0001911    2.17e-05  NOR2_X1
mult_50_U195                   8.349e-05    9.25e-05   0.0001911   1.506e-05  NAND2_X1
mult_50_U153                    6.49e-05   0.0001089   0.0001906   1.683e-05  NAND2_X1
mult_50_U146                    8.23e-05   8.656e-05   0.0001904    2.15e-05  NOR2_X1
reg_2_U14                      0.0001115   4.553e-05   0.0001899   3.289e-05  OAI21_X1
mult_50_U180                   8.353e-05   9.119e-05   0.0001898   1.506e-05  NAND2_X1
mult_55_U169                   6.075e-05   0.0001071   0.0001896    2.17e-05  NOR2_X1
mult_55_U161                   6.086e-05   0.0001118   0.0001894   1.683e-05  NAND2_X1
mult_55_U174                   6.616e-05   0.0001011    0.000189    2.17e-05  NOR2_X1
reg_2_U18                      0.0001076   4.845e-05   0.0001889   3.289e-05  OAI21_X1
mult_50_U174                   6.623e-05   0.0001006   0.0001886    2.17e-05  NOR2_X1
reg_2_U10                      0.0001071   4.763e-05   0.0001877   3.289e-05  OAI21_X1
reg_2_U12                       0.000109   4.549e-05   0.0001874   3.289e-05  OAI21_X1
mult_55_U180                   8.363e-05   8.841e-05   0.0001871   1.506e-05  NAND2_X1
mult_50_U196                   6.223e-05   0.0001024   0.0001864    2.17e-05  NOR2_X1
mult_55_U196                   6.225e-05   0.0001007   0.0001847    2.17e-05  NOR2_X1
mult_50_U188                   6.239e-05   0.0001003   0.0001844    2.17e-05  NOR2_X1
mult_56_U168                   4.561e-05    0.000122   0.0001842   1.656e-05  NAND2_X1
mult_55_U195                   8.373e-05   8.527e-05   0.0001841   1.506e-05  NAND2_X1
mult_50_U130                   1.593e-05   0.0001532   0.0001835   1.435e-05  INV_X1
mult_51_U168                   4.561e-05   0.0001209   0.0001831   1.656e-05  NAND2_X1
mult_55_U188                   6.237e-05   9.855e-05   0.0001826    2.17e-05  NOR2_X1
mult_50_U179                   6.429e-05   9.281e-05   0.0001788    2.17e-05  NOR2_X1
mult_55_U176                   6.584e-05   8.993e-05   0.0001775    2.17e-05  NOR2_X1
mult_51_U130                    1.59e-05   0.0001468   0.0001771   1.435e-05  INV_X1
mult_56_U129                   1.592e-05   0.0001457    0.000176   1.435e-05  INV_X1
mult_51_U147                   6.084e-05   9.328e-05   0.0001758   2.165e-05  NOR2_X1
mult_56_U130                   1.597e-05   0.0001449   0.0001752   1.435e-05  INV_X1
mult_50_U129                   1.597e-05   0.0001448   0.0001751   1.435e-05  INV_X1
mult_50_U176                   6.599e-05   8.737e-05   0.0001751    2.17e-05  NOR2_X1
mult_56_U167                   5.401e-05   0.0001072   0.0001751   1.389e-05  NAND2_X1
mult_50_U183                   6.601e-05   8.701e-05   0.0001747    2.17e-05  NOR2_X1
mult_56_U148                   6.116e-05   9.154e-05   0.0001744   2.165e-05  NOR2_X1
mult_55_U191                   6.597e-05   8.623e-05   0.0001739    2.17e-05  NOR2_X1
mult_55_U128                    4.72e-05   0.0001099   0.0001739   1.684e-05  INV_X1
mult_55_U183                   6.603e-05   8.532e-05   0.0001731    2.17e-05  NOR2_X1
mult_50_U191                   6.607e-05     8.5e-05   0.0001728    2.17e-05  NOR2_X1
mult_51_U131                   1.594e-05   0.0001424   0.0001727   1.435e-05  INV_X1
mult_50_U131                   1.599e-05   0.0001422   0.0001726   1.435e-05  INV_X1
mult_56_U147                    6.09e-05   8.981e-05   0.0001724   2.165e-05  NOR2_X1
mult_55_U179                    6.39e-05    8.67e-05   0.0001723    2.17e-05  NOR2_X1
mult_50_U194                   6.396e-05   8.651e-05   0.0001722    2.17e-05  NOR2_X1
mult_50_U144                   8.393e-05   7.289e-05   0.0001719   1.506e-05  NAND2_X1
mult_51_U129                   1.593e-05   0.0001414   0.0001717   1.435e-05  INV_X1
mult_56_U131                   1.595e-05   0.0001413   0.0001716   1.435e-05  INV_X1
mult_50_U128                   4.702e-05   0.0001075   0.0001713   1.684e-05  INV_X1
mult_55_U194                   6.394e-05   8.561e-05   0.0001713    2.17e-05  NOR2_X1
mult_55_U144                   8.403e-05   7.151e-05   0.0001706   1.506e-05  NAND2_X1
mult_50_U162                   6.083e-05   9.288e-05   0.0001705   1.683e-05  NAND2_X1
mult_54_U136                     1.6e-05   0.0001393   0.0001697   1.435e-05  INV_X1
mult_51_U148                   6.124e-05    8.65e-05   0.0001694   2.165e-05  NOR2_X1
mult_51_U167                   5.398e-05   0.0001014   0.0001693   1.389e-05  NAND2_X1
mult_55_U130                   1.601e-05   0.0001386    0.000169   1.435e-05  INV_X1
mult_54_U137                   1.601e-05   0.0001385   0.0001689   1.435e-05  INV_X1
mult_54_U138                   1.601e-05   0.0001369   0.0001672   1.435e-05  INV_X1
mult_56_U202                   6.049e-05   9.263e-05    0.000167   1.389e-05  NAND2_X1
mult_56_U158                   8.452e-05   6.312e-05   0.0001669   1.924e-05  AOI222_X1
mult_51_U166                   5.182e-05   0.0001009   0.0001666   1.389e-05  NAND2_X1
mult_51_U173                   6.049e-05   9.204e-05   0.0001664   1.389e-05  NAND2_X1
mult_55_U129                   1.602e-05   0.0001359   0.0001663   1.435e-05  INV_X1
mult_55_U162                   6.085e-05   8.765e-05   0.0001653   1.683e-05  NAND2_X1
mult_56_U149                    5.92e-05   8.416e-05    0.000165   2.165e-05  NOR2_X1
mult_56_U173                   6.055e-05   9.022e-05   0.0001647   1.389e-05  NAND2_X1
mult_51_U154                   4.461e-05   0.0001035   0.0001646   1.656e-05  NAND2_X1
mult_50_U152                   6.063e-05   8.707e-05   0.0001645   1.683e-05  NAND2_X1
mult_55_U131                   1.603e-05    0.000134   0.0001644   1.435e-05  INV_X1
mult_51_U198                   4.847e-05   9.394e-05   0.0001644   2.196e-05  NOR2_X1
mult_51_U199                   4.942e-05   9.195e-05   0.0001633   2.196e-05  NOR2_X1
mult_56_U172                   4.953e-05   9.163e-05   0.0001631   2.196e-05  NOR2_X1
mult_56_U203                   5.664e-05    8.48e-05   0.0001631   2.165e-05  NOR2_X1
mult_51_U149                   5.924e-05   8.124e-05   0.0001621   2.165e-05  NOR2_X1
mult_51_U186                   4.727e-05   9.261e-05   0.0001618   2.196e-05  NOR2_X1
mult_56_U154                   4.458e-05   0.0001005   0.0001616   1.656e-05  NAND2_X1
mult_51_U202                   6.066e-05    8.64e-05    0.000161   1.389e-05  NAND2_X1
mult_56_U199                   4.946e-05   8.953e-05   0.0001609   2.196e-05  NOR2_X1
mult_51_U158                   8.443e-05   5.683e-05   0.0001605   1.924e-05  AOI222_X1
mult_51_U178                    4.98e-05   8.823e-05     0.00016   2.196e-05  NOR2_X1
mult_56_U186                    4.73e-05   9.032e-05   0.0001596   2.196e-05  NOR2_X1
mult_51_U185                   4.986e-05    8.69e-05   0.0001587   2.196e-05  NOR2_X1
mult_56_U150                   6.074e-05   8.395e-05   0.0001586   1.389e-05  NAND2_X1
mult_56_U193                   4.983e-05   8.678e-05   0.0001586   2.196e-05  NOR2_X1
mult_51_U187                   6.076e-05   8.361e-05   0.0001583   1.389e-05  NAND2_X1
mult_56_U163                    4.67e-05     9.5e-05   0.0001583   1.656e-05  NAND2_X1
mult_51_U161                   4.543e-05   9.531e-05   0.0001573   1.656e-05  NAND2_X1
mult_56_U145                   4.612e-05   8.903e-05   0.0001571   2.196e-05  NOR2_X1
mult_54_U139                   1.599e-05   0.0001264   0.0001568   1.435e-05  INV_X1
mult_56_U171                   4.948e-05   8.525e-05   0.0001567   2.196e-05  NOR2_X1
mult_56_U187                   6.086e-05   8.174e-05   0.0001565   1.389e-05  NAND2_X1
mult_56_U178                   4.992e-05   8.453e-05   0.0001564   2.196e-05  NOR2_X1
mult_56_U132                   1.599e-05    0.000126   0.0001564   1.435e-05  INV_X1
mult_56_U190                   4.409e-05   8.976e-05   0.0001558   2.196e-05  NOR2_X1
mult_56_U198                    4.87e-05   8.451e-05   0.0001552   2.196e-05  NOR2_X1
mult_51_U150                   6.084e-05   8.031e-05    0.000155   1.389e-05  NAND2_X1
mult_56_U177                   4.974e-05   8.324e-05   0.0001549   2.196e-05  NOR2_X1
mult_56_U184                   4.974e-05   8.311e-05   0.0001548   2.196e-05  NOR2_X1
mult_51_U172                   4.974e-05   8.293e-05   0.0001546   2.196e-05  NOR2_X1
mult_51_U145                   4.617e-05    8.62e-05   0.0001543   2.196e-05  NOR2_X1
mult_56_U166                   5.185e-05   8.852e-05   0.0001543   1.389e-05  NAND2_X1
mult_56_U201                   4.728e-05   8.471e-05   0.0001539   2.196e-05  NOR2_X1
mult_51_U170                   4.863e-05   8.335e-05   0.0001539   2.196e-05  NOR2_X1
mult_51_U135                   1.598e-05   0.0001233   0.0001537   1.435e-05  INV_X1
mult_51_U192                   4.977e-05   8.169e-05   0.0001534   2.196e-05  NOR2_X1
mult_51_U163                   4.668e-05   9.015e-05   0.0001534   1.656e-05  NAND2_X1
mult_56_U192                   4.977e-05   8.133e-05   0.0001531   2.196e-05  NOR2_X1
mult_51_U171                   4.957e-05    8.14e-05   0.0001529   2.196e-05  NOR2_X1
mult_51_U201                   4.732e-05    8.35e-05   0.0001528   2.196e-05  NOR2_X1
mult_51_U136                   1.599e-05   0.0001223   0.0001527   1.435e-05  INV_X1
mult_56_U185                   5.002e-05   8.051e-05   0.0001525   2.196e-05  NOR2_X1
mult_51_U200                   4.991e-05   8.054e-05   0.0001524   2.196e-05  NOR2_X1
mult_51_U193                   5.001e-05   8.024e-05   0.0001522   2.196e-05  NOR2_X1
mult_51_U184                   4.982e-05   8.041e-05   0.0001522   2.196e-05  NOR2_X1
mult_51_U177                   4.979e-05    8.04e-05   0.0001521   2.196e-05  NOR2_X1
mult_55_U132                    1.61e-05   0.0001216    0.000152   1.435e-05  INV_X1
mult_51_U175                   4.413e-05   8.595e-05    0.000152   2.196e-05  NOR2_X1
mult_51_U203                   5.679e-05   7.348e-05   0.0001519   2.165e-05  NOR2_X1
mult_56_U200                   4.989e-05   7.997e-05   0.0001518   2.196e-05  NOR2_X1
mult_56_U197                   4.621e-05   8.341e-05   0.0001516   2.196e-05  NOR2_X1
mult_50_U136                   1.603e-05   0.0001211   0.0001515   1.435e-05  INV_X1
mult_51_U151                   4.415e-05   9.072e-05   0.0001514   1.656e-05  NAND2_X1
mult_50_U137                   1.605e-05    0.000121   0.0001514   1.435e-05  INV_X1
mult_56_U175                   4.416e-05   8.524e-05   0.0001514   2.196e-05  NOR2_X1
mult_56_U170                    4.87e-05   8.029e-05   0.0001509   2.196e-05  NOR2_X1
mult_51_U146                   6.001e-05   6.923e-05   0.0001509   2.165e-05  NOR2_X1
reg_2_U4                       7.817e-05   5.569e-05   0.0001507   1.683e-05  NAND2_X1
mult_55_U133                   1.611e-05   0.0001197   0.0001502   1.435e-05  INV_X1
mult_56_U133                     1.6e-05   0.0001198   0.0001501   1.435e-05  INV_X1
mult_51_U159                   5.687e-05   7.153e-05   0.0001501   2.165e-05  NOR2_X1
mult_51_U182                   4.418e-05   8.368e-05   0.0001498   2.196e-05  NOR2_X1
mult_56_U151                   4.414e-05   8.879e-05   0.0001495   1.656e-05  NAND2_X1
mult_54_U140                   1.604e-05   0.0001188   0.0001492   1.435e-05  INV_X1
mult_56_U159                   5.689e-05   7.055e-05   0.0001491   2.165e-05  NOR2_X1
mult_56_U124                   4.153e-05   9.468e-05   0.0001489   1.267e-05  INV_X1
mult_51_U190                   4.417e-05   8.269e-05   0.0001488   2.196e-05  NOR2_X1
mult_56_U127                    4.22e-05   9.371e-05   0.0001487   1.279e-05  INV_X1
mult_56_U182                   4.419e-05   8.199e-05   0.0001481   2.196e-05  NOR2_X1
mult_51_U127                   4.223e-05   9.277e-05   0.0001478   1.279e-05  INV_X1
mult_56_U146                   6.014e-05   6.503e-05   0.0001468   2.165e-05  NOR2_X1
mult_51_U124                   4.157e-05   9.255e-05   0.0001468   1.267e-05  INV_X1
mult_51_U197                   4.634e-05   7.758e-05   0.0001459   2.196e-05  NOR2_X1
mult_51_U188                   4.515e-05   7.786e-05    0.000145   2.196e-05  NOR2_X1
mult_51_U181                    4.65e-05   7.582e-05   0.0001443   2.196e-05  NOR2_X1
mult_56_U181                   4.649e-05   7.566e-05   0.0001441   2.196e-05  NOR2_X1
mult_56_U189                   4.648e-05   7.563e-05   0.0001441   2.196e-05  NOR2_X1
mult_56_U161                   4.528e-05   8.217e-05    0.000144   1.656e-05  NAND2_X1
mult_56_U180                   6.121e-05   6.887e-05    0.000144   1.389e-05  NAND2_X1
mult_51_U189                   4.649e-05   7.523e-05   0.0001437   2.196e-05  NOR2_X1
mult_51_U195                   6.122e-05   6.847e-05   0.0001436   1.389e-05  NAND2_X1
mult_51_U169                   4.402e-05   7.739e-05   0.0001434   2.196e-05  NOR2_X1
mult_51_U180                   6.122e-05   6.815e-05   0.0001433   1.389e-05  NAND2_X1
reg_2_U15                      6.064e-05   6.533e-05   0.0001428   1.683e-05  NAND2_X1
mult_56_U169                   4.404e-05   7.552e-05   0.0001415   2.196e-05  NOR2_X1
mult_51_U153                   4.562e-05   7.927e-05   0.0001414   1.656e-05  NAND2_X1
mult_56_U188                    4.52e-05   7.427e-05   0.0001414   2.196e-05  NOR2_X1
mult_56_U196                   4.509e-05    7.42e-05   0.0001412   2.196e-05  NOR2_X1
mult_56_U153                   4.562e-05   7.889e-05   0.0001411   1.656e-05  NAND2_X1
mult_51_U174                   4.657e-05   7.106e-05   0.0001396   2.196e-05  NOR2_X1
mult_51_U196                   4.513e-05   7.244e-05   0.0001395   2.196e-05  NOR2_X1
mult_56_U195                   6.135e-05   6.402e-05   0.0001393   1.389e-05  NAND2_X1
mult_51_U191                   4.929e-05   6.785e-05   0.0001391   2.196e-05  NOR2_X1
reg_2_U19                      7.103e-05   5.285e-05   0.0001389   1.506e-05  NAND2_X1
mult_56_U174                   4.664e-05   6.947e-05   0.0001381   2.196e-05  NOR2_X1
mult_56_U194                   4.777e-05     6.8e-05   0.0001377   2.196e-05  NOR2_X1
reg_2_U11                      6.632e-05   5.447e-05   0.0001376   1.683e-05  NAND2_X1
mult_56_U183                   4.942e-05    6.48e-05   0.0001362   2.196e-05  NOR2_X1
mult_51_U183                   4.946e-05    6.42e-05   0.0001356   2.196e-05  NOR2_X1
mult_51_U179                   4.785e-05   6.544e-05   0.0001352   2.196e-05  NOR2_X1
mult_56_U179                   4.788e-05   6.535e-05   0.0001352   2.196e-05  NOR2_X1
mult_56_U191                   4.946e-05    6.34e-05   0.0001348   2.196e-05  NOR2_X1
mult_51_U194                   4.788e-05   6.487e-05   0.0001347   2.196e-05  NOR2_X1
mult_56_U176                   4.949e-05   6.304e-05   0.0001345   2.196e-05  NOR2_X1
mult_51_U176                   4.948e-05    6.28e-05   0.0001342   2.196e-05  NOR2_X1
reg_2_U7                       6.301e-05   5.405e-05   0.0001339   1.683e-05  NAND2_X1
mult_56_U162                   4.532e-05   7.126e-05   0.0001331   1.656e-05  NAND2_X1
mult_50_U160                   5.421e-05   4.453e-05    0.000133   3.421e-05  NOR4_X1
reg_2_U17                      6.069e-05   5.494e-05   0.0001325   1.683e-05  NAND2_X1
mult_55_U160                    5.42e-05   4.345e-05   0.0001319   3.421e-05  NOR4_X1
reg_2_U9                       6.046e-05   5.454e-05   0.0001318   1.683e-05  NAND2_X1
reg_2_U13                      6.079e-05   5.326e-05   0.0001309   1.683e-05  NAND2_X1
mult_51_U128                   3.333e-05   8.024e-05   0.0001306   1.703e-05  INV_X1
mult_51_U162                   4.528e-05   6.877e-05   0.0001306   1.656e-05  NAND2_X1
mult_56_U144                   6.134e-05   5.531e-05   0.0001305   1.389e-05  NAND2_X1
mult_54_U141                   1.611e-05   9.973e-05   0.0001302   1.435e-05  INV_X1
mult_56_U134                   1.607e-05   9.908e-05   0.0001295   1.435e-05  INV_X1
mult_56_U128                   3.338e-05   7.879e-05   0.0001292   1.703e-05  INV_X1
mult_51_U139                   1.605e-05   9.867e-05   0.0001291   1.435e-05  INV_X1
mult_51_U144                   6.139e-05    5.34e-05   0.0001287   1.389e-05  NAND2_X1
mult_50_U141                   1.622e-05   9.807e-05   0.0001286   1.435e-05  INV_X1
mult_55_U134                   1.624e-05    9.51e-05   0.0001257   1.435e-05  INV_X1
mult_56_U152                   4.311e-05    6.43e-05    0.000124   1.656e-05  NAND2_X1
mult_51_U152                    4.31e-05   6.406e-05   0.0001237   1.656e-05  NAND2_X1
mult_51_U160                   3.432e-05   2.883e-05   9.823e-05   3.508e-05  NOR4_X1
mult_56_U160                   3.432e-05   2.793e-05   9.733e-05   3.508e-05  NOR4_X1
mult_55_U125                   2.145e-05   5.192e-05   8.375e-05   1.039e-05  INV_X1
mult_50_U125                   2.146e-05   5.083e-05   8.268e-05   1.039e-05  INV_X1
ff_1_U3                        2.509e-05   1.926e-05   6.499e-05   2.065e-05  NAND2_X1
mult_51_U125                   1.259e-05   2.783e-05   5.073e-05   1.031e-05  INV_X1
mult_56_U125                   1.259e-05   2.774e-05   5.064e-05   1.031e-05  INV_X1
FE_RC_0_0                      1.526e-05   1.301e-05   4.262e-05   1.435e-05  INV_X1

---------------------------------------------------------------------------------------

Total (    702 of    702  )       0.2485      0.2019      0.478     0.02765
Total Capacitance                4.126e-12 F
Power Density                   *** No Die Area ***
