*----------------------------------------------------------------------------------------
*	Innovus 17.11-s080_1 (64bit) 08/04/2017 11:13 (Linux 2.6.18-194.el5)
*	
*
* 	Date & Time:	2021-Nov-18 00:14:11 (2021-Nov-17 23:14:11 GMT)
*
*----------------------------------------------------------------------------------------
*
*	Design: iir_filter
*
*	Liberty Libraries used: 
*	        MyAnView: /home/isa18_2021_2022/github/isa/lab1/iir_lookahead_nopipe/innovus/iir_filter.enc.dat/libs/mmmc/NangateOpenCellLibrary_typical_ecsm_nowlm.lib
*
*	Power Domain used: 
*		Rail:        VDD 	Voltage:        1.1 
*
*       Power View : MyAnView
*
*       User-Defined Activity : N.A.
*
*	Switching Activity File used: 
*	        ../vcd/iir_filter_postplace.vcd
*			Vcd Window used(Start Time, Stop Time):(-7.09795e-27, -7.09783e-27) 
*                     Vcd Scale Factor: 1 
**                    Design annotation coverage: 0/1271 = 0% 
*
*       Hierarchical Global Activity: N.A.
*
*       Global Activity: N.A.
*
*       Sequential Element Activity: N.A.
*
*       Primary Input Activity: 0.200000
*
*       Default icg ratio: N.A.
*
*       Global Comb ClockGate Ratio: N.A.
*
*	Power Units = 1mW
*
*	Time Units = 1e-09 secs 
*
*       Temperature = 25 
*
*       report_power -outfile .//iir_filter.rpt -rail_analysis_format VS
*
-----------------------------------------------------------------------------------------
Cell                            Internal   Switching       Total     Leakage   Cell
                                   Power       Power       Power       Power   Name
--------------------------------------------------------------------------------------
add_0_root_add_0_root_add_48_3_U1_7   0.001461    0.002062    0.003599   7.573e-05  FA_X1
add_0_root_add_0_root_add_48_3_U1_6    0.00145    0.001442    0.002968   7.569e-05  FA_X1
add_0_root_add_0_root_add_48_3_U1_3   0.001449    0.001383    0.002907   7.522e-05  FA_X1
add_0_root_add_0_root_add_48_3_U1_4   0.001446     0.00127    0.002791   7.549e-05  FA_X1
add_0_root_add_0_root_add_48_3_U1_2   0.001248    0.001469    0.002791   7.467e-05  FA_X1
add_0_root_add_0_root_add_48_3_U1_5   0.001442    0.001153    0.002671   7.563e-05  FA_X1
mult_50_U25                     0.001428    0.001019    0.002517   7.018e-05  FA_X1
mult_50_U18                     0.001436   0.0009947    0.002507   7.624e-05  FA_X1
add_1_root_add_0_root_add_54_2_U1_6   0.001435   0.0009813    0.002492   7.582e-05  FA_X1
add_1_root_add_0_root_add_54_2_U1_5   0.001434   0.0009728    0.002483   7.563e-05  FA_X1
mult_50_U9                      0.001439   0.0009725    0.002479    6.74e-05  FA_X1
mult_50_U8                      0.001436    0.000972    0.002478   7.029e-05  FA_X1
mult_50_U30                     0.001431    0.000964    0.002468     7.3e-05  FA_X1
mult_50_U16                     0.001427   0.0009553    0.002453    7.08e-05  FA_X1
mult_50_U21                     0.001428   0.0009505    0.002452   7.281e-05  FA_X1
mult_50_U36                     0.001422   0.0009599    0.002452   6.995e-05  FA_X1
mult_50_U7                      0.001435   0.0009394    0.002447   7.251e-05  FA_X1
add_1_root_add_0_root_add_54_2_U1_4   0.001432   0.0009358    0.002444    7.55e-05  FA_X1
add_1_root_add_0_root_add_54_2_U1_3   0.001432   0.0009214    0.002428   7.521e-05  FA_X1
add_1_root_add_0_root_add_54_2_U1_2    0.00143   0.0009099    0.002415   7.466e-05  FA_X1
mult_50_U4                      0.001434    0.000892    0.002401   7.514e-05  FA_X1
mult_50_U6                      0.001431   0.0008908    0.002394   7.171e-05  FA_X1
mult_50_U5                      0.001432   0.0008694    0.002375   7.317e-05  FA_X1
mult_50_U26                     0.001429   0.0008614    0.002365   7.503e-05  FA_X1
add_1_root_add_0_root_add_48_3_U1_4   0.001431   0.0008455    0.002352    7.55e-05  FA_X1
mult_51_U5                      0.001427   0.0008353    0.002335   7.215e-05  FA_X1
mult_51_U4                      0.001427    0.000832    0.002334   7.486e-05  FA_X1
mult_50_U22                     0.001423   0.0008396    0.002334   7.144e-05  FA_X1
add_1_root_add_0_root_add_48_3_U1_6    0.00143   0.0007951    0.002301   7.583e-05  FA_X1
add_1_root_add_0_root_add_48_3_U1_5   0.001429   0.0007883    0.002293   7.563e-05  FA_X1
mult_50_U3                      0.001428   0.0007333    0.002235   7.353e-05  FA_X1
reg_2_Q_reg_7_                 0.0009691    0.001174    0.002228    8.53e-05  DFFR_X1
mult_51_U3                      0.001379   0.0007609    0.002213   7.341e-05  FA_X1
reg_1_Q_reg_7_                  0.001196   0.0009296    0.002211   8.565e-05  DFFR_X1
mult_51_U6                      0.001314   0.0007863    0.002171   7.067e-05  FA_X1
mult_50_U27                      0.00122   0.0008303    0.002124   7.327e-05  FA_X1
add_0_root_add_0_root_add_54_2_U1_5   0.001422   0.0006022      0.0021   7.563e-05  FA_X1
add_0_root_add_0_root_add_54_2_U1_6   0.001423   0.0005994    0.002098   7.571e-05  FA_X1
add_0_root_add_0_root_add_54_2_U1_3   0.001423   0.0005909    0.002089   7.522e-05  FA_X1
add_1_root_add_0_root_add_54_2_U1_7    0.00143   0.0005817    0.002088   7.712e-05  FA_X1
mult_45_U4                      0.001238   0.0007568    0.002069   7.464e-05  FA_X1
add_0_root_add_0_root_add_54_2_U1_1   0.001426   0.0005653    0.002065   7.358e-05  FA_X1
add_0_root_add_0_root_add_54_2_U1_4   0.001421   0.0005669    0.002064   7.549e-05  FA_X1
add_0_root_add_0_root_add_54_2_U1_2   0.001422   0.0005511    0.002048   7.467e-05  FA_X1
mult_52_U4                      0.001173   0.0007878    0.002035    7.47e-05  FA_X1
mult_50_U32                     0.001215   0.0007347    0.002028   7.759e-05  FA_X1
add_0_root_add_0_root_add_48_3_U1_1  0.0009954    0.000937    0.002006   7.358e-05  FA_X1
mult_50_U31                     0.001202   0.0007268    0.001997    6.76e-05  FA_X1
add_1_root_add_0_root_add_48_3_U1_3   0.001226   0.0006817    0.001982   7.521e-05  FA_X1
mult_45_U3                      0.001207   0.0006919    0.001972   7.342e-05  FA_X1
add_1_root_add_0_root_add_54_2_U1_1    0.00116   0.0007302    0.001964   7.355e-05  FA_X1
mult_50_U37                     0.001208   0.0006844    0.001962   6.948e-05  FA_X1
add_1_root_add_0_root_add_48_3_U1_7   0.001426   0.0004499    0.001953   7.714e-05  FA_X1
mult_52_U3                      0.001173   0.0006812    0.001928   7.344e-05  FA_X1
mult_45_U5                      0.001158   0.0006902     0.00192    7.17e-05  FA_X1
mult_50_U19                     0.001214   0.0006293    0.001916   7.275e-05  FA_X1
reg_1_Q_reg_2_                  0.001165   0.0006118    0.001863   8.565e-05  DFFR_X1
reg_1_Q_reg_6_                  0.001193   0.0005695    0.001848   8.565e-05  DFFR_X1
mult_50_U42                     0.001196   0.0005844    0.001847   6.613e-05  FA_X1
mult_52_U5                      0.001025   0.0007449    0.001841    7.17e-05  FA_X1
add_2_root_add_0_root_add_48_3_U1_6     0.0011   0.0006558    0.001831   7.577e-05  FA_X1
mult_50_U15                      0.00111   0.0006054    0.001804   8.878e-05  FA_X1
mult_52_U6                     0.0009836   0.0007403    0.001794   7.009e-05  FA_X1
mult_50_U23                      0.00105   0.0006462    0.001781   8.547e-05  FA_X1
add_2_root_add_0_root_add_48_3_U1_5   0.001056   0.0006439    0.001776   7.563e-05  FA_X1
mult_50_U127                   0.0001922    0.001549    0.001756   1.435e-05  INV_X1
mult_51_U7                      0.001053   0.0006264    0.001752   7.234e-05  FA_X1
add_2_root_add_0_root_add_48_3_U1_7   0.001207   0.0004564     0.00174   7.643e-05  FA_X1
reg_1_Q_reg_3_                  0.001177   0.0004645    0.001728   8.565e-05  DFFR_X1
mult_50_U128                   0.0001929    0.001507    0.001714   1.435e-05  INV_X1
reg_dout_Q_reg_6_               0.001191   0.0004369    0.001713   8.565e-05  DFFR_X1
reg_2_Q_reg_2_                 0.0009373   0.0006861    0.001709    8.53e-05  DFFR_X1
reg_dout_Q_reg_0_               0.001191   0.0004301    0.001706   8.565e-05  DFFR_X1
add_0_root_add_0_root_add_54_2_U1_7   0.001415   0.0002101    0.001701   7.613e-05  FA_X1
mult_50_U129                   0.0001933    0.001491    0.001699   1.435e-05  INV_X1
reg_dout_Q_reg_7_                0.00119   0.0004167    0.001693   8.565e-05  DFFR_X1
reg_1_Q_reg_4_                  0.001186   0.0004199    0.001691   8.565e-05  DFFR_X1
reg_dout_Q_reg_1_                0.00119   0.0004116    0.001687   8.565e-05  DFFR_X1
reg_dout_Q_reg_5_                0.00119   0.0004067    0.001682   8.565e-05  DFFR_X1
reg_1_Q_reg_5_                  0.001189   0.0004057     0.00168   8.565e-05  DFFR_X1
mult_50_U28                     0.000963    0.000641    0.001671   6.716e-05  FA_X1
mult_50_U17                    0.0009643   0.0006272     0.00167   7.896e-05  FA_X1
mult_50_U38                    0.0009448   0.0006549     0.00167   7.068e-05  FA_X1
reg_dout_Q_reg_2_               0.001189    0.000387    0.001662   8.565e-05  DFFR_X1
mult_45_U6                     0.0009793   0.0006098    0.001659   7.009e-05  FA_X1
reg_dout_Q_reg_3_               0.001189   0.0003772    0.001652   8.565e-05  DFFR_X1
reg_dout_Q_reg_4_               0.001188   0.0003692    0.001643   8.565e-05  DFFR_X1
add_1_root_add_0_root_add_48_3_U1_2  0.0009818   0.0005804    0.001637   7.466e-05  FA_X1
mult_50_U24                    0.0009147   0.0006452    0.001622   6.192e-05  FA_X1
mult_50_U34                    0.0009144   0.0006361    0.001612   6.192e-05  FA_X1
reg_2_Q_reg_6_                 0.0009671   0.0005473      0.0016    8.53e-05  DFFR_X1
mult_50_U44                    0.0008946   0.0006346    0.001591   6.192e-05  FA_X1
mult_51_U18                     0.000841   0.0006665    0.001584   7.644e-05  FA_X1
add_2_root_add_0_root_add_48_3_U1_4  0.0009325   0.0005754    0.001583    7.55e-05  FA_X1
mult_50_U20                    0.0009604   0.0005442    0.001572   6.716e-05  FA_X1
mult_50_U33                    0.0009609   0.0005165    0.001556   7.896e-05  FA_X1
mult_51_U8                     0.0009349   0.0005421    0.001547   7.012e-05  FA_X1
mult_51_U21                    0.0008336   0.0006265    0.001531   7.115e-05  FA_X1
mult_50_U47                    0.0008927   0.0005578    0.001512   6.192e-05  FA_X1
mult_50_U29                    0.0008932    0.000536    0.001491   6.192e-05  FA_X1
mult_52_U7                     0.0007898   0.0006166    0.001479   7.236e-05  FA_X1
reg_1_Q_reg_1_                  0.001062   0.0003299    0.001477   8.565e-05  DFFR_X1
reg_1_Q_reg_0_                   0.00104   0.0003155    0.001441   8.565e-05  DFFR_X1
mult_46_U4                     0.0008502   0.0005139    0.001439    7.47e-05  FA_X1
mult_51_U25                    0.0008299   0.0005399    0.001438    6.83e-05  FA_X1
reg_2_Q_reg_5_                 0.0009654   0.0003794     0.00143    8.53e-05  DFFR_X1
reg_2_Q_reg_4_                 0.0009621   0.0003719    0.001419    8.53e-05  DFFR_X1
mult_50_U130                   0.0001948    0.001207    0.001416   1.435e-05  INV_X1
mult_46_U3                      0.000829   0.0004928    0.001395   7.341e-05  FA_X1
mult_45_U7                     0.0007867   0.0005244    0.001383   7.236e-05  FA_X1
mult_50_U39                    0.0008663   0.0004415     0.00137   6.192e-05  FA_X1
mult_46_U5                     0.0007952   0.0004701    0.001337   7.176e-05  FA_X1
reg_2_Q_reg_1_                  0.000887   0.0003639    0.001336    8.53e-05  DFFR_X1
reg_2_Q_reg_0_                 0.0008707   0.0003774    0.001333    8.53e-05  DFFR_X1
mult_51_U9                     0.0007928   0.0004533    0.001311   6.519e-05  FA_X1
mult_50_U43                    0.0007766   0.0004757    0.001311   5.902e-05  FA_X1
add_1_root_add_0_root_add_48_3_U1_1  0.0007732    0.000446    0.001293   7.355e-05  FA_X1
add_2_root_add_0_root_add_48_3_U1_3  0.0007527   0.0004584    0.001286   7.522e-05  FA_X1
mult_52_U8                     0.0006348   0.0005599    0.001265   7.022e-05  FA_X1
mult_51_U16                    0.0006662   0.0004978    0.001233   6.935e-05  FA_X1
mult_47_U4                     0.0006945   0.0004294    0.001199   7.485e-05  FA_X1
mult_51_U30                    0.0006674   0.0004449    0.001186   7.319e-05  FA_X1
mult_51_U36                    0.0006633   0.0004401    0.001174   7.039e-05  FA_X1
reg_3_Q_reg_7_                 0.0007304   0.0003565    0.001172   8.538e-05  DFFR_X1
mult_51_U26                    0.0006678   0.0004298    0.001172   7.451e-05  FA_X1
mult_52_U9                     0.0005708   0.0005285    0.001163   6.409e-05  FA_X1
mult_50_U133                   0.0001326   0.0009999    0.001147   1.435e-05  INV_X1
mult_45_U18                    0.0006307   0.0004375    0.001145    7.64e-05  FA_X1
mult_47_U5                     0.0006681   0.0004006    0.001141   7.214e-05  FA_X1
mult_46_U6                     0.0006723   0.0003981    0.001141    7.02e-05  FA_X1
mult_51_U22                    0.0006632   0.0004049    0.001138   7.008e-05  FA_X1
mult_52_U18                    0.0006306   0.0004277    0.001135    7.64e-05  FA_X1
mult_45_U9                     0.0005695   0.0004951    0.001129   6.409e-05  FA_X1
mult_45_U8                     0.0006305   0.0004242    0.001125   7.022e-05  FA_X1
mult_50_U156                   0.0006258   0.0004576    0.001122   3.857e-05  AOI222_X1
mult_52_U25                    0.0006229   0.0004275    0.001118   6.726e-05  FA_X1
add_0_root_add_0_root_add_48_3_U2  0.0004093   0.0006721    0.001118   3.616e-05  XOR2_X1
reg_2_Q_reg_3_                 0.0007651   0.0002655    0.001116   8.545e-05  DFFR_X1
mult_45_U21                    0.0006253   0.0004193    0.001115   7.039e-05  FA_X1
mult_45_U25                    0.0006228   0.0004231    0.001113   6.726e-05  FA_X1
mult_47_U3                     0.0006652   0.0003723    0.001111   7.341e-05  FA_X1
mult_52_U21                     0.000625   0.0004151     0.00111   7.039e-05  FA_X1
mult_51_U143                   0.0007201   0.0003294    0.001086    3.67e-05  XNOR2_X1
mult_50_U49                    0.0007337    0.000287    0.001081   5.995e-05  FA_X1
add_2_root_add_0_root_add_48_3_U1_2   0.000605   0.0003767    0.001056   7.466e-05  FA_X1
mult_47_U6                     0.0005993    0.000365    0.001035   7.064e-05  FA_X1
mult_50_U131                   0.0001695   0.0008509    0.001035   1.435e-05  INV_X1
mult_51_U142                   0.0005012    0.000494    0.001031   3.582e-05  XOR2_X1
FE_OFC0_vin                    7.883e-05      0.0009    0.001022   4.306e-05  BUF_X2
mult_50_U143                   0.0006701   0.0003063    0.001013   3.663e-05  XNOR2_X1
mult_52_U142                   0.0004894    0.000487    0.001012   3.578e-05  XOR2_X1
mult_50_U46                    0.0006234   0.0003298    0.001011   5.812e-05  FA_X1
mult_50_U142                   0.0005316   0.0004425     0.00101   3.599e-05  XOR2_X1
reg_3_Q_reg_6_                 0.0007279   0.0001804   0.0009936   8.538e-05  DFFR_X1
mult_50_U155                   0.0005028   0.0004194   0.0009904   6.821e-05  OAI222_X1
mult_45_U143                   0.0006627   0.0002822   0.0009816   3.672e-05  XNOR2_X1
FE_DBTC2_q_reg2_4              5.639e-05   0.0009112   0.0009808   1.326e-05  INV_X1
mult_51_U27                    0.0005402   0.0003598   0.0009731   7.307e-05  FA_X1
FE_DBTC1_q_reg2_5              5.668e-05   0.0009008   0.0009707   1.326e-05  INV_X1
mult_52_U143                   0.0006494   0.0002843   0.0009705   3.669e-05  XNOR2_X1
mult_45_U142                   0.0004888   0.0004442   0.0009687   3.574e-05  XOR2_X1
reg_3_Q_reg_5_                 0.0007228   0.0001397   0.0009479   8.538e-05  DFFR_X1
mult_52_U30                    0.0005029    0.000369   0.0009453   7.342e-05  FA_X1
mult_51_U32                    0.0005369   0.0003288   0.0009424   7.673e-05  FA_X1
mult_50_U134                   0.0001389   0.0007827   0.0009359   1.435e-05  INV_X1
mult_45_U36                    0.0004995   0.0003584   0.0009287   7.078e-05  FA_X1
mult_46_U7                     0.0005389   0.0003145   0.0009258   7.234e-05  FA_X1
reg_x_Q_reg_7_                 0.0005967   0.0002407   0.0009231   8.565e-05  DFFR_X1
mult_50_U51                    0.0005404   0.0003291   0.0009228    5.34e-05  HA_X1
mult_45_U30                    0.0005024   0.0003443   0.0009201   7.342e-05  FA_X1
reg_3_Q_reg_2_                 0.0006557   0.0001778   0.0009188   8.538e-05  DFFR_X1
mult_52_U36                    0.0004993   0.0003487   0.0009188   7.078e-05  FA_X1
mult_45_U16                       0.0005   0.0003441   0.0009126   6.855e-05  FA_X1
add_1_root_add_0_root_add_54_2_U2  0.0004394   0.0004361   0.0009117   3.608e-05  XOR2_X1
reg_3_Q_reg_4_                 0.0006964   0.0001273   0.0009091   8.538e-05  DFFR_X1
mult_50_U164                   0.0004768   0.0003985   0.0009065   3.125e-05  XNOR2_X1
mult_45_U22                    0.0004994    0.000334   0.0009028   6.932e-05  FA_X1
mult_52_U16                    0.0004997   0.0003345   0.0009027   6.855e-05  FA_X1
mult_51_U37                    0.0005336   0.0002999   0.0009025   6.906e-05  FA_X1
mult_51_U42                    0.0005657   0.0002719   0.0009014   6.382e-05  FA_X1
mult_51_U31                    0.0005302   0.0003041   0.0008999   6.556e-05  FA_X1
mult_52_U26                    0.0005023   0.0003121   0.0008887   7.429e-05  FA_X1
mult_51_U19                    0.0005369   0.0002717   0.0008812   7.258e-05  FA_X1
mult_47_U7                     0.0005025    0.000304   0.0008788   7.234e-05  FA_X1
mult_52_U22                    0.0004987   0.0003093   0.0008774   6.932e-05  FA_X1
mult_45_U26                    0.0005021   0.0003004   0.0008768   7.429e-05  FA_X1
mult_50_U157                   0.0004477   0.0003553   0.0008663   6.325e-05  OAI222_X1
add_0_root_add_0_root_add_54_2_U1  0.0005883   0.0002361   0.0008606   3.616e-05  XOR2_X1
reg_x_Q_reg_2_                  0.000596    0.000169   0.0008506   8.565e-05  DFFR_X1
mult_50_U48                    0.0004502   0.0003446   0.0008482    5.34e-05  HA_X1
add_2_root_add_0_root_add_48_3_U1_1  0.0004773   0.0002969   0.0008478   7.356e-05  FA_X1
reg_3_Q_reg_1_                 0.0006387   0.0001173   0.0008414   8.538e-05  DFFR_X1
reg_3_Q_reg_0_                 0.0006265   0.0001111   0.0008229   8.538e-05  DFFR_X1
mult_51_U15                    0.0004668   0.0002577   0.0008156    9.11e-05  FA_X1
FE_DBTC5_q_reg2_1              4.926e-05   0.0007476   0.0008102   1.326e-05  INV_X1
reg_x_Q_reg_6_                 0.0005949   0.0001245   0.0008051   8.565e-05  DFFR_X1
mult_46_U18                    0.0004329    0.000294   0.0008034   7.645e-05  FA_X1
mult_51_U28                    0.0004255   0.0003073   0.0007986   6.584e-05  FA_X1
mult_46_U142                   0.0003658   0.0003928   0.0007944   3.576e-05  XOR2_X1
mult_51_U23                    0.0004323   0.0002729   0.0007926   8.746e-05  FA_X1
FE_DBTC0_q_reg2_6              5.675e-05   0.0007213   0.0007913   1.326e-05  INV_X1
mult_46_U25                    0.0004284   0.0002895   0.0007853   6.748e-05  FA_X1
reg_x_Q_reg_1_                  0.000594   0.0001007   0.0007803   8.565e-05  DFFR_X1
mult_46_U21                    0.0004291   0.0002787   0.0007784    7.05e-05  FA_X1
mult_51_U38                    0.0004314   0.0002757   0.0007772   7.012e-05  FA_X1
reg_x_Q_reg_4_                  0.000594   9.671e-05   0.0007763   8.565e-05  DFFR_X1
reg_x_Q_reg_3_                  0.000594   9.602e-05   0.0007756   8.565e-05  DFFR_X1
reg_3_Q_reg_3_                 0.0005978   9.191e-05   0.0007751   8.545e-05  DFFR_X1
add_0_root_add_0_root_add_54_2_U2   0.000437   0.0003091   0.0007712   2.507e-05  AND2_X1
mult_51_U17                    0.0004249   0.0002629   0.0007674   7.961e-05  FA_X1
reg_x_Q_reg_5_                 0.0005937   8.722e-05   0.0007665   8.565e-05  DFFR_X1
reg_x_Q_reg_0_                 0.0005936   8.562e-05   0.0007649   8.565e-05  DFFR_X1
mult_52_U32                    0.0004047   0.0002796   0.0007606   7.629e-05  FA_X1
mult_46_U8                     0.0004318   0.0002439   0.0007458   7.019e-05  FA_X1
mult_50_U45                    0.0004482    0.000239   0.0007406    5.34e-05  HA_X1
mult_52_U37                    0.0004025   0.0002664   0.0007379   6.903e-05  FA_X1
mult_45_U27                    0.0004067   0.0002564   0.0007362    7.31e-05  FA_X1
mult_52_U27                    0.0004065   0.0002528   0.0007325    7.31e-05  FA_X1
mult_51_U20                    0.0004237   0.0002428   0.0007323   6.584e-05  FA_X1
mult_47_U8                     0.0004044    0.000253   0.0007275   7.012e-05  FA_X1
mult_51_U136                   7.731e-05   0.0006264   0.0007173   1.362e-05  INV_X1
mult_51_U44                    0.0003788   0.0002788   0.0007171   5.953e-05  FA_X1
mult_51_U33                    0.0004232   0.0002127   0.0007155   7.961e-05  FA_X1
mult_45_U32                    0.0004034   0.0002344   0.0007141   7.629e-05  FA_X1
mult_51_U34                    0.0003787   0.0002752   0.0007134   5.953e-05  FA_X1
mult_45_U31                     0.000399   0.0002431   0.0007065   6.445e-05  FA_X1
mult_51_U24                    0.0003785   0.0002676   0.0007057   5.953e-05  FA_X1
mult_50_U50                    0.0004471   0.0002041   0.0007046    5.34e-05  HA_X1
mult_52_U31                    0.0003989   0.0002407    0.000704   6.445e-05  FA_X1
mult_45_U37                    0.0004015    0.000232   0.0007026   6.903e-05  FA_X1
mult_51_U137                   7.728e-05   0.0006115   0.0007024   1.362e-05  INV_X1
mult_45_U19                    0.0004049   0.0002166   0.0006941   7.257e-05  FA_X1
mult_46_U143                   0.0004526   0.0001942   0.0006836   3.672e-05  XNOR2_X1
mult_52_U19                    0.0004044   0.0002048   0.0006819   7.257e-05  FA_X1
mult_51_U135                   7.743e-05   0.0005879    0.000679   1.362e-05  INV_X1
mult_51_U47                    0.0003777   0.0002414   0.0006786   5.953e-05  FA_X1
FE_DBTC3_q_reg2_3              3.894e-05   0.0006245   0.0006768   1.341e-05  INV_X1
mult_46_U16                    0.0003441   0.0002591    0.000672   6.873e-05  FA_X1
mult_52_U42                    0.0004043   0.0001978   0.0006648    6.27e-05  FA_X1
mult_46_U9                     0.0003832   0.0002143   0.0006618    6.43e-05  FA_X1
mult_51_U29                    0.0003778   0.0002203   0.0006577   5.953e-05  FA_X1
mult_45_U42                    0.0004039   0.0001887   0.0006552    6.27e-05  FA_X1
mult_46_U22                    0.0003435   0.0002422   0.0006551    6.95e-05  FA_X1
FE_DBTC6_q_reg2_0              4.769e-05   0.0005904   0.0006514   1.326e-05  INV_X1
mult_46_U30                     0.000345   0.0002324   0.0006507   7.335e-05  FA_X1
mult_46_U36                    0.0003427   0.0002338   0.0006472   7.069e-05  FA_X1
mult_47_U18                    0.0003435   0.0002263   0.0006463   7.644e-05  FA_X1
mult_51_U138                   6.819e-05   0.0005625   0.0006443   1.362e-05  INV_X1
mult_51_U39                    0.0003712    0.000209   0.0006397   5.953e-05  FA_X1
mult_45_U15                    0.0003411   0.0002055   0.0006389   9.227e-05  FA_X1
mult_47_U21                    0.0003408    0.000224    0.000636   7.115e-05  FA_X1
mult_47_U25                    0.0003404   0.0002239   0.0006326    6.83e-05  FA_X1
add_1_root_add_0_root_add_48_3_U2  0.0003246   0.0002698   0.0006304   3.608e-05  XOR2_X1
mult_52_U15                    0.0003408   0.0001973   0.0006304   9.227e-05  FA_X1
mult_46_U26                    0.0003449   0.0002103   0.0006294   7.431e-05  FA_X1
mult_51_U43                    0.0003582   0.0002048   0.0006202   5.722e-05  FA_X1
ff_1_Q_reg                     0.0004588   7.248e-05   0.0006174   8.621e-05  DFFR_X1
mult_52_U23                    0.0003254   0.0002036   0.0006173   8.827e-05  FA_X1
mult_47_U142                   0.0002949   0.0002865   0.0006172   3.582e-05  XOR2_X1
mult_45_U23                    0.0003255   0.0002019   0.0006157   8.827e-05  FA_X1
mult_45_U28                    0.0003196   0.0002303    0.000615   6.519e-05  FA_X1
mult_47_U9                     0.0003342   0.0002155   0.0006149   6.519e-05  FA_X1
FE_DBTC4_q_reg2_2               5.46e-05   0.0005439   0.0006117   1.326e-05  INV_X1
mult_51_U139                   7.769e-05    0.000516   0.0006073   1.362e-05  INV_X1
mult_52_U28                    0.0003192   0.0002176    0.000602   6.519e-05  FA_X1
mult_52_U38                    0.0003215   0.0002083   0.0005996   6.984e-05  FA_X1
mult_45_U38                    0.0003214   0.0002031   0.0005943   6.984e-05  FA_X1
mult_45_U17                    0.0003191    0.000195    0.000594   7.994e-05  FA_X1
mult_52_U17                     0.000319   0.0001932   0.0005921   7.994e-05  FA_X1
mult_52_U33                    0.0003185   0.0001835   0.0005819   7.994e-05  FA_X1
mult_50_U165                   0.0001808   0.0003726   0.0005799   2.656e-05  NAND2_X1
mult_52_U20                    0.0003183    0.000191   0.0005746   6.519e-05  FA_X1
mult_45_U20                    0.0003184    0.000191   0.0005745   6.519e-05  FA_X1
mult_45_U33                    0.0003181   0.0001665   0.0005645   7.994e-05  FA_X1
mult_47_U143                   0.0003566   0.0001641   0.0005575    3.67e-05  XNOR2_X1
mult_47_U26                    0.0002743   0.0001893   0.0005382   7.451e-05  FA_X1
mult_51_U46                    0.0003102   0.0001698   0.0005363   5.631e-05  FA_X1
mult_50_U124                   0.0001598   0.0003591   0.0005332   1.431e-05  INV_X1
mult_45_U44                    0.0002648   0.0002074   0.0005306   5.844e-05  FA_X1
mult_46_U27                    0.0002794   0.0001781   0.0005305   7.307e-05  FA_X1
mult_47_U30                    0.0002737   0.0001828   0.0005297   7.319e-05  FA_X1
mult_52_U24                    0.0002736   0.0001926   0.0005245   5.834e-05  FA_X1
mult_51_U140                   6.623e-05   0.0004432    0.000523   1.362e-05  INV_X1
mult_52_U44                    0.0002645   0.0001995   0.0005225   5.844e-05  FA_X1
mult_47_U16                    0.0002726   0.0001798   0.0005218   6.935e-05  FA_X1
mult_47_U36                     0.000272   0.0001785   0.0005209   7.039e-05  FA_X1
mult_46_U32                    0.0002774   0.0001639   0.0005177   7.638e-05  FA_X1
mult_45_U24                    0.0002734   0.0001859   0.0005176   5.834e-05  FA_X1
mult_46_U19                    0.0002783   0.0001626   0.0005136   7.257e-05  FA_X1
mult_46_U31                    0.0002741   0.0001732    0.000512   6.468e-05  FA_X1
mult_45_U34                    0.0002649   0.0001879   0.0005113   5.854e-05  FA_X1
mult_47_U22                     0.000272   0.0001652   0.0005072   7.008e-05  FA_X1
mult_52_U34                    0.0002647   0.0001811   0.0005043   5.854e-05  FA_X1
mult_46_U37                    0.0002759   0.0001587   0.0005036   6.901e-05  FA_X1
mult_50_U158                   0.0002782    0.000198   0.0004988   2.266e-05  AOI222_X1
mult_52_U29                    0.0002633   0.0001755   0.0004972   5.844e-05  FA_X1
mult_51_U156                   0.0002702   0.0001915   0.0004968   3.514e-05  AOI222_X1
mult_51_U49                    0.0003096   0.0001248   0.0004922   5.776e-05  FA_X1
mult_51_U51                     0.000274   0.0001637   0.0004899   5.217e-05  HA_X1
mult_51_U141                    7.78e-05   0.0003972   0.0004886   1.362e-05  INV_X1
mult_52_U47                    0.0002627   0.0001635   0.0004847   5.844e-05  FA_X1
mult_45_U47                    0.0002626   0.0001605   0.0004816   5.844e-05  FA_X1
mult_45_U29                    0.0002629   0.0001599   0.0004812   5.844e-05  FA_X1
mult_50_U168                   0.0001204   0.0003409   0.0004787   1.739e-05  NAND2_X1
mult_51_U48                    0.0002485   0.0001774    0.000478   5.217e-05  HA_X1
mult_50_U167                   0.0001645    0.000296   0.0004779   1.739e-05  NAND2_X1
mult_45_U39                    0.0002606    0.000156    0.000475   5.844e-05  FA_X1
mult_50_U202                   0.0001717   0.0002839    0.000473   1.739e-05  NAND2_X1
add_1_root_add_0_root_add_54_2_U1  0.0002597   0.0001874   0.0004722   2.505e-05  AND2_X1
mult_46_U15                    0.0002361   0.0001433   0.0004714   9.202e-05  FA_X1
mult_50_U147                   0.0001726   0.0002749   0.0004687    2.12e-05  NOR2_X1
mult_46_U28                    0.0002202   0.0001737   0.0004592   6.534e-05  FA_X1
mult_45_U43                    0.0002562   0.0001462   0.0004588   5.632e-05  FA_X1
mult_50_U173                   0.0001719   0.0002683   0.0004576   1.739e-05  NAND2_X1
mult_52_U39                    0.0002602   0.0001389   0.0004575   5.844e-05  FA_X1
mult_46_U23                    0.0002241   0.0001438   0.0004561   8.816e-05  FA_X1
mult_50_U149                   0.0001705   0.0002632   0.0004549    2.12e-05  NOR2_X1
mult_52_U43                    0.0002562   0.0001418   0.0004543   5.632e-05  FA_X1
mult_50_U148                   0.0001731   0.0002556   0.0004499    2.12e-05  NOR2_X1
mult_50_U163                   0.0001362   0.0002957   0.0004493   1.739e-05  NAND2_X1
mult_46_U42                    0.0002614   0.0001218   0.0004461   6.291e-05  FA_X1
mult_50_U154                   0.0001354   0.0002922   0.0004451   1.739e-05  NAND2_X1
mult_47_U32                    0.0002205    0.000147   0.0004443   7.673e-05  FA_X1
add_2_root_add_0_root_add_48_3_U2  0.0002206   0.0001861   0.0004428   3.615e-05  XOR2_X1
mult_50_U187                   0.0001723   0.0002517   0.0004414   1.739e-05  NAND2_X1
mult_47_U37                    0.0002197   0.0001519   0.0004406   6.906e-05  FA_X1
mult_50_U150                   0.0001723    0.000247   0.0004367   1.739e-05  NAND2_X1
mult_50_U186                   0.0001281   0.0002859   0.0004351    2.12e-05  NOR2_X1
mult_47_U42                    0.0002498   0.0001215   0.0004351   6.382e-05  FA_X1
add_0_root_add_0_root_add_48_3_U1  0.0002368   0.0001731    0.000435   2.507e-05  AND2_X1
mult_47_U27                    0.0002214   0.0001389   0.0004334   7.307e-05  FA_X1
mult_50_U172                   0.0001284   0.0002812   0.0004308    2.12e-05  NOR2_X1
mult_50_U126                   0.0001278   0.0002885   0.0004297   1.342e-05  INV_X1
mult_46_U17                    0.0002193    0.000129   0.0004282   7.987e-05  FA_X1
mult_50_U199                   0.0001285   0.0002774    0.000427    2.12e-05  NOR2_X1
mult_50_U198                   0.0001284   0.0002766   0.0004262    2.12e-05  NOR2_X1
mult_51_U45                    0.0002475   0.0001262   0.0004258   5.217e-05  HA_X1
mult_46_U38                    0.0002081   0.0001429   0.0004209    6.99e-05  FA_X1
mult_51_U155                   0.0001894   0.0001544   0.0004151   7.134e-05  OAI222_X1
mult_46_U33                    0.0002188   0.0001154   0.0004141   7.987e-05  FA_X1
mult_46_U20                     0.000219   0.0001266   0.0004109   6.534e-05  FA_X1
mult_47_U31                    0.0002176   0.0001272   0.0004104   6.556e-05  FA_X1
mult_50_U161                   0.0001346   0.0002541   0.0004061   1.739e-05  NAND2_X1
mult_51_U157                   0.0001888   0.0001487    0.000405   6.755e-05  OAI222_X1
mult_50_U184                   0.0001287   0.0002549   0.0004049    2.12e-05  NOR2_X1
mult_50_U170                   0.0001284   0.0002536   0.0004032    2.12e-05  NOR2_X1
mult_47_U19                    0.0002202   0.0001099   0.0004027   7.258e-05  FA_X1
mult_51_U50                    0.0002469   0.0001035   0.0004025   5.217e-05  HA_X1
mult_50_U166                   0.0001441   0.0002407   0.0004022   1.739e-05  NAND2_X1
mult_50_U201                   0.0001279   0.0002499   0.0003991    2.12e-05  NOR2_X1
mult_45_U46                    0.0002193   0.0001234   0.0003982   5.546e-05  FA_X1
mult_52_U46                    0.0002193   0.0001233   0.0003981   5.546e-05  FA_X1
mult_50_U146                   0.0001727   0.0002036   0.0003975    2.12e-05  NOR2_X1
mult_50_U177                   0.0001287   0.0002462   0.0003961    2.12e-05  NOR2_X1
mult_47_U15                    0.0001918   0.0001128   0.0003957    9.11e-05  FA_X1
mult_50_U193                   0.0001289   0.0002416   0.0003917    2.12e-05  NOR2_X1
mult_50_U200                   0.0001287    0.000241   0.0003908    2.12e-05  NOR2_X1
mult_50_U171                   0.0001285   0.0002398   0.0003894    2.12e-05  NOR2_X1
mult_50_U180                   0.0001732    0.000198   0.0003887   1.739e-05  NAND2_X1
mult_50_U178                   0.0001288   0.0002369   0.0003869    2.12e-05  NOR2_X1
mult_50_U192                   0.0001288   0.0002368   0.0003868    2.12e-05  NOR2_X1
mult_50_U195                   0.0001733   0.0001959   0.0003866   1.739e-05  NAND2_X1
mult_50_U185                   0.0001289   0.0002341   0.0003842    2.12e-05  NOR2_X1
mult_51_U164                   0.0002165   0.0001371   0.0003836   3.002e-05  XNOR2_X1
mult_45_U156                   0.0002045   0.0001428   0.0003806   3.334e-05  AOI222_X1
mult_47_U23                    0.0001775   0.0001145   0.0003795   8.746e-05  FA_X1
mult_46_U24                     0.000188    0.000132   0.0003786   5.861e-05  FA_X1
mult_52_U156                   0.0002044   0.0001386   0.0003764   3.334e-05  AOI222_X1
reg_1_U16                      0.0002336   0.0001106   0.0003754    3.12e-05  OAI21_X1
reg_dout_U16                   0.0002337   0.0001092   0.0003742    3.12e-05  OAI21_X1
mult_50_U190                   0.0001114   0.0002405   0.0003732    2.12e-05  NOR2_X1
reg_dout_U14                   0.0002336   0.0001048   0.0003696    3.12e-05  OAI21_X1
mult_47_U17                    0.0001746   0.0001153   0.0003695   7.961e-05  FA_X1
reg_dout_U12                   0.0002336   0.0001047   0.0003695    3.12e-05  OAI21_X1
reg_1_U4                       0.0002352   0.0001029   0.0003693    3.12e-05  OAI21_X1
mult_46_U34                    0.0001817   0.0001278   0.0003682    5.87e-05  FA_X1
mult_52_U48                     0.000184   0.0001316   0.0003672   5.157e-05  HA_X1
mult_47_U28                    0.0001745   0.0001268   0.0003672   6.584e-05  FA_X1
mult_50_U175                   0.0001114   0.0002345   0.0003671    2.12e-05  NOR2_X1
reg_dout_U4                    0.0002334   0.0001021   0.0003667    3.12e-05  OAI21_X1
reg_1_U2                        0.000235   0.0001002   0.0003664    3.12e-05  OAI21_X1
reg_dout_U6                    0.0002334   0.0001018   0.0003664    3.12e-05  OAI21_X1
mult_45_U51                    0.0001968   0.0001181   0.0003664   5.157e-05  HA_X1
reg_dout_U2                    0.0002334   0.0001016   0.0003662    3.12e-05  OAI21_X1
reg_dout_U10                   0.0002335    0.000101   0.0003657    3.12e-05  OAI21_X1
mult_47_U38                    0.0001792   0.0001161   0.0003654   7.012e-05  FA_X1
reg_dout_U8                    0.0002333   9.848e-05    0.000363    3.12e-05  OAI21_X1
mult_52_U51                    0.0001967   0.0001145   0.0003628   5.157e-05  HA_X1
mult_45_U48                    0.0001839   0.0001272   0.0003627   5.157e-05  HA_X1
mult_46_U44                    0.0001787   0.0001239   0.0003613   5.865e-05  FA_X1
mult_50_U182                   0.0001114   0.0002282   0.0003608    2.12e-05  NOR2_X1
mult_50_U144                   0.0001736   0.0001657   0.0003566   1.739e-05  NAND2_X1
reg_1_U14                       0.000224   9.958e-05   0.0003548    3.12e-05  OAI21_X1
mult_50_U153                   0.0001211   0.0002157   0.0003542   1.739e-05  NAND2_X1
mult_50_U194                   0.0001282   0.0002025   0.0003518    2.12e-05  NOR2_X1
mult_50_U179                   0.0001281   0.0002022   0.0003516    2.12e-05  NOR2_X1
mult_52_U49                    0.0002098    8.45e-05   0.0003513   5.692e-05  FA_X1
mult_50_U169                   0.0001111   0.0002173   0.0003496    2.12e-05  NOR2_X1
mult_45_U49                    0.0002098    8.28e-05   0.0003495   5.692e-05  FA_X1
mult_50_U176                    0.000129    0.000199   0.0003492    2.12e-05  NOR2_X1
mult_50_U191                    0.000129   0.0001987    0.000349    2.12e-05  NOR2_X1
mult_50_U183                   0.0001291   0.0001954   0.0003456    2.12e-05  NOR2_X1
mult_50_U162                    0.000133   0.0001929   0.0003434   1.739e-05  NAND2_X1
mult_47_U20                    0.0001739   0.0001034   0.0003432   6.584e-05  FA_X1
mult_47_U33                    0.0001736   8.787e-05    0.000341   7.961e-05  FA_X1
mult_46_U137                   3.434e-05   0.0002896   0.0003372   1.334e-05  INV_X1
mult_46_U47                    0.0001711   0.0001049   0.0003346   5.865e-05  FA_X1
mult_46_U29                    0.0001714   0.0001025   0.0003326   5.865e-05  FA_X1
mult_47_U34                    0.0001554   0.0001168   0.0003317   5.953e-05  FA_X1
mult_47_U44                    0.0001554   0.0001164   0.0003313   5.953e-05  FA_X1
mult_52_U45                    0.0001833   9.597e-05   0.0003308   5.157e-05  HA_X1
mult_46_U39                    0.0001771   9.389e-05   0.0003296   5.865e-05  FA_X1
mult_46_U43                    0.0001648   0.0001071   0.0003283   5.652e-05  FA_X1
mult_50_U151                    0.000105   0.0002043   0.0003267   1.739e-05  NAND2_X1
mult_45_U45                    0.0001832   9.179e-05   0.0003266   5.157e-05  HA_X1
mult_47_U24                    0.0001552   0.0001085   0.0003233   5.953e-05  FA_X1
mult_50_U145                   9.222e-05   0.0002066     0.00032    2.12e-05  NOR2_X1
add_1_root_add_0_root_add_48_3_U1  0.0001701   0.0001245   0.0003197   2.505e-05  AND2_X1
mult_50_U135                   8.906e-05   0.0002126   0.0003182   1.648e-05  INV_X1
mult_47_U47                    0.0001551   0.0001027   0.0003173   5.953e-05  FA_X1
reg_1_U12                      0.0002007   8.277e-05   0.0003147    3.12e-05  OAI21_X1
mult_52_U50                    0.0001829   7.832e-05   0.0003127   5.157e-05  HA_X1
mult_46_U136                   3.186e-05   0.0002653   0.0003105   1.334e-05  INV_X1
mult_50_U203                   0.0001184   0.0001695   0.0003092    2.12e-05  NOR2_X1
mult_45_U50                    0.0001828   7.403e-05   0.0003084   5.157e-05  HA_X1
mult_50_U125                   9.048e-05   0.0002042    0.000308   1.329e-05  INV_X1
mult_47_U43                    0.0001606   9.015e-05   0.0003079   5.722e-05  FA_X1
reg_dout_U17                   0.0001595   0.0001269   0.0003039   1.739e-05  NAND2_X1
mult_47_U29                    0.0001549   8.928e-05   0.0003038   5.953e-05  FA_X1
mult_50_U159                   0.0001185   0.0001627   0.0003024    2.12e-05  NOR2_X1
reg_1_U5                       0.0001545   0.0001292   0.0003011   1.739e-05  NAND2_X1
mult_52_U164                   0.0001651   0.0001063   0.0003007   2.937e-05  XNOR2_X1
mult_52_U155                   0.0001229   0.0001029   0.0002985   7.274e-05  OAI222_X1
mult_45_U164                   0.0001651   0.0001039   0.0002983   2.937e-05  XNOR2_X1
mult_45_U155                   0.0001231   0.0001006   0.0002964   7.274e-05  OAI222_X1
mult_47_U39                    0.0001545   8.087e-05   0.0002949   5.953e-05  FA_X1
mult_52_U157                   0.0001236   9.849e-05   0.0002917   6.961e-05  OAI222_X1
mult_45_U157                   0.0001235   9.806e-05   0.0002911   6.961e-05  OAI222_X1
mult_50_U197                   9.227e-05   0.0001748   0.0002882    2.12e-05  NOR2_X1
mult_50_U189                   9.246e-05   0.0001734    0.000287    2.12e-05  NOR2_X1
reg_1_U3                       0.0001412   0.0001257   0.0002843   1.739e-05  NAND2_X1
reg_1_U17                      0.0001375   0.0001284   0.0002833   1.739e-05  NAND2_X1
mult_50_U196                   9.259e-05   0.0001691   0.0002829    2.12e-05  NOR2_X1
mult_46_U46                    0.0001403   8.628e-05   0.0002822   5.564e-05  FA_X1
mult_50_U181                   9.249e-05   0.0001667   0.0002804    2.12e-05  NOR2_X1
reg_dout_U5                    0.0001296   0.0001303   0.0002773   1.739e-05  NAND2_X1
reg_1_U15                      0.0001391   0.0001202   0.0002767   1.739e-05  NAND2_X1
reg_1_U13                      0.0001401   0.0001184   0.0002759   1.739e-05  NAND2_X1
mult_50_U188                   9.281e-05   0.0001616   0.0002756    2.12e-05  NOR2_X1
mult_47_U46                    0.0001403    7.87e-05   0.0002753   5.631e-05  FA_X1
mult_51_U126                   7.933e-05   0.0001805    0.000274   1.423e-05  INV_X1
reg_1_U11                      0.0001264   0.0001295   0.0002733   1.739e-05  NAND2_X1
mult_46_U139                   3.483e-05    0.000225   0.0002731   1.334e-05  INV_X1
mult_50_U174                   9.248e-05   0.0001591   0.0002728    2.12e-05  NOR2_X1
reg_dout_U13                   0.0001295   0.0001251   0.0002721   1.739e-05  NAND2_X1
reg_dout_U3                    0.0001295    0.000124   0.0002709   1.739e-05  NAND2_X1
reg_dout_U15                   0.0001295   0.0001234   0.0002703   1.739e-05  NAND2_X1
reg_dout_U7                    0.0001295   0.0001223   0.0002692   1.739e-05  NAND2_X1
reg_1_U10                      0.0001665   7.085e-05   0.0002686    3.12e-05  OAI21_X1
reg_dout_U11                   0.0001295   0.0001191    0.000266   1.739e-05  NAND2_X1
reg_dout_U9                    0.0001294   0.0001189   0.0002657   1.739e-05  NAND2_X1
mult_51_U165                   8.042e-05   0.0001447   0.0002534   2.829e-05  NAND2_X1
mult_46_U48                    0.0001167   8.418e-05   0.0002526    5.17e-05  HA_X1
mult_51_U168                   6.063e-05   0.0001743   0.0002518   1.683e-05  NAND2_X1
mult_50_U152                   9.673e-05   0.0001371   0.0002512   1.739e-05  NAND2_X1
mult_46_U156                   0.0001294    8.74e-05   0.0002505   3.372e-05  AOI222_X1
mult_47_U156                   0.0001232    8.92e-05   0.0002475   3.514e-05  AOI222_X1
mult_47_U48                    0.0001134   7.926e-05   0.0002448   5.217e-05  HA_X1
mult_46_U51                    0.0001207   7.101e-05   0.0002434    5.17e-05  HA_X1
mult_46_U49                    0.0001309   4.999e-05   0.0002379   5.704e-05  FA_X1
mult_51_U158                   0.0001204   9.633e-05   0.0002371   2.036e-05  AOI222_X1
reg_1_U8                       0.0001399    6.57e-05   0.0002368    3.12e-05  OAI21_X1
mult_47_U49                    0.0001274   5.097e-05   0.0002362   5.776e-05  FA_X1
mult_46_U138                   2.646e-05   0.0001956   0.0002354   1.334e-05  INV_X1
reg_1_U9                       0.0001013   0.0001151   0.0002338   1.739e-05  NAND2_X1
mult_47_U51                    0.0001132   6.647e-05   0.0002319   5.217e-05  HA_X1
mult_46_U45                    0.0001163   6.301e-05    0.000231    5.17e-05  HA_X1
reg_1_U7                       0.0001086   0.0001049   0.0002309   1.739e-05  NAND2_X1
mult_47_U136                   2.408e-05   0.0001886   0.0002263   1.362e-05  INV_X1
mult_50_U160                   0.0001011   9.229e-05    0.000226    3.26e-05  NOR4_X1
mult_47_U155                   8.564e-05   6.889e-05   0.0002259   7.134e-05  OAI222_X1
mult_47_U45                    0.0001131   6.061e-05   0.0002258   5.217e-05  HA_X1
mult_47_U137                   2.406e-05   0.0001874   0.0002251   1.362e-05  INV_X1
reg_1_U6                        0.000134   5.919e-05   0.0002244    3.12e-05  OAI21_X1
mult_47_U135                   2.409e-05   0.0001848   0.0002225   1.362e-05  INV_X1
mult_51_U148                   7.474e-05   0.0001249   0.0002211    2.15e-05  NOR2_X1
mult_51_U167                   7.072e-05   0.0001331   0.0002189   1.506e-05  NAND2_X1
mult_47_U157                   8.256e-05   6.824e-05   0.0002183   6.755e-05  OAI222_X1
mult_51_U166                   7.078e-05   0.0001321   0.0002179   1.506e-05  NAND2_X1
mult_46_U155                   7.992e-05   6.495e-05   0.0002173   7.247e-05  OAI222_X1
mult_47_U138                    2.41e-05   0.0001793    0.000217   1.362e-05  INV_X1
mult_46_U135                   2.311e-05   0.0001791   0.0002156   1.341e-05  INV_X1
mult_46_U164                   0.0001131   7.278e-05   0.0002154   2.951e-05  XNOR2_X1
mult_46_U157                   7.893e-05   6.593e-05   0.0002141    6.92e-05  OAI222_X1
mult_46_U50                    0.0001158   4.448e-05    0.000212    5.17e-05  HA_X1
mult_51_U147                   7.486e-05   0.0001124   0.0002088    2.15e-05  NOR2_X1
mult_47_U50                    0.0001126   4.397e-05   0.0002088   5.217e-05  HA_X1
mult_51_U149                   7.388e-05   0.0001133   0.0002087    2.15e-05  NOR2_X1
mult_51_U173                   7.205e-05   0.0001188   0.0002059   1.506e-05  NAND2_X1
mult_52_U126                   5.916e-05   0.0001319   0.0002053   1.416e-05  INV_X1
mult_51_U202                   7.205e-05   0.0001177   0.0002048   1.506e-05  NAND2_X1
mult_45_U126                   5.915e-05   0.0001297    0.000203   1.416e-05  INV_X1
mult_47_U140                   2.409e-05   0.0001637   0.0002014   1.362e-05  INV_X1
mult_51_U187                   7.209e-05   0.0001136   0.0002008   1.506e-05  NAND2_X1
mult_51_U182                   5.797e-05   0.0001209   0.0002006    2.17e-05  NOR2_X1
mult_52_U165                   6.031e-05   0.0001108   0.0002003   2.916e-05  NAND2_X1
mult_51_U199                   5.829e-05   0.0001201   0.0002001    2.17e-05  NOR2_X1
mult_51_U185                   5.836e-05   0.0001199   0.0001999    2.17e-05  NOR2_X1
mult_51_U198                   5.821e-05   0.0001197   0.0001996    2.17e-05  NOR2_X1
mult_51_U175                   5.792e-05   0.0001197   0.0001993    2.17e-05  NOR2_X1
mult_51_U127                   5.641e-05   0.0001298   0.0001992   1.302e-05  INV_X1
mult_45_U165                    6.03e-05   0.0001091   0.0001985   2.916e-05  NAND2_X1
mult_51_U150                    7.21e-05   0.0001112   0.0001984   1.506e-05  NAND2_X1
mult_51_U201                   5.809e-05   0.0001174   0.0001972    2.17e-05  NOR2_X1
mult_51_U184                   5.841e-05   0.0001169   0.0001971    2.17e-05  NOR2_X1
mult_51_U163                   6.008e-05   0.0001192   0.0001961   1.683e-05  NAND2_X1
reg_2_U18                      0.0001104   5.262e-05   0.0001959   3.289e-05  OAI21_X1
reg_2_U16                      0.0001104   5.183e-05   0.0001951   3.289e-05  OAI21_X1
mult_47_U139                   2.417e-05   0.0001568   0.0001946   1.362e-05  INV_X1
mult_51_U154                   5.941e-05    0.000118   0.0001943   1.683e-05  NAND2_X1
mult_51_U151                   5.222e-05   0.0001245   0.0001936   1.683e-05  NAND2_X1
mult_51_U186                    5.82e-05   0.0001136   0.0001935    2.17e-05  NOR2_X1
reg_2_U14                      0.0001104   5.005e-05   0.0001933   3.289e-05  OAI21_X1
mult_51_U190                   5.794e-05   0.0001131   0.0001927    2.17e-05  NOR2_X1
reg_2_U12                      0.0001098   4.936e-05    0.000192   3.289e-05  OAI21_X1
mult_51_U171                   5.822e-05    0.000112    0.000192    2.17e-05  NOR2_X1
mult_46_U140                   2.534e-05   0.0001528   0.0001914   1.334e-05  INV_X1
mult_45_U168                   4.581e-05   0.0001282   0.0001906   1.656e-05  NAND2_X1
mult_51_U172                   5.818e-05   0.0001106   0.0001905    2.17e-05  NOR2_X1
mult_50_U132                   5.352e-05    0.000126   0.0001901   1.059e-05  INV_X1
mult_46_U141                   2.804e-05   0.0001485   0.0001898   1.334e-05  INV_X1
mult_51_U193                   5.838e-05   0.0001097   0.0001898    2.17e-05  NOR2_X1
add_2_root_add_0_root_add_48_3_U1  9.542e-05   6.913e-05   0.0001896   2.507e-05  AND2_X1
mult_51_U177                   5.839e-05   0.0001091   0.0001892    2.17e-05  NOR2_X1
mult_51_U169                   5.772e-05   0.0001085   0.0001879    2.17e-05  NOR2_X1
mult_51_U192                   5.844e-05   0.0001075   0.0001876    2.17e-05  NOR2_X1
mult_51_U170                   5.814e-05   0.0001078   0.0001876    2.17e-05  NOR2_X1
mult_51_U200                   5.829e-05    0.000107   0.0001869    2.17e-05  NOR2_X1
mult_51_U153                    6.03e-05   0.0001089    0.000186   1.683e-05  NAND2_X1
reg_2_U8                       0.0001052   4.741e-05   0.0001855   3.289e-05  OAI21_X1
mult_51_U178                   5.836e-05   0.0001039   0.0001839    2.17e-05  NOR2_X1
mult_51_U146                   7.464e-05    8.75e-05   0.0001836    2.15e-05  NOR2_X1
mult_52_U168                   4.594e-05   0.0001176   0.0001801   1.656e-05  NAND2_X1
mult_47_U164                   8.888e-05   6.039e-05   0.0001793   3.002e-05  XNOR2_X1
mult_52_U148                   5.936e-05   9.806e-05   0.0001791   2.165e-05  NOR2_X1
mult_51_U161                     5.9e-05   0.0001031    0.000179   1.683e-05  NAND2_X1
mult_51_U203                   6.469e-05   9.273e-05   0.0001789    2.15e-05  NOR2_X1
mult_51_U124                   5.067e-05   0.0001144   0.0001779   1.289e-05  INV_X1
mult_51_U145                   5.284e-05   0.0001027   0.0001772    2.17e-05  NOR2_X1
mult_46_U130                   1.558e-05   0.0001472   0.0001771   1.435e-05  INV_X1
mult_51_U180                   7.244e-05   8.897e-05   0.0001765   1.506e-05  NAND2_X1
mult_51_U195                   7.245e-05   8.871e-05   0.0001762   1.506e-05  NAND2_X1
mult_46_U131                   1.558e-05   0.0001461    0.000176   1.435e-05  INV_X1
mult_52_U130                   1.564e-05   0.0001449   0.0001749   1.435e-05  INV_X1
mult_45_U129                   1.565e-05   0.0001443   0.0001743   1.435e-05  INV_X1
mult_51_U181                   5.296e-05   9.848e-05   0.0001731    2.17e-05  NOR2_X1
mult_51_U130                   1.565e-05   0.0001431   0.0001731   1.435e-05  INV_X1
mult_50_U138                   1.565e-05   0.0001429   0.0001729   1.435e-05  INV_X1
mult_50_U137                   1.565e-05   0.0001427   0.0001727   1.435e-05  INV_X1
mult_51_U197                   5.285e-05   9.637e-05   0.0001709    2.17e-05  NOR2_X1
mult_47_U129                   1.566e-05   0.0001407   0.0001707   1.435e-05  INV_X1
mult_52_U131                   1.567e-05   0.0001406   0.0001707   1.435e-05  INV_X1
mult_52_U147                   5.939e-05   8.938e-05   0.0001704   2.165e-05  NOR2_X1
mult_51_U159                   6.473e-05   8.416e-05   0.0001704    2.15e-05  NOR2_X1
mult_52_U129                   1.567e-05   0.0001404   0.0001704   1.435e-05  INV_X1
reg_2_U6                       9.608e-05   4.119e-05   0.0001702   3.289e-05  OAI21_X1
mult_47_U131                   1.567e-05   0.0001401   0.0001702   1.435e-05  INV_X1
mult_51_U189                   5.296e-05   9.535e-05     0.00017    2.17e-05  NOR2_X1
mult_52_U149                   5.806e-05   9.028e-05     0.00017   2.165e-05  NOR2_X1
mult_51_U131                   1.567e-05   0.0001399   0.0001699   1.435e-05  INV_X1
mult_51_U128                   4.526e-05    0.000107   0.0001691   1.684e-05  INV_X1
mult_50_U136                   1.568e-05   0.0001388   0.0001688   1.435e-05  INV_X1
mult_45_U148                   5.952e-05   8.759e-05   0.0001688   2.165e-05  NOR2_X1
mult_51_U179                    5.82e-05   8.831e-05   0.0001682    2.17e-05  NOR2_X1
mult_45_U147                   5.941e-05    8.69e-05    0.000168   2.165e-05  NOR2_X1
mult_45_U130                   1.568e-05   0.0001379   0.0001679   1.435e-05  INV_X1
mult_51_U188                   5.147e-05   9.442e-05   0.0001676    2.17e-05  NOR2_X1
mult_51_U176                   5.841e-05   8.681e-05   0.0001669    2.17e-05  NOR2_X1
mult_45_U167                   5.308e-05   9.949e-05   0.0001665   1.389e-05  NAND2_X1
mult_52_U167                    5.31e-05   9.938e-05   0.0001664   1.389e-05  NAND2_X1
mult_52_U202                    5.98e-05   9.258e-05   0.0001663   1.389e-05  NAND2_X1
mult_46_U129                   1.563e-05   0.0001362   0.0001662   1.435e-05  INV_X1
mult_51_U194                   5.826e-05   8.601e-05    0.000166    2.17e-05  NOR2_X1
mult_51_U191                   5.846e-05   8.574e-05   0.0001659    2.17e-05  NOR2_X1
mult_45_U202                   5.981e-05   9.192e-05   0.0001656   1.389e-05  NAND2_X1
reg_2_U4                       9.316e-05   3.952e-05   0.0001656   3.289e-05  OAI21_X1
mult_51_U196                   5.136e-05   9.233e-05   0.0001654    2.17e-05  NOR2_X1
mult_45_U131                   1.569e-05   0.0001351   0.0001651   1.435e-05  INV_X1
mult_51_U129                    1.57e-05   0.0001338   0.0001639   1.435e-05  INV_X1
mult_51_U174                   5.295e-05   8.898e-05   0.0001636    2.17e-05  NOR2_X1
mult_51_U183                    5.85e-05   8.297e-05   0.0001632    2.17e-05  NOR2_X1
mult_47_U130                   1.566e-05    0.000133    0.000163   1.435e-05  INV_X1
mult_52_U173                   5.991e-05     8.9e-05   0.0001628   1.389e-05  NAND2_X1
mult_45_U173                   5.993e-05   8.758e-05   0.0001614   1.389e-05  NAND2_X1
mult_45_U149                   5.818e-05   8.116e-05    0.000161   2.165e-05  NOR2_X1
mult_51_U162                   5.873e-05   8.476e-05   0.0001603   1.683e-05  NAND2_X1
mult_45_U199                    4.81e-05   8.962e-05   0.0001597   2.196e-05  NOR2_X1
mult_47_U132                   1.566e-05   0.0001287   0.0001587   1.435e-05  INV_X1
mult_52_U150                   6.004e-05    8.47e-05   0.0001586   1.389e-05  NAND2_X1
mult_52_U166                   5.188e-05   9.274e-05   0.0001585   1.389e-05  NAND2_X1
mult_52_U187                   6.009e-05   8.434e-05   0.0001583   1.389e-05  NAND2_X1
mult_47_U141                   2.428e-05   0.0001203   0.0001582   1.362e-05  INV_X1
mult_45_U166                   5.188e-05   9.172e-05   0.0001575   1.389e-05  NAND2_X1
mult_51_U144                    7.26e-05   6.977e-05   0.0001574   1.506e-05  NAND2_X1
mult_45_U192                   4.826e-05   8.646e-05   0.0001567   2.196e-05  NOR2_X1
mult_45_U187                   6.016e-05   8.196e-05    0.000156   1.389e-05  NAND2_X1
mult_45_U186                   4.636e-05    8.74e-05   0.0001557   2.196e-05  NOR2_X1
mult_52_U199                   4.821e-05   8.516e-05   0.0001553   2.196e-05  NOR2_X1
mult_52_U158                   7.809e-05   5.799e-05   0.0001553   1.924e-05  AOI222_X1
mult_46_U132                   1.563e-05   0.0001245   0.0001545   1.435e-05  INV_X1
mult_45_U171                   4.814e-05   8.421e-05   0.0001543   2.196e-05  NOR2_X1
mult_52_U201                   4.631e-05   8.583e-05   0.0001541   2.196e-05  NOR2_X1
mult_51_U132                   1.575e-05   0.0001239   0.0001541   1.435e-05  INV_X1
mult_52_U163                    4.64e-05   9.103e-05    0.000154   1.656e-05  NAND2_X1
mult_45_U150                   6.017e-05   7.982e-05   0.0001539   1.389e-05  NAND2_X1
mult_52_U193                   4.833e-05   8.353e-05   0.0001538   2.196e-05  NOR2_X1
mult_45_U178                   4.835e-05   8.349e-05   0.0001538   2.196e-05  NOR2_X1
mult_52_U182                   4.345e-05   8.764e-05    0.000153   2.196e-05  NOR2_X1
mult_47_U133                   1.569e-05   0.0001229    0.000153   1.435e-05  INV_X1
mult_45_U184                   4.836e-05   8.265e-05    0.000153   2.196e-05  NOR2_X1
mult_45_U163                   4.637e-05   8.963e-05   0.0001526   1.656e-05  NAND2_X1
mult_52_U186                   4.645e-05   8.413e-05   0.0001525   2.196e-05  NOR2_X1
mult_52_U190                   4.345e-05   8.653e-05   0.0001519   2.196e-05  NOR2_X1
mult_45_U172                   4.818e-05   8.162e-05   0.0001518   2.196e-05  NOR2_X1
mult_45_U177                   4.843e-05   8.093e-05   0.0001513   2.196e-05  NOR2_X1
mult_50_U139                   1.572e-05   0.0001211   0.0001512   1.435e-05  INV_X1
mult_45_U200                   4.827e-05   8.091e-05   0.0001511   2.196e-05  NOR2_X1
mult_52_U192                   4.842e-05   8.074e-05   0.0001511   2.196e-05  NOR2_X1
mult_52_U177                   4.842e-05    8.07e-05   0.0001511   2.196e-05  NOR2_X1
mult_45_U175                   4.347e-05   8.539e-05   0.0001508   2.196e-05  NOR2_X1
mult_51_U133                   1.577e-05   0.0001206   0.0001507   1.435e-05  INV_X1
mult_52_U172                    4.82e-05   8.042e-05   0.0001506   2.196e-05  NOR2_X1
mult_52_U178                   4.841e-05   8.013e-05   0.0001505   2.196e-05  NOR2_X1
mult_45_U182                   4.345e-05   8.505e-05   0.0001505   2.196e-05  NOR2_X1
mult_45_U185                    4.84e-05   8.003e-05   0.0001504   2.196e-05  NOR2_X1
mult_45_U133                   1.569e-05   0.0001203   0.0001503   1.435e-05  INV_X1
mult_52_U175                   4.347e-05   8.455e-05     0.00015   2.196e-05  NOR2_X1
mult_52_U200                   4.832e-05   7.959e-05   0.0001499   2.196e-05  NOR2_X1
mult_45_U158                     7.8e-05   5.254e-05   0.0001498   1.924e-05  AOI222_X1
mult_52_U132                   1.572e-05   0.0001196   0.0001497   1.435e-05  INV_X1
mult_46_U133                   1.566e-05   0.0001197   0.0001497   1.435e-05  INV_X1
mult_45_U201                   4.637e-05   8.121e-05   0.0001495   2.196e-05  NOR2_X1
mult_52_U185                   4.846e-05   7.901e-05   0.0001494   2.196e-05  NOR2_X1
mult_52_U161                   4.504e-05   8.781e-05   0.0001494   1.656e-05  NAND2_X1
mult_45_U193                   4.842e-05   7.898e-05   0.0001493   2.196e-05  NOR2_X1
mult_52_U133                   1.571e-05    0.000119   0.0001491   1.435e-05  INV_X1
mult_52_U171                   4.826e-05   7.858e-05   0.0001488   2.196e-05  NOR2_X1
mult_52_U184                    4.85e-05   7.822e-05   0.0001487   2.196e-05  NOR2_X1
mult_52_U153                   4.623e-05   8.531e-05   0.0001481   1.656e-05  NAND2_X1
mult_51_U152                   5.291e-05   7.815e-05   0.0001479   1.683e-05  NAND2_X1
mult_45_U190                   4.348e-05    8.21e-05   0.0001475   2.196e-05  NOR2_X1
mult_45_U134                    1.57e-05   0.0001174   0.0001475   1.435e-05  INV_X1
mult_45_U127                   4.066e-05     9.3e-05   0.0001465   1.283e-05  INV_X1
reg_2_U10                      7.971e-05   3.306e-05   0.0001455   3.278e-05  OAI21_X1
mult_52_U169                   4.332e-05   7.993e-05   0.0001452   2.196e-05  NOR2_X1
mult_50_U140                   1.574e-05   0.0001139    0.000144   1.435e-05  INV_X1
mult_52_U127                   4.069e-05   9.011e-05   0.0001436   1.283e-05  INV_X1
mult_46_U165                   4.117e-05   7.345e-05   0.0001436   2.897e-05  NAND2_X1
mult_45_U169                   4.335e-05   7.811e-05   0.0001434   2.196e-05  NOR2_X1
mult_52_U145                   4.261e-05   7.794e-05   0.0001425   2.196e-05  NOR2_X1
mult_45_U195                    6.06e-05   6.741e-05   0.0001419   1.389e-05  NAND2_X1
mult_45_U145                   4.264e-05   7.647e-05   0.0001411   2.196e-05  NOR2_X1
mult_52_U180                   6.065e-05     6.6e-05   0.0001405   1.389e-05  NAND2_X1
mult_45_U180                   6.066e-05   6.542e-05     0.00014   1.389e-05  NAND2_X1
mult_45_U161                   4.495e-05   7.819e-05   0.0001397   1.656e-05  NAND2_X1
reg_2_U11                        6.3e-05   5.977e-05   0.0001396   1.683e-05  NAND2_X1
mult_52_U195                   6.069e-05   6.472e-05   0.0001393   1.389e-05  NAND2_X1
mult_52_U151                   4.002e-05   8.252e-05   0.0001391   1.656e-05  NAND2_X1
mult_45_U203                   4.997e-05   6.737e-05    0.000139   2.165e-05  NOR2_X1
mult_52_U203                   4.997e-05   6.703e-05   0.0001387   2.165e-05  NOR2_X1
mult_45_U153                   4.634e-05   7.541e-05   0.0001383   1.656e-05  NAND2_X1
reg_2_U9                        6.03e-05   5.996e-05   0.0001371   1.683e-05  NAND2_X1
mult_45_U159                   5.004e-05   6.515e-05   0.0001368   2.165e-05  NOR2_X1
mult_52_U194                   4.678e-05   6.799e-05   0.0001367   2.196e-05  NOR2_X1
mult_45_U194                   4.676e-05   6.794e-05   0.0001366   2.196e-05  NOR2_X1
reg_2_U19                      6.397e-05    5.57e-05   0.0001365   1.683e-05  NAND2_X1
reg_3_U18                      7.091e-05   3.189e-05   0.0001363   3.355e-05  OAI21_X1
mult_46_U126                   3.745e-05   8.415e-05   0.0001358   1.418e-05  INV_X1
mult_52_U159                   5.007e-05   6.397e-05   0.0001357   2.165e-05  NOR2_X1
mult_52_U124                   3.781e-05   8.509e-05   0.0001356   1.267e-05  INV_X1
mult_45_U181                   4.285e-05   7.076e-05   0.0001356   2.196e-05  NOR2_X1
reg_3_U16                      7.091e-05   3.088e-05   0.0001353   3.355e-05  OAI21_X1
mult_45_U124                   3.778e-05   8.487e-05   0.0001353   1.267e-05  INV_X1
mult_45_U189                   4.285e-05   7.043e-05   0.0001352   2.196e-05  NOR2_X1
mult_52_U197                   4.277e-05   6.997e-05   0.0001347   2.196e-05  NOR2_X1
mult_52_U181                   4.291e-05   6.958e-05   0.0001344   2.196e-05  NOR2_X1
mult_45_U197                   4.277e-05   6.967e-05   0.0001344   2.196e-05  NOR2_X1
mult_52_U189                    4.29e-05     6.9e-05   0.0001339   2.196e-05  NOR2_X1
mult_47_U126                   3.616e-05   8.322e-05   0.0001336   1.423e-05  INV_X1
mult_45_U174                   4.292e-05   6.864e-05   0.0001335   2.196e-05  NOR2_X1
mult_52_U179                    4.69e-05   6.419e-05    0.000133   2.196e-05  NOR2_X1
mult_45_U179                   4.692e-05   6.417e-05    0.000133   2.196e-05  NOR2_X1
mult_45_U151                   3.997e-05   7.615e-05   0.0001327   1.656e-05  NAND2_X1
reg_3_U14                      7.034e-05   2.861e-05   0.0001325   3.355e-05  OAI21_X1
reg_2_U17                      5.989e-05   5.576e-05   0.0001325   1.683e-05  NAND2_X1
mult_51_U134                   1.587e-05   0.0001015   0.0001317   1.435e-05  INV_X1
mult_52_U174                   4.295e-05   6.638e-05   0.0001313   2.196e-05  NOR2_X1
reg_2_U13                      5.838e-05   5.496e-05   0.0001302   1.683e-05  NAND2_X1
mult_45_U188                   4.042e-05   6.766e-05     0.00013   2.196e-05  NOR2_X1
mult_45_U144                   6.071e-05    5.48e-05   0.0001294   1.389e-05  NAND2_X1
reg_2_U7                       5.247e-05   5.956e-05   0.0001289   1.683e-05  NAND2_X1
mult_45_U136                   1.577e-05   9.867e-05   0.0001288   1.435e-05  INV_X1
mult_52_U154                   3.464e-05   7.741e-05   0.0001287   1.668e-05  NAND2_X1
mult_52_U162                   4.516e-05   6.664e-05   0.0001284   1.656e-05  NAND2_X1
mult_45_U128                    3.34e-05   7.743e-05   0.0001279   1.703e-05  INV_X1
mult_52_U144                   6.084e-05   5.287e-05   0.0001276   1.389e-05  NAND2_X1
mult_52_U188                   4.049e-05   6.515e-05   0.0001276   2.196e-05  NOR2_X1
reg_3_U12                      6.567e-05   2.835e-05   0.0001276   3.355e-05  OAI21_X1
mult_45_U162                   4.511e-05   6.574e-05   0.0001274   1.656e-05  NAND2_X1
mult_52_U196                   4.038e-05   6.498e-05   0.0001273   2.196e-05  NOR2_X1
mult_45_U196                   4.037e-05   6.483e-05   0.0001272   2.196e-05  NOR2_X1
mult_52_U128                    3.32e-05   7.676e-05    0.000127   1.703e-05  INV_X1
mult_52_U134                   1.582e-05   9.677e-05   0.0001269   1.435e-05  INV_X1
reg_2_U15                      5.819e-05   5.102e-05    0.000126   1.683e-05  NAND2_X1
mult_50_U141                    1.58e-05    9.53e-05   0.0001255   1.435e-05  INV_X1
mult_52_U198                   3.673e-05   6.639e-05    0.000125   2.185e-05  NOR2_X1
mult_47_U165                   3.307e-05   6.338e-05   0.0001247   2.829e-05  NAND2_X1
mult_47_U134                   1.581e-05   9.437e-05   0.0001245   1.435e-05  INV_X1
mult_46_U134                   1.575e-05   9.396e-05   0.0001241   1.435e-05  INV_X1
mult_45_U170                   3.668e-05   6.446e-05    0.000123   2.185e-05  NOR2_X1
mult_45_U198                   3.678e-05   6.413e-05   0.0001228   2.185e-05  NOR2_X1
mult_52_U170                    3.67e-05   6.296e-05   0.0001215   2.185e-05  NOR2_X1
mult_52_U152                   4.079e-05   6.385e-05   0.0001212   1.656e-05  NAND2_X1
mult_51_U160                    4.57e-05   4.009e-05     0.00012   3.421e-05  NOR4_X1
reg_2_U5                       5.996e-05    4.47e-05   0.0001197   1.506e-05  NAND2_X1
mult_46_U168                   2.765e-05   7.389e-05   0.0001182   1.662e-05  NAND2_X1
mult_46_U167                   3.559e-05   6.807e-05   0.0001178   1.414e-05  NAND2_X1
mult_45_U146                   4.368e-05   5.238e-05   0.0001177   2.159e-05  NOR2_X1
mult_46_U148                   3.718e-05   5.804e-05   0.0001168   2.162e-05  NOR2_X1
reg_3_U8                       5.784e-05   2.529e-05   0.0001167   3.355e-05  OAI21_X1
reg_3_U19                      6.081e-05   3.887e-05   0.0001162   1.656e-05  NAND2_X1
mult_45_U152                   4.076e-05   5.856e-05   0.0001159   1.656e-05  NAND2_X1
mult_45_U154                   3.451e-05   6.434e-05   0.0001155   1.668e-05  NAND2_X1
mult_46_U172                   3.114e-05   6.176e-05   0.0001148    2.19e-05  NOR2_X1
mult_46_U186                   3.141e-05   6.022e-05   0.0001135    2.19e-05  NOR2_X1
mult_46_U147                   3.499e-05   5.671e-05   0.0001133   2.162e-05  NOR2_X1
mult_52_U146                   4.381e-05   4.773e-05   0.0001131   2.159e-05  NOR2_X1
mult_47_U168                    2.62e-05   6.981e-05   0.0001128   1.683e-05  NAND2_X1
mult_46_U149                   3.697e-05   5.422e-05   0.0001128   2.162e-05  NOR2_X1
reg_3_U6                       5.496e-05    2.41e-05   0.0001126   3.355e-05  OAI21_X1
mult_46_U178                   3.134e-05    5.92e-05   0.0001124    2.19e-05  NOR2_X1
mult_46_U202                   3.588e-05    6.17e-05   0.0001117   1.414e-05  NAND2_X1
mult_46_U163                   3.144e-05   6.297e-05    0.000111   1.662e-05  NAND2_X1
mult_46_U201                   3.133e-05   5.777e-05    0.000111    2.19e-05  NOR2_X1
reg_3_U15                       4.87e-05   4.568e-05   0.0001109   1.656e-05  NAND2_X1
mult_46_U173                   3.587e-05    6.09e-05   0.0001109   1.414e-05  NAND2_X1
mult_46_U199                   2.973e-05   5.917e-05   0.0001108    2.19e-05  NOR2_X1
mult_47_U158                   5.343e-05   3.691e-05   0.0001107   2.036e-05  AOI222_X1
reg_3_U4                       5.327e-05   2.369e-05   0.0001105   3.355e-05  OAI21_X1
mult_52_U191                   3.723e-05   5.102e-05   0.0001101   2.185e-05  NOR2_X1
mult_46_U192                   2.986e-05   5.787e-05   0.0001096    2.19e-05  NOR2_X1
mult_46_U200                   3.128e-05   5.598e-05   0.0001092    2.19e-05  NOR2_X1
reg_3_U13                      4.848e-05   4.411e-05   0.0001091   1.656e-05  NAND2_X1
mult_52_U176                   3.727e-05   4.986e-05    0.000109   2.185e-05  NOR2_X1
mult_52_U183                   3.732e-05   4.927e-05   0.0001084   2.185e-05  NOR2_X1
mult_45_U183                   3.729e-05    4.89e-05    0.000108   2.185e-05  NOR2_X1
mult_46_U185                   3.137e-05   5.446e-05   0.0001077    2.19e-05  NOR2_X1
reg_3_U17                      5.065e-05   3.998e-05   0.0001072   1.656e-05  NAND2_X1
mult_46_U193                   3.142e-05   5.372e-05    0.000107    2.19e-05  NOR2_X1
mult_46_U187                   3.592e-05    5.68e-05   0.0001069   1.414e-05  NAND2_X1
reg_3_U9                        5.09e-05   3.911e-05   0.0001066   1.656e-05  NAND2_X1
mult_45_U191                   3.734e-05   4.711e-05   0.0001063   2.185e-05  NOR2_X1
mult_45_U176                    3.74e-05   4.668e-05   0.0001059   2.185e-05  NOR2_X1
mult_46_U145                   2.634e-05   5.734e-05   0.0001056    2.19e-05  NOR2_X1
mult_46_U150                   3.589e-05   5.526e-05   0.0001053   1.414e-05  NAND2_X1
reg_3_U5                       5.032e-05   4.046e-05   0.0001047   1.389e-05  NAND2_X1
mult_46_U184                   2.984e-05   5.249e-05   0.0001042    2.19e-05  NOR2_X1
mult_46_U171                   2.963e-05   5.267e-05   0.0001042    2.19e-05  NOR2_X1
mult_46_U177                   2.983e-05     5.2e-05   0.0001037    2.19e-05  NOR2_X1
reg_x_U10                      4.934e-05   2.312e-05   0.0001037    3.12e-05  OAI21_X1
mult_47_U173                   2.794e-05   6.029e-05   0.0001033   1.506e-05  NAND2_X1
mult_46_U158                   5.008e-05   3.362e-05   0.0001032   1.949e-05  AOI222_X1
reg_x_U6                       4.933e-05   2.206e-05   0.0001026    3.12e-05  OAI21_X1
reg_3_U10                      4.833e-05   2.087e-05   0.0001024   3.318e-05  OAI21_X1
reg_x_U8                       4.938e-05   2.167e-05   0.0001023    3.12e-05  OAI21_X1
mult_46_U190                   2.722e-05   5.291e-05    0.000102    2.19e-05  NOR2_X1
reg_x_U4                       4.974e-05   2.105e-05    0.000102    3.12e-05  OAI21_X1
reg_3_U7                       4.441e-05   4.098e-05   0.0001019   1.656e-05  NAND2_X1
reg_x_U16                      4.931e-05   2.112e-05   0.0001016    3.12e-05  OAI21_X1
reg_x_U18                      4.931e-05   2.068e-05   0.0001012    3.12e-05  OAI21_X1
mult_46_U175                   2.717e-05   5.206e-05   0.0001011    2.19e-05  NOR2_X1
reg_x_U12                      4.932e-05   2.043e-05    0.000101    3.12e-05  OAI21_X1
reg_x_U14                      4.932e-05   1.915e-05   9.967e-05    3.12e-05  OAI21_X1
mult_47_U145                   2.585e-05   5.204e-05   9.959e-05    2.17e-05  NOR2_X1
mult_47_U148                   2.875e-05   4.892e-05   9.917e-05    2.15e-05  NOR2_X1
mult_46_U194                   3.149e-05   4.541e-05    9.88e-05    2.19e-05  NOR2_X1
mult_46_U182                   2.718e-05    4.96e-05   9.868e-05    2.19e-05  NOR2_X1
mult_46_U179                   3.143e-05   4.525e-05   9.858e-05    2.19e-05  NOR2_X1
mult_47_U182                   2.577e-05   5.096e-05   9.844e-05    2.17e-05  NOR2_X1
mult_46_U166                    3.01e-05   5.388e-05   9.812e-05   1.414e-05  NAND2_X1
mult_47_U190                   2.581e-05   4.987e-05   9.738e-05    2.17e-05  NOR2_X1
mult_46_U161                   2.956e-05   5.119e-05   9.736e-05   1.662e-05  NAND2_X1
mult_47_U147                   2.875e-05   4.688e-05   9.713e-05    2.15e-05  NOR2_X1
mult_47_U167                   2.775e-05    5.42e-05   9.701e-05   1.506e-05  NAND2_X1
mult_46_U169                   2.696e-05   4.709e-05   9.596e-05    2.19e-05  NOR2_X1
mult_47_U170                    2.57e-05   4.846e-05   9.587e-05    2.17e-05  NOR2_X1
mult_46_U180                     3.6e-05   4.526e-05    9.54e-05   1.414e-05  NAND2_X1
mult_47_U149                   2.852e-05   4.533e-05   9.535e-05    2.15e-05  NOR2_X1
mult_47_U184                    2.59e-05   4.766e-05   9.527e-05    2.17e-05  NOR2_X1
mult_46_U181                   2.642e-05   4.692e-05   9.525e-05    2.19e-05  NOR2_X1
mult_47_U177                   2.594e-05   4.741e-05   9.505e-05    2.17e-05  NOR2_X1
mult_47_U175                    2.58e-05   4.735e-05   9.486e-05    2.17e-05  NOR2_X1
mult_47_U198                   2.585e-05   4.692e-05   9.448e-05    2.17e-05  NOR2_X1
mult_46_U197                   2.634e-05   4.601e-05   9.426e-05    2.19e-05  NOR2_X1
mult_47_U199                   2.586e-05   4.664e-05    9.42e-05    2.17e-05  NOR2_X1
mult_46_U195                   3.601e-05   4.405e-05    9.42e-05   1.414e-05  NAND2_X1
mult_47_U185                    2.59e-05   4.649e-05   9.409e-05    2.17e-05  NOR2_X1
mult_47_U192                   2.595e-05   4.635e-05     9.4e-05    2.17e-05  NOR2_X1
mult_47_U163                   2.566e-05   5.136e-05   9.386e-05   1.683e-05  NAND2_X1
mult_46_U189                   2.647e-05   4.535e-05   9.372e-05    2.19e-05  NOR2_X1
mult_45_U160                   3.087e-05   2.778e-05   9.372e-05   3.508e-05  NOR4_X1
mult_52_U160                   3.086e-05   2.773e-05   9.368e-05   3.508e-05  NOR4_X1
mult_47_U186                   2.584e-05   4.568e-05   9.322e-05    2.17e-05  NOR2_X1
mult_46_U127                   2.487e-05   5.531e-05   9.305e-05   1.286e-05  INV_X1
mult_46_U188                    2.57e-05   4.533e-05   9.292e-05    2.19e-05  NOR2_X1
mult_47_U189                   2.593e-05   4.519e-05   9.282e-05    2.17e-05  NOR2_X1
mult_47_U203                   2.861e-05   4.233e-05   9.244e-05    2.15e-05  NOR2_X1
mult_47_U166                    2.78e-05    4.95e-05   9.236e-05   1.506e-05  NAND2_X1
mult_46_U124                   2.386e-05   5.563e-05   9.221e-05   1.272e-05  INV_X1
mult_46_U159                   2.887e-05   4.172e-05   9.221e-05   2.162e-05  NOR2_X1
mult_47_U151                   2.566e-05   4.967e-05   9.216e-05   1.683e-05  NAND2_X1
mult_47_U178                   2.595e-05   4.448e-05   9.213e-05    2.17e-05  NOR2_X1
mult_47_U172                    2.57e-05    4.47e-05   9.211e-05    2.17e-05  NOR2_X1
mult_47_U171                   2.571e-05   4.456e-05   9.197e-05    2.17e-05  NOR2_X1
mult_47_U187                   2.795e-05    4.85e-05    9.15e-05   1.506e-05  NAND2_X1
mult_46_U162                   3.093e-05   4.367e-05   9.122e-05   1.662e-05  NAND2_X1
mult_47_U169                   2.556e-05   4.389e-05   9.115e-05    2.17e-05  NOR2_X1
mult_47_U150                   2.794e-05   4.814e-05   9.113e-05   1.506e-05  NAND2_X1
mult_47_U181                   2.589e-05   4.341e-05   9.101e-05    2.17e-05  NOR2_X1
mult_47_U202                   2.794e-05   4.801e-05     9.1e-05   1.506e-05  NAND2_X1
mult_47_U201                   2.579e-05   4.333e-05   9.083e-05    2.17e-05  NOR2_X1
mult_46_U198                   2.459e-05   4.431e-05   9.075e-05   2.185e-05  NOR2_X1
mult_46_U144                   3.577e-05   4.084e-05   9.075e-05   1.414e-05  NAND2_X1
mult_47_U197                   2.584e-05   4.312e-05   9.067e-05    2.17e-05  NOR2_X1
mult_47_U127                   2.313e-05   5.435e-05    9.05e-05   1.302e-05  INV_X1
mult_46_U203                   2.881e-05   3.996e-05   9.039e-05   2.162e-05  NOR2_X1
mult_47_U193                   2.596e-05   4.268e-05   9.034e-05    2.17e-05  NOR2_X1
mult_46_U174                   2.643e-05   4.193e-05   9.026e-05    2.19e-05  NOR2_X1
mult_46_U196                   2.556e-05   4.277e-05   9.023e-05    2.19e-05  NOR2_X1
mult_47_U200                   2.586e-05   4.252e-05   9.008e-05    2.17e-05  NOR2_X1
reg_3_U11                      3.817e-05    3.52e-05   9.005e-05   1.668e-05  NAND2_X1
mult_46_U153                   2.727e-05   4.593e-05   8.982e-05   1.662e-05  NAND2_X1
mult_47_U174                   2.593e-05   4.214e-05   8.978e-05    2.17e-05  NOR2_X1
mult_46_U151                   2.546e-05   4.757e-05   8.965e-05   1.662e-05  NAND2_X1
mult_47_U159                   2.862e-05   3.913e-05   8.925e-05    2.15e-05  NOR2_X1
mult_47_U154                   2.561e-05   4.672e-05   8.916e-05   1.683e-05  NAND2_X1
mult_47_U124                   2.305e-05   5.316e-05    8.91e-05   1.289e-05  INV_X1
mult_46_U170                   2.446e-05   4.209e-05    8.84e-05   2.185e-05  NOR2_X1
mult_47_U188                   2.591e-05   3.934e-05   8.695e-05    2.17e-05  NOR2_X1
mult_47_U196                   2.581e-05   3.919e-05   8.671e-05    2.17e-05  NOR2_X1
mult_47_U153                   2.588e-05    4.37e-05   8.642e-05   1.683e-05  NAND2_X1
mult_47_U179                   2.589e-05   3.875e-05   8.634e-05    2.17e-05  NOR2_X1
mult_47_U161                   2.557e-05   4.393e-05   8.633e-05   1.683e-05  NAND2_X1
mult_47_U146                   2.878e-05   3.563e-05   8.591e-05    2.15e-05  NOR2_X1
mult_46_U154                   2.434e-05   4.347e-05   8.448e-05   1.668e-05  NAND2_X1
mult_47_U183                   2.595e-05   3.626e-05   8.391e-05    2.17e-05  NOR2_X1
mult_46_U128                   1.988e-05   4.668e-05   8.355e-05   1.699e-05  INV_X1
mult_47_U176                     2.6e-05   3.555e-05   8.324e-05    2.17e-05  NOR2_X1
mult_47_U194                   2.592e-05   3.519e-05   8.281e-05    2.17e-05  NOR2_X1
mult_46_U146                   2.749e-05   3.294e-05   8.202e-05   2.159e-05  NOR2_X1
mult_47_U191                   2.601e-05   3.403e-05   8.175e-05    2.17e-05  NOR2_X1
mult_46_U176                   2.471e-05   3.483e-05   8.139e-05   2.185e-05  NOR2_X1
mult_46_U191                   2.478e-05   3.456e-05   8.118e-05   2.185e-05  NOR2_X1
mult_47_U180                     2.8e-05   3.722e-05   8.028e-05   1.506e-05  NAND2_X1
mult_46_U152                   2.599e-05   3.696e-05   7.957e-05   1.662e-05  NAND2_X1
mult_46_U183                   2.475e-05   3.257e-05   7.917e-05   2.185e-05  NOR2_X1
mult_47_U195                   2.801e-05     3.6e-05   7.906e-05   1.506e-05  NAND2_X1
mult_47_U152                   2.543e-05   3.652e-05   7.879e-05   1.683e-05  NAND2_X1
mult_47_U128                   1.853e-05   4.338e-05   7.876e-05   1.684e-05  INV_X1
mult_47_U162                   2.542e-05   3.553e-05   7.779e-05   1.683e-05  NAND2_X1
mult_51_U125                   1.969e-05   4.503e-05   7.511e-05   1.039e-05  INV_X1
mult_47_U144                   2.768e-05   3.103e-05   7.377e-05   1.506e-05  NAND2_X1
mult_47_U160                   1.963e-05   1.777e-05   7.161e-05   3.421e-05  NOR4_X1
mult_46_U160                   1.862e-05   1.657e-05   7.008e-05   3.489e-05  NOR4_X1
reg_x_U5                       2.905e-05   1.875e-05   6.519e-05   1.739e-05  NAND2_X1
reg_x_U9                        2.73e-05   2.015e-05   6.484e-05   1.739e-05  NAND2_X1
ff_1_U3                        2.467e-05   1.852e-05   6.383e-05   2.065e-05  NAND2_X1
reg_x_U15                      2.734e-05   1.887e-05    6.36e-05   1.739e-05  NAND2_X1
reg_x_U13                      2.735e-05   1.826e-05     6.3e-05   1.739e-05  NAND2_X1
reg_x_U11                      2.733e-05   1.794e-05   6.267e-05   1.739e-05  NAND2_X1
reg_x_U19                      2.716e-05   1.802e-05   6.257e-05   1.739e-05  NAND2_X1
reg_x_U7                        2.73e-05   1.781e-05    6.25e-05   1.739e-05  NAND2_X1
reg_x_U17                      2.716e-05    1.77e-05   6.225e-05   1.739e-05  NAND2_X1
mult_45_U125                   1.148e-05   2.644e-05   4.823e-05   1.032e-05  INV_X1
mult_52_U125                   1.147e-05   2.581e-05   4.761e-05   1.032e-05  INV_X1
FE_RC_0_0                      1.499e-05   1.503e-05   4.437e-05   1.435e-05  INV_X1
mult_47_U125                   8.637e-06   1.949e-05   3.852e-05   1.039e-05  INV_X1
mult_46_U125                   7.609e-06   1.681e-05   3.475e-05   1.033e-05  INV_X1

---------------------------------------------------------------------------------------

Total (    888 of    888  )       0.2576      0.1992     0.4917     0.03494
Total Capacitance                5.147e-12 F
Power Density                   *** No Die Area ***
